#
# A fatal error has been detected by the Java Runtime Environment:
#
#  EXCEPTION_ACCESS_VIOLATION (0xc0000005) at pc=0x0000000065bef190, pid=28256, tid=14324
#
# JRE version: OpenJDK Runtime Environment (11.0.13) (build 11.0.13+0-b1751.21-8125866)
# Java VM: OpenJDK 64-Bit Server VM (11.0.13+0-b1751.21-8125866, mixed mode, tiered, compressed oops, g1 gc, windows-amd64)
# Problematic frame:
# C  [gdx-box2d64.dll+0x1f190]
#
# No core dump will be written. Minidumps are not enabled by default on client versions of Windows
#
# If you would like to submit a bug report, please visit:
#   https://bugreport.java.com/bugreport/crash.jsp
# The crash happened outside the Java Virtual Machine in native code.
# See problematic frame for where to report the bug.
#

---------------  S U M M A R Y ------------

Command Line: -Dfile.encoding=windows-1250 -Duser.country=PL -Duser.language=pl -Duser.variant com.mygdx.game.DesktopLauncher

Host: 11th Gen Intel(R) Core(TM) i5-11400 @ 2.60GHz, 12 cores, 15G,  Windows 10 , 64 bit Build 19041 (10.0.19041.2364)
Time: Mon Jan  2 16:13:18 2023 Œrodkowoeuropejski czas stand. elapsed time: 2.584022 seconds (0d 0h 0m 2s)

---------------  T H R E A D  ---------------

Current thread (0x000002dec7ad4800):  JavaThread "main" [_thread_in_native, id=14324, stack(0x000000f734800000,0x000000f734900000)]

Stack: [0x000000f734800000,0x000000f734900000],  sp=0x000000f7348fec20,  free space=1019k
Native frames: (J=compiled Java code, j=interpreted, Vv=VM code, C=native code)
C  [gdx-box2d64.dll+0x1f190]

Java frames: (J=compiled Java code, j=interpreted, Vv=VM code)
j  com.badlogic.gdx.physics.box2d.World.jniStep(JFII)V+0
j  com.badlogic.gdx.physics.box2d.World.step(FII)V+8
j  com.mygdx.game.lv1.cos.Mario.Screens.PlayScreen.update(F)V+18
j  com.mygdx.game.lv1.cos.Mario.Screens.PlayScreen.render(F)V+2
j  com.badlogic.gdx.Game.render()V+19
j  com.mygdx.game.Mario.render()V+1
j  com.badlogic.gdx.backends.lwjgl3.Lwjgl3Window.update()Z+187
j  com.badlogic.gdx.backends.lwjgl3.Lwjgl3Application.loop()V+111
j  com.badlogic.gdx.backends.lwjgl3.Lwjgl3Application.<init>(Lcom/badlogic/gdx/ApplicationListener;Lcom/badlogic/gdx/backends/lwjgl3/Lwjgl3ApplicationConfiguration;)V+269
j  com.mygdx.game.DesktopLauncher.main([Ljava/lang/String;)V+47
v  ~StubRoutines::call_stub

siginfo: EXCEPTION_ACCESS_VIOLATION (0xc0000005), reading address 0x000002dee952b1b8


Register to memory mapping:

RIP=0x0000000065bef190 gdx-box2d64.dll
RAX=0x0000000000000001 is an unknown value
RBX=0x000002dee952b1b0 is an unknown value
RCX=0x000002dee94e2700 points into unknown readable memory: 0x0000000000000034 | 34 00 00 00 00 00 00 00
RDX=0x000003aea6e8add3 is an unknown value
RSP=0x000000f7348fec20 is pointing into the stack for thread: 0x000002dec7ad4800
RBP=0x000002dee94e2700 points into unknown readable memory: 0x0000000000000034 | 34 00 00 00 00 00 00 00
RSI=0x000000f7348fecc8 is pointing into the stack for thread: 0x000002dec7ad4800
RDI=0x000002dee94e2700 points into unknown readable memory: 0x0000000000000034 | 34 00 00 00 00 00 00 00
R8 =0x0000000000000083 is an unknown value
R9 =0x000000007ffea000 points into unknown readable memory: 0x00000000546c6148 | 48 61 6c 54 00 00 00 00
R10=0x00000000546c6148 is an unknown value
R11=0x00000213d5a7967e is an unknown value
R12=0x0000000000000006 is an unknown value
R13={method} {0x000002deef601248} 'jniStep' '(JFII)V' in 'com/badlogic/gdx/physics/box2d/World'
R14=0x000000f7348feea0 is pointing into the stack for thread: 0x000002dec7ad4800
R15=0x000002dec7ad4800 is a thread


Registers:
RAX=0x0000000000000001, RBX=0x000002dee952b1b0, RCX=0x000002dee94e2700, RDX=0x000003aea6e8add3
RSP=0x000000f7348fec20, RBP=0x000002dee94e2700, RSI=0x000000f7348fecc8, RDI=0x000002dee94e2700
R8 =0x0000000000000083, R9 =0x000000007ffea000, R10=0x00000000546c6148, R11=0x00000213d5a7967e
R12=0x0000000000000006, R13=0x000002deef601240, R14=0x000000f7348feea0, R15=0x000002dec7ad4800
RIP=0x0000000065bef190, EFLAGS=0x0000000000010202

Top of Stack: (sp=0x000000f7348fec20)
0x000000f7348fec20:   00007ff9a1224092 000002decb5ef777
0x000000f7348fec30:   000000f7348fecc0 0000000065bdc4ec
0x000000f7348fec40:   000000003f800000 0000000000000000
0x000000f7348fec50:   0000000000000000 000002dee94c9460
0x000000f7348fec60:   000000f7348fecc8 000000f7348fecc0
0x000000f7348fec70:   000002dee94e2700 0000000000000006
0x000000f7348fec80:   000002deef601240 000000f7348feea0
0x000000f7348fec90:   000002dec7ad4800 0000000065bf2c27
0x000000f7348feca0:   00007ff9a1224092 000002decb5ef777
0x000000f7348fecb0:   0000000000000000 0000000000000000
0x000000f7348fecc0:   428d7537456e8800 428d7537456e9800
0x000000f7348fecd0:   426fffff3c888889 000000063f800000
0x000000f7348fece0:   0000000100000002 00007ff9c914306e
0x000000f7348fecf0:   000000003c888889 0000000000000000
0x000000f7348fed00:   0000000000000000 0000000000000000
0x000000f7348fed10:   000002dee94c9460 0000000000000188 

Instructions: (pc=0x0000000065bef190)
0x0000000065bef090:   ff 48 89 85 88 00 00 00 eb 8a 66 0f 1f 44 00 00
0x0000000065bef0a0:   48 89 46 58 e9 50 ff ff ff 90 66 0f 1f 44 00 00
0x0000000065bef0b0:   41 57 41 56 41 55 41 54 55 57 56 53 48 83 ec 38
0x0000000065bef0c0:   0f 29 74 24 20 48 89 cf 48 8b 59 58 48 85 db 0f
0x0000000065bef0d0:   84 05 01 00 00 66 0f ef f6 e9 b2 00 00 00 66 90
0x0000000065bef0e0:   41 8b 14 24 85 d2 0f 84 d5 00 00 00 48 c1 e6 05
0x0000000065bef0f0:   49 03 75 28 49 63 c7 48 c1 e0 05 49 03 46 28 4c
0x0000000065bef100:   63 6e 1c 48 63 70 1c 45 85 ed 78 06 44 3b 6f 14
0x0000000065bef110:   7c 19 48 8d 15 e7 1f 02 00 48 8d 0d 08 20 02 00
0x0000000065bef120:   41 b8 a4 00 00 00 e8 65 4a 01 00 48 8b 47 08 4b
0x0000000065bef130:   8d 54 ad 00 85 f6 4c 8d 2c d0 78 05 3b 77 14 7c
0x0000000065bef140:   1d 48 8d 15 b8 1f 02 00 48 8d 0d d9 1f 02 00 41
0x0000000065bef150:   b8 a4 00 00 00 e8 36 4a 01 00 48 8b 47 08 48 8d
0x0000000065bef160:   14 b6 48 8d 04 d0 f3 0f 10 00 f3 41 0f 5c 45 08
0x0000000065bef170:   0f 2e c6 0f 86 b7 00 00 00 48 8b 73 18 48 89 da
0x0000000065bef180:   48 89 f9 e8 18 fe ff ff 48 89 f3 48 85 db 74 4a
0x0000000065bef190:   f6 43 08 08 4c 8b 6b 60 4c 8b 73 68 48 63 73 70
0x0000000065bef1a0:   44 8b 7b 74 4d 8b 65 10 49 8b 6e 10 75 42 0f b7
0x0000000065bef1b0:   45 04 83 e0 02 41 f6 44 24 04 02 0f 85 1f ff ff
0x0000000065bef1c0:   ff 66 85 c0 74 0b 8b 45 00 85 c0 0f 85 1b ff ff
0x0000000065bef1d0:   ff 48 8b 5b 18 48 85 db 75 b6 0f 28 74 24 20 48
0x0000000065bef1e0:   83 c4 38 5b 5e 5f 5d 41 5c 41 5d 41 5e 41 5f c3
0x0000000065bef1f0:   4c 89 e2 48 89 e9 e8 65 f6 ff ff 84 c0 0f 84 76
0x0000000065bef200:   ff ff ff 48 8b 4f 68 48 85 c9 74 14 48 8b 01 4d
0x0000000065bef210:   89 f0 4c 89 ea ff 50 10 84 c0 0f 84 59 ff ff ff
0x0000000065bef220:   83 63 08 f7 eb 88 66 2e 0f 1f 84 00 00 00 00 00
0x0000000065bef230:   f3 0f 10 40 04 f3 41 0f 5c 45 0c 0f 2e c6 0f 87
0x0000000065bef240:   35 ff ff ff f3 41 0f 10 45 00 f3 0f 5c 40 08 0f
0x0000000065bef250:   2e c6 0f 87 21 ff ff ff f3 41 0f 10 45 04 f3 0f
0x0000000065bef260:   5c 40 0c 0f 2e c6 0f 87 0d ff ff ff 48 8b 57 70
0x0000000065bef270:   48 89 d9 e8 88 dd fe ff e9 54 ff ff ff 90 66 90
0x0000000065bef280:   41 55 41 54 55 57 56 53 48 83 ec 38 48 8b 5a 10 


Stack slot to memory mapping:
stack at sp + 0 slots: 0x00007ff9a1224092 glfw.dll
stack at sp + 1 slots: 0x000002decb5ef777 is at code_begin+1047 in an Interpreter codelet
method entry point (kind = native)  [0x000002decb5ef360, 0x000002decb5efe00]  2720 bytes
stack at sp + 2 slots: 0x000000f7348fecc0 is pointing into the stack for thread: 0x000002dec7ad4800
stack at sp + 3 slots: 0x0000000065bdc4ec gdx-box2d64.dll
stack at sp + 4 slots: 0x000000003f800000 is an unknown value
stack at sp + 5 slots: 0x0 is NULL
stack at sp + 6 slots: 0x0 is NULL
stack at sp + 7 slots: 0x000002dee94c9460 points into unknown readable memory: 0x000002dee94ef3e0 | e0 f3 4e e9 de 02 00 00


---------------  P R O C E S S  ---------------

Threads class SMR info:
_java_thread_list=0x000002dee862f5e0, length=11, elements={
0x000002dec7ad4800, 0x000002dee6fa7800, 0x000002dee6faa000, 0x000002dee78af800,
0x000002dee78b4000, 0x000002dee78b5000, 0x000002dee78be000, 0x000002dee78c9800,
0x000002dee78fc800, 0x000002dee7a61800, 0x000002dee910d000
}

Java Threads: ( => current thread )
=>0x000002dec7ad4800 JavaThread "main" [_thread_in_native, id=14324, stack(0x000000f734800000,0x000000f734900000)]
  0x000002dee6fa7800 JavaThread "Reference Handler" daemon [_thread_blocked, id=37476, stack(0x000000f734f00000,0x000000f735000000)]
  0x000002dee6faa000 JavaThread "Finalizer" daemon [_thread_blocked, id=34608, stack(0x000000f735000000,0x000000f735100000)]
  0x000002dee78af800 JavaThread "Signal Dispatcher" daemon [_thread_blocked, id=29716, stack(0x000000f735100000,0x000000f735200000)]
  0x000002dee78b4000 JavaThread "Attach Listener" daemon [_thread_blocked, id=36468, stack(0x000000f735200000,0x000000f735300000)]
  0x000002dee78b5000 JavaThread "Service Thread" daemon [_thread_blocked, id=30308, stack(0x000000f735300000,0x000000f735400000)]
  0x000002dee78be000 JavaThread "C2 CompilerThread0" daemon [_thread_blocked, id=30868, stack(0x000000f735400000,0x000000f735500000)]
  0x000002dee78c9800 JavaThread "C1 CompilerThread0" daemon [_thread_blocked, id=20620, stack(0x000000f735500000,0x000000f735600000)]
  0x000002dee78fc800 JavaThread "Sweeper thread" daemon [_thread_blocked, id=31680, stack(0x000000f735600000,0x000000f735700000)]
  0x000002dee7a61800 JavaThread "Common-Cleaner" daemon [_thread_blocked, id=22868, stack(0x000000f735800000,0x000000f735900000)]
  0x000002dee910d000 JavaThread "LWJGL3 Timer" daemon [_thread_blocked, id=37840, stack(0x000000f736900000,0x000000f736a00000)]

Other Threads:
  0x000002dee6fa4800 VMThread "VM Thread" [stack: 0x000000f734e00000,0x000000f734f00000] [id=8724]
  0x000002dee7a6e800 WatcherThread [stack: 0x000000f735700000,0x000000f735800000] [id=34192]
  0x000002dec7aec800 GCTaskThread "GC Thread#0" [stack: 0x000000f734900000,0x000000f734a00000] [id=35984]
  0x000002dee919a800 GCTaskThread "GC Thread#1" [stack: 0x000000f736400000,0x000000f736500000] [id=28812]
  0x000002dee9132800 GCTaskThread "GC Thread#2" [stack: 0x000000f736500000,0x000000f736600000] [id=26292]
  0x000002dee9133800 GCTaskThread "GC Thread#3" [stack: 0x000000f736600000,0x000000f736700000] [id=35692]
  0x000002dee9134000 GCTaskThread "GC Thread#4" [stack: 0x000000f736700000,0x000000f736800000] [id=36896]
  0x000002dee9093000 GCTaskThread "GC Thread#5" [stack: 0x000000f736800000,0x000000f736900000] [id=34532]
  0x000002dec7b4a800 ConcurrentGCThread "G1 Main Marker" [stack: 0x000000f734a00000,0x000000f734b00000] [id=23884]
  0x000002dec7b4d000 ConcurrentGCThread "G1 Conc#0" [stack: 0x000000f734b00000,0x000000f734c00000] [id=34828]
  0x000002dee6e83800 ConcurrentGCThread "G1 Refine#0" [stack: 0x000000f734c00000,0x000000f734d00000] [id=34788]
  0x000002dee6e85800 ConcurrentGCThread "G1 Young RemSet Sampling" [stack: 0x000000f734d00000,0x000000f734e00000] [id=13128]

Threads with active compile tasks:

VM state:not at safepoint (normal execution)

VM Mutex/Monitor currently owned by a thread: None

Heap address: 0x0000000702000000, size: 4064 MB, Compressed Oops mode: Zero based, Oop shift amount: 3
Narrow klass base: 0x0000000800000000, Narrow klass shift: 0
Compressed class space size: 1073741824 Address: 0x0000000800000000

Heap:
 garbage-first heap   total 260096K, used 6602K [0x0000000702000000, 0x0000000800000000)
  region size 1024K, 8 young (8192K), 3 survivors (3072K)
 Metaspace       used 13220K, capacity 13467K, committed 13696K, reserved 1062912K
  class space    used 1054K, capacity 1108K, committed 1152K, reserved 1048576K
Heap Regions: E=young(eden), S=young(survivor), O=old, HS=humongous(starts), HC=humongous(continues), CS=collection set, F=free, A=archive, TAMS=top-at-mark-start (previous, next)
|   0|0x0000000702000000, 0x0000000702000000, 0x0000000702100000|  0%| F|  |TAMS 0x0000000702000000, 0x0000000702000000| Untracked 
|   1|0x0000000702100000, 0x0000000702100000, 0x0000000702200000|  0%| F|  |TAMS 0x0000000702100000, 0x0000000702100000| Untracked 
|   2|0x0000000702200000, 0x0000000702200000, 0x0000000702300000|  0%| F|  |TAMS 0x0000000702200000, 0x0000000702200000| Untracked 
|   3|0x0000000702300000, 0x0000000702300000, 0x0000000702400000|  0%| F|  |TAMS 0x0000000702300000, 0x0000000702300000| Untracked 
|   4|0x0000000702400000, 0x0000000702400000, 0x0000000702500000|  0%| F|  |TAMS 0x0000000702400000, 0x0000000702400000| Untracked 
|   5|0x0000000702500000, 0x0000000702500000, 0x0000000702600000|  0%| F|  |TAMS 0x0000000702500000, 0x0000000702500000| Untracked 
|   6|0x0000000702600000, 0x0000000702600000, 0x0000000702700000|  0%| F|  |TAMS 0x0000000702600000, 0x0000000702600000| Untracked 
|   7|0x0000000702700000, 0x0000000702700000, 0x0000000702800000|  0%| F|  |TAMS 0x0000000702700000, 0x0000000702700000| Untracked 
|   8|0x0000000702800000, 0x0000000702800000, 0x0000000702900000|  0%| F|  |TAMS 0x0000000702800000, 0x0000000702800000| Untracked 
|   9|0x0000000702900000, 0x0000000702900000, 0x0000000702a00000|  0%| F|  |TAMS 0x0000000702900000, 0x0000000702900000| Untracked 
|  10|0x0000000702a00000, 0x0000000702a00000, 0x0000000702b00000|  0%| F|  |TAMS 0x0000000702a00000, 0x0000000702a00000| Untracked 
|  11|0x0000000702b00000, 0x0000000702b00000, 0x0000000702c00000|  0%| F|  |TAMS 0x0000000702b00000, 0x0000000702b00000| Untracked 
|  12|0x0000000702c00000, 0x0000000702c00000, 0x0000000702d00000|  0%| F|  |TAMS 0x0000000702c00000, 0x0000000702c00000| Untracked 
|  13|0x0000000702d00000, 0x0000000702d00000, 0x0000000702e00000|  0%| F|  |TAMS 0x0000000702d00000, 0x0000000702d00000| Untracked 
|  14|0x0000000702e00000, 0x0000000702e00000, 0x0000000702f00000|  0%| F|  |TAMS 0x0000000702e00000, 0x0000000702e00000| Untracked 
|  15|0x0000000702f00000, 0x0000000702f00000, 0x0000000703000000|  0%| F|  |TAMS 0x0000000702f00000, 0x0000000702f00000| Untracked 
|  16|0x0000000703000000, 0x0000000703000000, 0x0000000703100000|  0%| F|  |TAMS 0x0000000703000000, 0x0000000703000000| Untracked 
|  17|0x0000000703100000, 0x0000000703100000, 0x0000000703200000|  0%| F|  |TAMS 0x0000000703100000, 0x0000000703100000| Untracked 
|  18|0x0000000703200000, 0x0000000703200000, 0x0000000703300000|  0%| F|  |TAMS 0x0000000703200000, 0x0000000703200000| Untracked 
|  19|0x0000000703300000, 0x0000000703300000, 0x0000000703400000|  0%| F|  |TAMS 0x0000000703300000, 0x0000000703300000| Untracked 
|  20|0x0000000703400000, 0x0000000703400000, 0x0000000703500000|  0%| F|  |TAMS 0x0000000703400000, 0x0000000703400000| Untracked 
|  21|0x0000000703500000, 0x0000000703500000, 0x0000000703600000|  0%| F|  |TAMS 0x0000000703500000, 0x0000000703500000| Untracked 
|  22|0x0000000703600000, 0x0000000703600000, 0x0000000703700000|  0%| F|  |TAMS 0x0000000703600000, 0x0000000703600000| Untracked 
|  23|0x0000000703700000, 0x0000000703700000, 0x0000000703800000|  0%| F|  |TAMS 0x0000000703700000, 0x0000000703700000| Untracked 
|  24|0x0000000703800000, 0x0000000703800000, 0x0000000703900000|  0%| F|  |TAMS 0x0000000703800000, 0x0000000703800000| Untracked 
|  25|0x0000000703900000, 0x0000000703900000, 0x0000000703a00000|  0%| F|  |TAMS 0x0000000703900000, 0x0000000703900000| Untracked 
|  26|0x0000000703a00000, 0x0000000703a00000, 0x0000000703b00000|  0%| F|  |TAMS 0x0000000703a00000, 0x0000000703a00000| Untracked 
|  27|0x0000000703b00000, 0x0000000703b00000, 0x0000000703c00000|  0%| F|  |TAMS 0x0000000703b00000, 0x0000000703b00000| Untracked 
|  28|0x0000000703c00000, 0x0000000703c00000, 0x0000000703d00000|  0%| F|  |TAMS 0x0000000703c00000, 0x0000000703c00000| Untracked 
|  29|0x0000000703d00000, 0x0000000703d00000, 0x0000000703e00000|  0%| F|  |TAMS 0x0000000703d00000, 0x0000000703d00000| Untracked 
|  30|0x0000000703e00000, 0x0000000703e00000, 0x0000000703f00000|  0%| F|  |TAMS 0x0000000703e00000, 0x0000000703e00000| Untracked 
|  31|0x0000000703f00000, 0x0000000703f00000, 0x0000000704000000|  0%| F|  |TAMS 0x0000000703f00000, 0x0000000703f00000| Untracked 
|  32|0x0000000704000000, 0x0000000704000000, 0x0000000704100000|  0%| F|  |TAMS 0x0000000704000000, 0x0000000704000000| Untracked 
|  33|0x0000000704100000, 0x0000000704100000, 0x0000000704200000|  0%| F|  |TAMS 0x0000000704100000, 0x0000000704100000| Untracked 
|  34|0x0000000704200000, 0x0000000704200000, 0x0000000704300000|  0%| F|  |TAMS 0x0000000704200000, 0x0000000704200000| Untracked 
|  35|0x0000000704300000, 0x0000000704300000, 0x0000000704400000|  0%| F|  |TAMS 0x0000000704300000, 0x0000000704300000| Untracked 
|  36|0x0000000704400000, 0x0000000704400000, 0x0000000704500000|  0%| F|  |TAMS 0x0000000704400000, 0x0000000704400000| Untracked 
|  37|0x0000000704500000, 0x0000000704500000, 0x0000000704600000|  0%| F|  |TAMS 0x0000000704500000, 0x0000000704500000| Untracked 
|  38|0x0000000704600000, 0x0000000704600000, 0x0000000704700000|  0%| F|  |TAMS 0x0000000704600000, 0x0000000704600000| Untracked 
|  39|0x0000000704700000, 0x0000000704700000, 0x0000000704800000|  0%| F|  |TAMS 0x0000000704700000, 0x0000000704700000| Untracked 
|  40|0x0000000704800000, 0x0000000704800000, 0x0000000704900000|  0%| F|  |TAMS 0x0000000704800000, 0x0000000704800000| Untracked 
|  41|0x0000000704900000, 0x0000000704900000, 0x0000000704a00000|  0%| F|  |TAMS 0x0000000704900000, 0x0000000704900000| Untracked 
|  42|0x0000000704a00000, 0x0000000704a00000, 0x0000000704b00000|  0%| F|  |TAMS 0x0000000704a00000, 0x0000000704a00000| Untracked 
|  43|0x0000000704b00000, 0x0000000704b00000, 0x0000000704c00000|  0%| F|  |TAMS 0x0000000704b00000, 0x0000000704b00000| Untracked 
|  44|0x0000000704c00000, 0x0000000704c00000, 0x0000000704d00000|  0%| F|  |TAMS 0x0000000704c00000, 0x0000000704c00000| Untracked 
|  45|0x0000000704d00000, 0x0000000704d00000, 0x0000000704e00000|  0%| F|  |TAMS 0x0000000704d00000, 0x0000000704d00000| Untracked 
|  46|0x0000000704e00000, 0x0000000704e00000, 0x0000000704f00000|  0%| F|  |TAMS 0x0000000704e00000, 0x0000000704e00000| Untracked 
|  47|0x0000000704f00000, 0x0000000704f00000, 0x0000000705000000|  0%| F|  |TAMS 0x0000000704f00000, 0x0000000704f00000| Untracked 
|  48|0x0000000705000000, 0x0000000705000000, 0x0000000705100000|  0%| F|  |TAMS 0x0000000705000000, 0x0000000705000000| Untracked 
|  49|0x0000000705100000, 0x0000000705100000, 0x0000000705200000|  0%| F|  |TAMS 0x0000000705100000, 0x0000000705100000| Untracked 
|  50|0x0000000705200000, 0x0000000705200000, 0x0000000705300000|  0%| F|  |TAMS 0x0000000705200000, 0x0000000705200000| Untracked 
|  51|0x0000000705300000, 0x0000000705300000, 0x0000000705400000|  0%| F|  |TAMS 0x0000000705300000, 0x0000000705300000| Untracked 
|  52|0x0000000705400000, 0x0000000705400000, 0x0000000705500000|  0%| F|  |TAMS 0x0000000705400000, 0x0000000705400000| Untracked 
|  53|0x0000000705500000, 0x0000000705500000, 0x0000000705600000|  0%| F|  |TAMS 0x0000000705500000, 0x0000000705500000| Untracked 
|  54|0x0000000705600000, 0x0000000705600000, 0x0000000705700000|  0%| F|  |TAMS 0x0000000705600000, 0x0000000705600000| Untracked 
|  55|0x0000000705700000, 0x0000000705700000, 0x0000000705800000|  0%| F|  |TAMS 0x0000000705700000, 0x0000000705700000| Untracked 
|  56|0x0000000705800000, 0x0000000705800000, 0x0000000705900000|  0%| F|  |TAMS 0x0000000705800000, 0x0000000705800000| Untracked 
|  57|0x0000000705900000, 0x0000000705900000, 0x0000000705a00000|  0%| F|  |TAMS 0x0000000705900000, 0x0000000705900000| Untracked 
|  58|0x0000000705a00000, 0x0000000705a00000, 0x0000000705b00000|  0%| F|  |TAMS 0x0000000705a00000, 0x0000000705a00000| Untracked 
|  59|0x0000000705b00000, 0x0000000705b00000, 0x0000000705c00000|  0%| F|  |TAMS 0x0000000705b00000, 0x0000000705b00000| Untracked 
|  60|0x0000000705c00000, 0x0000000705c00000, 0x0000000705d00000|  0%| F|  |TAMS 0x0000000705c00000, 0x0000000705c00000| Untracked 
|  61|0x0000000705d00000, 0x0000000705d00000, 0x0000000705e00000|  0%| F|  |TAMS 0x0000000705d00000, 0x0000000705d00000| Untracked 
|  62|0x0000000705e00000, 0x0000000705e00000, 0x0000000705f00000|  0%| F|  |TAMS 0x0000000705e00000, 0x0000000705e00000| Untracked 
|  63|0x0000000705f00000, 0x0000000705f00000, 0x0000000706000000|  0%| F|  |TAMS 0x0000000705f00000, 0x0000000705f00000| Untracked 
|  64|0x0000000706000000, 0x0000000706000000, 0x0000000706100000|  0%| F|  |TAMS 0x0000000706000000, 0x0000000706000000| Untracked 
|  65|0x0000000706100000, 0x0000000706100000, 0x0000000706200000|  0%| F|  |TAMS 0x0000000706100000, 0x0000000706100000| Untracked 
|  66|0x0000000706200000, 0x0000000706200000, 0x0000000706300000|  0%| F|  |TAMS 0x0000000706200000, 0x0000000706200000| Untracked 
|  67|0x0000000706300000, 0x0000000706300000, 0x0000000706400000|  0%| F|  |TAMS 0x0000000706300000, 0x0000000706300000| Untracked 
|  68|0x0000000706400000, 0x0000000706400000, 0x0000000706500000|  0%| F|  |TAMS 0x0000000706400000, 0x0000000706400000| Untracked 
|  69|0x0000000706500000, 0x0000000706500000, 0x0000000706600000|  0%| F|  |TAMS 0x0000000706500000, 0x0000000706500000| Untracked 
|  70|0x0000000706600000, 0x0000000706600000, 0x0000000706700000|  0%| F|  |TAMS 0x0000000706600000, 0x0000000706600000| Untracked 
|  71|0x0000000706700000, 0x0000000706700000, 0x0000000706800000|  0%| F|  |TAMS 0x0000000706700000, 0x0000000706700000| Untracked 
|  72|0x0000000706800000, 0x0000000706800000, 0x0000000706900000|  0%| F|  |TAMS 0x0000000706800000, 0x0000000706800000| Untracked 
|  73|0x0000000706900000, 0x0000000706900000, 0x0000000706a00000|  0%| F|  |TAMS 0x0000000706900000, 0x0000000706900000| Untracked 
|  74|0x0000000706a00000, 0x0000000706a00000, 0x0000000706b00000|  0%| F|  |TAMS 0x0000000706a00000, 0x0000000706a00000| Untracked 
|  75|0x0000000706b00000, 0x0000000706b00000, 0x0000000706c00000|  0%| F|  |TAMS 0x0000000706b00000, 0x0000000706b00000| Untracked 
|  76|0x0000000706c00000, 0x0000000706c00000, 0x0000000706d00000|  0%| F|  |TAMS 0x0000000706c00000, 0x0000000706c00000| Untracked 
|  77|0x0000000706d00000, 0x0000000706d00000, 0x0000000706e00000|  0%| F|  |TAMS 0x0000000706d00000, 0x0000000706d00000| Untracked 
|  78|0x0000000706e00000, 0x0000000706e00000, 0x0000000706f00000|  0%| F|  |TAMS 0x0000000706e00000, 0x0000000706e00000| Untracked 
|  79|0x0000000706f00000, 0x0000000706f00000, 0x0000000707000000|  0%| F|  |TAMS 0x0000000706f00000, 0x0000000706f00000| Untracked 
|  80|0x0000000707000000, 0x0000000707000000, 0x0000000707100000|  0%| F|  |TAMS 0x0000000707000000, 0x0000000707000000| Untracked 
|  81|0x0000000707100000, 0x0000000707100000, 0x0000000707200000|  0%| F|  |TAMS 0x0000000707100000, 0x0000000707100000| Untracked 
|  82|0x0000000707200000, 0x0000000707200000, 0x0000000707300000|  0%| F|  |TAMS 0x0000000707200000, 0x0000000707200000| Untracked 
|  83|0x0000000707300000, 0x0000000707300000, 0x0000000707400000|  0%| F|  |TAMS 0x0000000707300000, 0x0000000707300000| Untracked 
|  84|0x0000000707400000, 0x0000000707400000, 0x0000000707500000|  0%| F|  |TAMS 0x0000000707400000, 0x0000000707400000| Untracked 
|  85|0x0000000707500000, 0x0000000707500000, 0x0000000707600000|  0%| F|  |TAMS 0x0000000707500000, 0x0000000707500000| Untracked 
|  86|0x0000000707600000, 0x0000000707600000, 0x0000000707700000|  0%| F|  |TAMS 0x0000000707600000, 0x0000000707600000| Untracked 
|  87|0x0000000707700000, 0x0000000707700000, 0x0000000707800000|  0%| F|  |TAMS 0x0000000707700000, 0x0000000707700000| Untracked 
|  88|0x0000000707800000, 0x0000000707800000, 0x0000000707900000|  0%| F|  |TAMS 0x0000000707800000, 0x0000000707800000| Untracked 
|  89|0x0000000707900000, 0x0000000707900000, 0x0000000707a00000|  0%| F|  |TAMS 0x0000000707900000, 0x0000000707900000| Untracked 
|  90|0x0000000707a00000, 0x0000000707a00000, 0x0000000707b00000|  0%| F|  |TAMS 0x0000000707a00000, 0x0000000707a00000| Untracked 
|  91|0x0000000707b00000, 0x0000000707b00000, 0x0000000707c00000|  0%| F|  |TAMS 0x0000000707b00000, 0x0000000707b00000| Untracked 
|  92|0x0000000707c00000, 0x0000000707c00000, 0x0000000707d00000|  0%| F|  |TAMS 0x0000000707c00000, 0x0000000707c00000| Untracked 
|  93|0x0000000707d00000, 0x0000000707d00000, 0x0000000707e00000|  0%| F|  |TAMS 0x0000000707d00000, 0x0000000707d00000| Untracked 
|  94|0x0000000707e00000, 0x0000000707e00000, 0x0000000707f00000|  0%| F|  |TAMS 0x0000000707e00000, 0x0000000707e00000| Untracked 
|  95|0x0000000707f00000, 0x0000000707f00000, 0x0000000708000000|  0%| F|  |TAMS 0x0000000707f00000, 0x0000000707f00000| Untracked 
|  96|0x0000000708000000, 0x0000000708000000, 0x0000000708100000|  0%| F|  |TAMS 0x0000000708000000, 0x0000000708000000| Untracked 
|  97|0x0000000708100000, 0x0000000708100000, 0x0000000708200000|  0%| F|  |TAMS 0x0000000708100000, 0x0000000708100000| Untracked 
|  98|0x0000000708200000, 0x0000000708200000, 0x0000000708300000|  0%| F|  |TAMS 0x0000000708200000, 0x0000000708200000| Untracked 
|  99|0x0000000708300000, 0x0000000708300000, 0x0000000708400000|  0%| F|  |TAMS 0x0000000708300000, 0x0000000708300000| Untracked 
| 100|0x0000000708400000, 0x0000000708400000, 0x0000000708500000|  0%| F|  |TAMS 0x0000000708400000, 0x0000000708400000| Untracked 
| 101|0x0000000708500000, 0x0000000708500000, 0x0000000708600000|  0%| F|  |TAMS 0x0000000708500000, 0x0000000708500000| Untracked 
| 102|0x0000000708600000, 0x0000000708600000, 0x0000000708700000|  0%| F|  |TAMS 0x0000000708600000, 0x0000000708600000| Untracked 
| 103|0x0000000708700000, 0x0000000708700000, 0x0000000708800000|  0%| F|  |TAMS 0x0000000708700000, 0x0000000708700000| Untracked 
| 104|0x0000000708800000, 0x0000000708800000, 0x0000000708900000|  0%| F|  |TAMS 0x0000000708800000, 0x0000000708800000| Untracked 
| 105|0x0000000708900000, 0x0000000708900000, 0x0000000708a00000|  0%| F|  |TAMS 0x0000000708900000, 0x0000000708900000| Untracked 
| 106|0x0000000708a00000, 0x0000000708a00000, 0x0000000708b00000|  0%| F|  |TAMS 0x0000000708a00000, 0x0000000708a00000| Untracked 
| 107|0x0000000708b00000, 0x0000000708b00000, 0x0000000708c00000|  0%| F|  |TAMS 0x0000000708b00000, 0x0000000708b00000| Untracked 
| 108|0x0000000708c00000, 0x0000000708c00000, 0x0000000708d00000|  0%| F|  |TAMS 0x0000000708c00000, 0x0000000708c00000| Untracked 
| 109|0x0000000708d00000, 0x0000000708d00000, 0x0000000708e00000|  0%| F|  |TAMS 0x0000000708d00000, 0x0000000708d00000| Untracked 
| 110|0x0000000708e00000, 0x0000000708e00000, 0x0000000708f00000|  0%| F|  |TAMS 0x0000000708e00000, 0x0000000708e00000| Untracked 
| 111|0x0000000708f00000, 0x0000000708f00000, 0x0000000709000000|  0%| F|  |TAMS 0x0000000708f00000, 0x0000000708f00000| Untracked 
| 112|0x0000000709000000, 0x0000000709000000, 0x0000000709100000|  0%| F|  |TAMS 0x0000000709000000, 0x0000000709000000| Untracked 
| 113|0x0000000709100000, 0x0000000709100000, 0x0000000709200000|  0%| F|  |TAMS 0x0000000709100000, 0x0000000709100000| Untracked 
| 114|0x0000000709200000, 0x0000000709200000, 0x0000000709300000|  0%| F|  |TAMS 0x0000000709200000, 0x0000000709200000| Untracked 
| 115|0x0000000709300000, 0x0000000709300000, 0x0000000709400000|  0%| F|  |TAMS 0x0000000709300000, 0x0000000709300000| Untracked 
| 116|0x0000000709400000, 0x0000000709400000, 0x0000000709500000|  0%| F|  |TAMS 0x0000000709400000, 0x0000000709400000| Untracked 
| 117|0x0000000709500000, 0x0000000709500000, 0x0000000709600000|  0%| F|  |TAMS 0x0000000709500000, 0x0000000709500000| Untracked 
| 118|0x0000000709600000, 0x0000000709600000, 0x0000000709700000|  0%| F|  |TAMS 0x0000000709600000, 0x0000000709600000| Untracked 
| 119|0x0000000709700000, 0x0000000709700000, 0x0000000709800000|  0%| F|  |TAMS 0x0000000709700000, 0x0000000709700000| Untracked 
| 120|0x0000000709800000, 0x0000000709800000, 0x0000000709900000|  0%| F|  |TAMS 0x0000000709800000, 0x0000000709800000| Untracked 
| 121|0x0000000709900000, 0x0000000709900000, 0x0000000709a00000|  0%| F|  |TAMS 0x0000000709900000, 0x0000000709900000| Untracked 
| 122|0x0000000709a00000, 0x0000000709a00000, 0x0000000709b00000|  0%| F|  |TAMS 0x0000000709a00000, 0x0000000709a00000| Untracked 
| 123|0x0000000709b00000, 0x0000000709b00000, 0x0000000709c00000|  0%| F|  |TAMS 0x0000000709b00000, 0x0000000709b00000| Untracked 
| 124|0x0000000709c00000, 0x0000000709c00000, 0x0000000709d00000|  0%| F|  |TAMS 0x0000000709c00000, 0x0000000709c00000| Untracked 
| 125|0x0000000709d00000, 0x0000000709d00000, 0x0000000709e00000|  0%| F|  |TAMS 0x0000000709d00000, 0x0000000709d00000| Untracked 
| 126|0x0000000709e00000, 0x0000000709e00000, 0x0000000709f00000|  0%| F|  |TAMS 0x0000000709e00000, 0x0000000709e00000| Untracked 
| 127|0x0000000709f00000, 0x0000000709f00000, 0x000000070a000000|  0%| F|  |TAMS 0x0000000709f00000, 0x0000000709f00000| Untracked 
| 128|0x000000070a000000, 0x000000070a000000, 0x000000070a100000|  0%| F|  |TAMS 0x000000070a000000, 0x000000070a000000| Untracked 
| 129|0x000000070a100000, 0x000000070a100000, 0x000000070a200000|  0%| F|  |TAMS 0x000000070a100000, 0x000000070a100000| Untracked 
| 130|0x000000070a200000, 0x000000070a200000, 0x000000070a300000|  0%| F|  |TAMS 0x000000070a200000, 0x000000070a200000| Untracked 
| 131|0x000000070a300000, 0x000000070a300000, 0x000000070a400000|  0%| F|  |TAMS 0x000000070a300000, 0x000000070a300000| Untracked 
| 132|0x000000070a400000, 0x000000070a400000, 0x000000070a500000|  0%| F|  |TAMS 0x000000070a400000, 0x000000070a400000| Untracked 
| 133|0x000000070a500000, 0x000000070a500000, 0x000000070a600000|  0%| F|  |TAMS 0x000000070a500000, 0x000000070a500000| Untracked 
| 134|0x000000070a600000, 0x000000070a600000, 0x000000070a700000|  0%| F|  |TAMS 0x000000070a600000, 0x000000070a600000| Untracked 
| 135|0x000000070a700000, 0x000000070a700000, 0x000000070a800000|  0%| F|  |TAMS 0x000000070a700000, 0x000000070a700000| Untracked 
| 136|0x000000070a800000, 0x000000070a800000, 0x000000070a900000|  0%| F|  |TAMS 0x000000070a800000, 0x000000070a800000| Untracked 
| 137|0x000000070a900000, 0x000000070a900000, 0x000000070aa00000|  0%| F|  |TAMS 0x000000070a900000, 0x000000070a900000| Untracked 
| 138|0x000000070aa00000, 0x000000070aa00000, 0x000000070ab00000|  0%| F|  |TAMS 0x000000070aa00000, 0x000000070aa00000| Untracked 
| 139|0x000000070ab00000, 0x000000070ab00000, 0x000000070ac00000|  0%| F|  |TAMS 0x000000070ab00000, 0x000000070ab00000| Untracked 
| 140|0x000000070ac00000, 0x000000070ac00000, 0x000000070ad00000|  0%| F|  |TAMS 0x000000070ac00000, 0x000000070ac00000| Untracked 
| 141|0x000000070ad00000, 0x000000070ad00000, 0x000000070ae00000|  0%| F|  |TAMS 0x000000070ad00000, 0x000000070ad00000| Untracked 
| 142|0x000000070ae00000, 0x000000070ae00000, 0x000000070af00000|  0%| F|  |TAMS 0x000000070ae00000, 0x000000070ae00000| Untracked 
| 143|0x000000070af00000, 0x000000070af00000, 0x000000070b000000|  0%| F|  |TAMS 0x000000070af00000, 0x000000070af00000| Untracked 
| 144|0x000000070b000000, 0x000000070b000000, 0x000000070b100000|  0%| F|  |TAMS 0x000000070b000000, 0x000000070b000000| Untracked 
| 145|0x000000070b100000, 0x000000070b100000, 0x000000070b200000|  0%| F|  |TAMS 0x000000070b100000, 0x000000070b100000| Untracked 
| 146|0x000000070b200000, 0x000000070b200000, 0x000000070b300000|  0%| F|  |TAMS 0x000000070b200000, 0x000000070b200000| Untracked 
| 147|0x000000070b300000, 0x000000070b300000, 0x000000070b400000|  0%| F|  |TAMS 0x000000070b300000, 0x000000070b300000| Untracked 
| 148|0x000000070b400000, 0x000000070b400000, 0x000000070b500000|  0%| F|  |TAMS 0x000000070b400000, 0x000000070b400000| Untracked 
| 149|0x000000070b500000, 0x000000070b500000, 0x000000070b600000|  0%| F|  |TAMS 0x000000070b500000, 0x000000070b500000| Untracked 
| 150|0x000000070b600000, 0x000000070b600000, 0x000000070b700000|  0%| F|  |TAMS 0x000000070b600000, 0x000000070b600000| Untracked 
| 151|0x000000070b700000, 0x000000070b700000, 0x000000070b800000|  0%| F|  |TAMS 0x000000070b700000, 0x000000070b700000| Untracked 
| 152|0x000000070b800000, 0x000000070b800000, 0x000000070b900000|  0%| F|  |TAMS 0x000000070b800000, 0x000000070b800000| Untracked 
| 153|0x000000070b900000, 0x000000070b900000, 0x000000070ba00000|  0%| F|  |TAMS 0x000000070b900000, 0x000000070b900000| Untracked 
| 154|0x000000070ba00000, 0x000000070ba00000, 0x000000070bb00000|  0%| F|  |TAMS 0x000000070ba00000, 0x000000070ba00000| Untracked 
| 155|0x000000070bb00000, 0x000000070bb00000, 0x000000070bc00000|  0%| F|  |TAMS 0x000000070bb00000, 0x000000070bb00000| Untracked 
| 156|0x000000070bc00000, 0x000000070bc00000, 0x000000070bd00000|  0%| F|  |TAMS 0x000000070bc00000, 0x000000070bc00000| Untracked 
| 157|0x000000070bd00000, 0x000000070bd00000, 0x000000070be00000|  0%| F|  |TAMS 0x000000070bd00000, 0x000000070bd00000| Untracked 
| 158|0x000000070be00000, 0x000000070be00000, 0x000000070bf00000|  0%| F|  |TAMS 0x000000070be00000, 0x000000070be00000| Untracked 
| 159|0x000000070bf00000, 0x000000070bf00000, 0x000000070c000000|  0%| F|  |TAMS 0x000000070bf00000, 0x000000070bf00000| Untracked 
| 160|0x000000070c000000, 0x000000070c000000, 0x000000070c100000|  0%| F|  |TAMS 0x000000070c000000, 0x000000070c000000| Untracked 
| 161|0x000000070c100000, 0x000000070c100000, 0x000000070c200000|  0%| F|  |TAMS 0x000000070c100000, 0x000000070c100000| Untracked 
| 162|0x000000070c200000, 0x000000070c200000, 0x000000070c300000|  0%| F|  |TAMS 0x000000070c200000, 0x000000070c200000| Untracked 
| 163|0x000000070c300000, 0x000000070c300000, 0x000000070c400000|  0%| F|  |TAMS 0x000000070c300000, 0x000000070c300000| Untracked 
| 164|0x000000070c400000, 0x000000070c400000, 0x000000070c500000|  0%| F|  |TAMS 0x000000070c400000, 0x000000070c400000| Untracked 
| 165|0x000000070c500000, 0x000000070c500000, 0x000000070c600000|  0%| F|  |TAMS 0x000000070c500000, 0x000000070c500000| Untracked 
| 166|0x000000070c600000, 0x000000070c600000, 0x000000070c700000|  0%| F|  |TAMS 0x000000070c600000, 0x000000070c600000| Untracked 
| 167|0x000000070c700000, 0x000000070c700000, 0x000000070c800000|  0%| F|  |TAMS 0x000000070c700000, 0x000000070c700000| Untracked 
| 168|0x000000070c800000, 0x000000070c800000, 0x000000070c900000|  0%| F|  |TAMS 0x000000070c800000, 0x000000070c800000| Untracked 
| 169|0x000000070c900000, 0x000000070c900000, 0x000000070ca00000|  0%| F|  |TAMS 0x000000070c900000, 0x000000070c900000| Untracked 
| 170|0x000000070ca00000, 0x000000070ca00000, 0x000000070cb00000|  0%| F|  |TAMS 0x000000070ca00000, 0x000000070ca00000| Untracked 
| 171|0x000000070cb00000, 0x000000070cb00000, 0x000000070cc00000|  0%| F|  |TAMS 0x000000070cb00000, 0x000000070cb00000| Untracked 
| 172|0x000000070cc00000, 0x000000070cc00000, 0x000000070cd00000|  0%| F|  |TAMS 0x000000070cc00000, 0x000000070cc00000| Untracked 
| 173|0x000000070cd00000, 0x000000070cd00000, 0x000000070ce00000|  0%| F|  |TAMS 0x000000070cd00000, 0x000000070cd00000| Untracked 
| 174|0x000000070ce00000, 0x000000070ce00000, 0x000000070cf00000|  0%| F|  |TAMS 0x000000070ce00000, 0x000000070ce00000| Untracked 
| 175|0x000000070cf00000, 0x000000070cf00000, 0x000000070d000000|  0%| F|  |TAMS 0x000000070cf00000, 0x000000070cf00000| Untracked 
| 176|0x000000070d000000, 0x000000070d000000, 0x000000070d100000|  0%| F|  |TAMS 0x000000070d000000, 0x000000070d000000| Untracked 
| 177|0x000000070d100000, 0x000000070d100000, 0x000000070d200000|  0%| F|  |TAMS 0x000000070d100000, 0x000000070d100000| Untracked 
| 178|0x000000070d200000, 0x000000070d200000, 0x000000070d300000|  0%| F|  |TAMS 0x000000070d200000, 0x000000070d200000| Untracked 
| 179|0x000000070d300000, 0x000000070d300000, 0x000000070d400000|  0%| F|  |TAMS 0x000000070d300000, 0x000000070d300000| Untracked 
| 180|0x000000070d400000, 0x000000070d400000, 0x000000070d500000|  0%| F|  |TAMS 0x000000070d400000, 0x000000070d400000| Untracked 
| 181|0x000000070d500000, 0x000000070d500000, 0x000000070d600000|  0%| F|  |TAMS 0x000000070d500000, 0x000000070d500000| Untracked 
| 182|0x000000070d600000, 0x000000070d600000, 0x000000070d700000|  0%| F|  |TAMS 0x000000070d600000, 0x000000070d600000| Untracked 
| 183|0x000000070d700000, 0x000000070d700000, 0x000000070d800000|  0%| F|  |TAMS 0x000000070d700000, 0x000000070d700000| Untracked 
| 184|0x000000070d800000, 0x000000070d800000, 0x000000070d900000|  0%| F|  |TAMS 0x000000070d800000, 0x000000070d800000| Untracked 
| 185|0x000000070d900000, 0x000000070d900000, 0x000000070da00000|  0%| F|  |TAMS 0x000000070d900000, 0x000000070d900000| Untracked 
| 186|0x000000070da00000, 0x000000070da00000, 0x000000070db00000|  0%| F|  |TAMS 0x000000070da00000, 0x000000070da00000| Untracked 
| 187|0x000000070db00000, 0x000000070db00000, 0x000000070dc00000|  0%| F|  |TAMS 0x000000070db00000, 0x000000070db00000| Untracked 
| 188|0x000000070dc00000, 0x000000070dc00000, 0x000000070dd00000|  0%| F|  |TAMS 0x000000070dc00000, 0x000000070dc00000| Untracked 
| 189|0x000000070dd00000, 0x000000070dd00000, 0x000000070de00000|  0%| F|  |TAMS 0x000000070dd00000, 0x000000070dd00000| Untracked 
| 190|0x000000070de00000, 0x000000070de00000, 0x000000070df00000|  0%| F|  |TAMS 0x000000070de00000, 0x000000070de00000| Untracked 
| 191|0x000000070df00000, 0x000000070df00000, 0x000000070e000000|  0%| F|  |TAMS 0x000000070df00000, 0x000000070df00000| Untracked 
| 192|0x000000070e000000, 0x000000070e000000, 0x000000070e100000|  0%| F|  |TAMS 0x000000070e000000, 0x000000070e000000| Untracked 
| 193|0x000000070e100000, 0x000000070e100000, 0x000000070e200000|  0%| F|  |TAMS 0x000000070e100000, 0x000000070e100000| Untracked 
| 194|0x000000070e200000, 0x000000070e200000, 0x000000070e300000|  0%| F|  |TAMS 0x000000070e200000, 0x000000070e200000| Untracked 
| 195|0x000000070e300000, 0x000000070e300000, 0x000000070e400000|  0%| F|  |TAMS 0x000000070e300000, 0x000000070e300000| Untracked 
| 196|0x000000070e400000, 0x000000070e400000, 0x000000070e500000|  0%| F|  |TAMS 0x000000070e400000, 0x000000070e400000| Untracked 
| 197|0x000000070e500000, 0x000000070e500000, 0x000000070e600000|  0%| F|  |TAMS 0x000000070e500000, 0x000000070e500000| Untracked 
| 198|0x000000070e600000, 0x000000070e600000, 0x000000070e700000|  0%| F|  |TAMS 0x000000070e600000, 0x000000070e600000| Untracked 
| 199|0x000000070e700000, 0x000000070e700000, 0x000000070e800000|  0%| F|  |TAMS 0x000000070e700000, 0x000000070e700000| Untracked 
| 200|0x000000070e800000, 0x000000070e800000, 0x000000070e900000|  0%| F|  |TAMS 0x000000070e800000, 0x000000070e800000| Untracked 
| 201|0x000000070e900000, 0x000000070e900000, 0x000000070ea00000|  0%| F|  |TAMS 0x000000070e900000, 0x000000070e900000| Untracked 
| 202|0x000000070ea00000, 0x000000070ea00000, 0x000000070eb00000|  0%| F|  |TAMS 0x000000070ea00000, 0x000000070ea00000| Untracked 
| 203|0x000000070eb00000, 0x000000070eb00000, 0x000000070ec00000|  0%| F|  |TAMS 0x000000070eb00000, 0x000000070eb00000| Untracked 
| 204|0x000000070ec00000, 0x000000070ec00000, 0x000000070ed00000|  0%| F|  |TAMS 0x000000070ec00000, 0x000000070ec00000| Untracked 
| 205|0x000000070ed00000, 0x000000070ed00000, 0x000000070ee00000|  0%| F|  |TAMS 0x000000070ed00000, 0x000000070ed00000| Untracked 
| 206|0x000000070ee00000, 0x000000070ee00000, 0x000000070ef00000|  0%| F|  |TAMS 0x000000070ee00000, 0x000000070ee00000| Untracked 
| 207|0x000000070ef00000, 0x000000070ef00000, 0x000000070f000000|  0%| F|  |TAMS 0x000000070ef00000, 0x000000070ef00000| Untracked 
| 208|0x000000070f000000, 0x000000070f000000, 0x000000070f100000|  0%| F|  |TAMS 0x000000070f000000, 0x000000070f000000| Untracked 
| 209|0x000000070f100000, 0x000000070f100000, 0x000000070f200000|  0%| F|  |TAMS 0x000000070f100000, 0x000000070f100000| Untracked 
| 210|0x000000070f200000, 0x000000070f200000, 0x000000070f300000|  0%| F|  |TAMS 0x000000070f200000, 0x000000070f200000| Untracked 
| 211|0x000000070f300000, 0x000000070f300000, 0x000000070f400000|  0%| F|  |TAMS 0x000000070f300000, 0x000000070f300000| Untracked 
| 212|0x000000070f400000, 0x000000070f400000, 0x000000070f500000|  0%| F|  |TAMS 0x000000070f400000, 0x000000070f400000| Untracked 
| 213|0x000000070f500000, 0x000000070f500000, 0x000000070f600000|  0%| F|  |TAMS 0x000000070f500000, 0x000000070f500000| Untracked 
| 214|0x000000070f600000, 0x000000070f600000, 0x000000070f700000|  0%| F|  |TAMS 0x000000070f600000, 0x000000070f600000| Untracked 
| 215|0x000000070f700000, 0x000000070f700000, 0x000000070f800000|  0%| F|  |TAMS 0x000000070f700000, 0x000000070f700000| Untracked 
| 216|0x000000070f800000, 0x000000070f800000, 0x000000070f900000|  0%| F|  |TAMS 0x000000070f800000, 0x000000070f800000| Untracked 
| 217|0x000000070f900000, 0x000000070f900000, 0x000000070fa00000|  0%| F|  |TAMS 0x000000070f900000, 0x000000070f900000| Untracked 
| 218|0x000000070fa00000, 0x000000070fa00000, 0x000000070fb00000|  0%| F|  |TAMS 0x000000070fa00000, 0x000000070fa00000| Untracked 
| 219|0x000000070fb00000, 0x000000070fb00000, 0x000000070fc00000|  0%| F|  |TAMS 0x000000070fb00000, 0x000000070fb00000| Untracked 
| 220|0x000000070fc00000, 0x000000070fc00000, 0x000000070fd00000|  0%| F|  |TAMS 0x000000070fc00000, 0x000000070fc00000| Untracked 
| 221|0x000000070fd00000, 0x000000070fd00000, 0x000000070fe00000|  0%| F|  |TAMS 0x000000070fd00000, 0x000000070fd00000| Untracked 
| 222|0x000000070fe00000, 0x000000070fe00000, 0x000000070ff00000|  0%| F|  |TAMS 0x000000070fe00000, 0x000000070fe00000| Untracked 
| 223|0x000000070ff00000, 0x000000070ff00000, 0x0000000710000000|  0%| F|  |TAMS 0x000000070ff00000, 0x000000070ff00000| Untracked 
| 224|0x0000000710000000, 0x0000000710000000, 0x0000000710100000|  0%| F|  |TAMS 0x0000000710000000, 0x0000000710000000| Untracked 
| 225|0x0000000710100000, 0x0000000710100000, 0x0000000710200000|  0%| F|  |TAMS 0x0000000710100000, 0x0000000710100000| Untracked 
| 226|0x0000000710200000, 0x0000000710200000, 0x0000000710300000|  0%| F|  |TAMS 0x0000000710200000, 0x0000000710200000| Untracked 
| 227|0x0000000710300000, 0x0000000710372a60, 0x0000000710400000| 44%| S|CS|TAMS 0x0000000710300000, 0x0000000710300000| Complete 
| 228|0x0000000710400000, 0x0000000710500000, 0x0000000710500000|100%| S|CS|TAMS 0x0000000710400000, 0x0000000710400000| Complete 
| 229|0x0000000710500000, 0x0000000710600000, 0x0000000710600000|100%| S|CS|TAMS 0x0000000710500000, 0x0000000710500000| Complete 
| 230|0x0000000710600000, 0x0000000710600000, 0x0000000710700000|  0%| F|  |TAMS 0x0000000710600000, 0x0000000710600000| Untracked 
| 231|0x0000000710700000, 0x0000000710700000, 0x0000000710800000|  0%| F|  |TAMS 0x0000000710700000, 0x0000000710700000| Untracked 
| 232|0x0000000710800000, 0x0000000710800000, 0x0000000710900000|  0%| F|  |TAMS 0x0000000710800000, 0x0000000710800000| Untracked 
| 233|0x0000000710900000, 0x0000000710900000, 0x0000000710a00000|  0%| F|  |TAMS 0x0000000710900000, 0x0000000710900000| Untracked 
| 234|0x0000000710a00000, 0x0000000710a00000, 0x0000000710b00000|  0%| F|  |TAMS 0x0000000710a00000, 0x0000000710a00000| Untracked 
| 235|0x0000000710b00000, 0x0000000710b00000, 0x0000000710c00000|  0%| F|  |TAMS 0x0000000710b00000, 0x0000000710b00000| Untracked 
| 236|0x0000000710c00000, 0x0000000710c00000, 0x0000000710d00000|  0%| F|  |TAMS 0x0000000710c00000, 0x0000000710c00000| Untracked 
| 237|0x0000000710d00000, 0x0000000710d00000, 0x0000000710e00000|  0%| F|  |TAMS 0x0000000710d00000, 0x0000000710d00000| Untracked 
| 238|0x0000000710e00000, 0x0000000710e00000, 0x0000000710f00000|  0%| F|  |TAMS 0x0000000710e00000, 0x0000000710e00000| Untracked 
| 239|0x0000000710f00000, 0x0000000710f00000, 0x0000000711000000|  0%| F|  |TAMS 0x0000000710f00000, 0x0000000710f00000| Untracked 
| 240|0x0000000711000000, 0x0000000711000000, 0x0000000711100000|  0%| F|  |TAMS 0x0000000711000000, 0x0000000711000000| Untracked 
| 241|0x0000000711100000, 0x0000000711100000, 0x0000000711200000|  0%| F|  |TAMS 0x0000000711100000, 0x0000000711100000| Untracked 
| 242|0x0000000711200000, 0x0000000711200000, 0x0000000711300000|  0%| F|  |TAMS 0x0000000711200000, 0x0000000711200000| Untracked 
| 243|0x0000000711300000, 0x0000000711300000, 0x0000000711400000|  0%| F|  |TAMS 0x0000000711300000, 0x0000000711300000| Untracked 
| 244|0x0000000711400000, 0x0000000711400000, 0x0000000711500000|  0%| F|  |TAMS 0x0000000711400000, 0x0000000711400000| Untracked 
| 245|0x0000000711500000, 0x0000000711500000, 0x0000000711600000|  0%| F|  |TAMS 0x0000000711500000, 0x0000000711500000| Untracked 
| 246|0x0000000711600000, 0x0000000711600000, 0x0000000711700000|  0%| F|  |TAMS 0x0000000711600000, 0x0000000711600000| Untracked 
| 247|0x0000000711700000, 0x0000000711700000, 0x0000000711800000|  0%| F|  |TAMS 0x0000000711700000, 0x0000000711700000| Untracked 
| 248|0x0000000711800000, 0x0000000711800000, 0x0000000711900000|  0%| F|  |TAMS 0x0000000711800000, 0x0000000711800000| Untracked 
| 249|0x0000000711900000, 0x0000000711900800, 0x0000000711a00000|  0%| E|  |TAMS 0x0000000711900000, 0x0000000711900000| Complete 
| 250|0x0000000711a00000, 0x0000000711b00000, 0x0000000711b00000|100%| E|CS|TAMS 0x0000000711a00000, 0x0000000711a00000| Complete 
| 251|0x0000000711b00000, 0x0000000711c00000, 0x0000000711c00000|100%| E|CS|TAMS 0x0000000711b00000, 0x0000000711b00000| Complete 
| 252|0x0000000711c00000, 0x0000000711d00000, 0x0000000711d00000|100%| E|CS|TAMS 0x0000000711c00000, 0x0000000711c00000| Complete 
| 253|0x0000000711d00000, 0x0000000711e00000, 0x0000000711e00000|100%| E|CS|TAMS 0x0000000711d00000, 0x0000000711d00000| Complete 

Card table byte_map: [0x000002dedb320000,0x000002dedbb10000] _byte_map_base: 0x000002ded7b10000

Marking Bits (Prev, Next): (CMBitMap*) 0x000002dec7b39f48, (CMBitMap*) 0x000002dec7b39f80
 Prev Bits: [0x000002dedc300000, 0x000002dee0280000)
 Next Bits: [0x000002dee0280000, 0x000002dee4200000)

Polling page: 0x000002dec57f0000

Metaspace:

Usage:
  Non-class:     12.07 MB capacity,    11.88 MB ( 98%) used,   178.09 KB (  1%) free+waste,    15.13 KB ( <1%) overhead. 
      Class:      1.08 MB capacity,     1.03 MB ( 95%) used,    47.63 KB (  4%) free+waste,     6.00 KB ( <1%) overhead. 
       Both:     13.15 MB capacity,    12.91 MB ( 98%) used,   225.72 KB (  2%) free+waste,    21.13 KB ( <1%) overhead. 

Virtual space:
  Non-class space:       14.00 MB reserved,      12.25 MB ( 88%) committed 
      Class space:        1.00 GB reserved,       1.13 MB ( <1%) committed 
             Both:        1.01 GB reserved,      13.38 MB (  1%) committed 

Chunk freelists:
   Non-Class:  121.00 KB
       Class:  12.00 KB
        Both:  133.00 KB

MaxMetaspaceSize: 17179869184.00 GB
CompressedClassSpaceSize: 1.00 GB
Initial GC threshold: 20.80 MB
Current GC threshold: 20.80 MB
CDS: off

CodeHeap 'non-profiled nmethods': size=120000Kb used=472Kb max_used=472Kb free=119527Kb
 bounds [0x000002ded30b0000, 0x000002ded3320000, 0x000002deda5e0000]
CodeHeap 'profiled nmethods': size=120000Kb used=2220Kb max_used=2220Kb free=117779Kb
 bounds [0x000002decbb80000, 0x000002decbdf0000, 0x000002ded30b0000]
CodeHeap 'non-nmethods': size=5760Kb used=1631Kb max_used=1644Kb free=4128Kb
 bounds [0x000002decb5e0000, 0x000002decb850000, 0x000002decbb80000]
 total_blobs=2278 nmethods=1251 adapters=940
 compilation: enabled
              stopped_count=0, restarted_count=0
 full_count=0

Compilation events (20 events):
Event: 2.212 Thread 0x000002dee78c9800 1240       3       com.badlogic.gdx.physics.box2d.Fixture::getFilterData (68 bytes)
Event: 2.212 Thread 0x000002dee78c9800 nmethod 1240 0x000002decbda5690 code [0x000002decbda5860, 0x000002decbda5a88]
Event: 2.212 Thread 0x000002dee78c9800 1241       3       com.badlogic.gdx.graphics.g2d.SpriteBatch::begin (65 bytes)
Event: 2.213 Thread 0x000002dee78c9800 nmethod 1241 0x000002decbda5c10 code [0x000002decbda5ea0, 0x000002decbda6848]
Event: 2.213 Thread 0x000002dee78c9800 1242       3       com.badlogic.gdx.graphics.g2d.SpriteBatch::end (66 bytes)
Event: 2.213 Thread 0x000002dee78c9800 nmethod 1242 0x000002decbda6c90 code [0x000002decbda6ec0, 0x000002decbda7538]
Event: 2.213 Thread 0x000002dee78c9800 1243       3       com.badlogic.gdx.graphics.g2d.SpriteBatch::isBlendingEnabled (13 bytes)
Event: 2.213 Thread 0x000002dee78c9800 nmethod 1243 0x000002decbda7810 code [0x000002decbda79c0, 0x000002decbda7b18]
Event: 2.379 Thread 0x000002dee78c9800 1244       3       com.badlogic.gdx.backends.lwjgl3.Lwjgl3GL20::glBindBuffer (6 bytes)
Event: 2.379 Thread 0x000002dee78c9800 nmethod 1244 0x000002decbda7b90 code [0x000002decbda7d60, 0x000002decbda7ee8]
Event: 2.379 Thread 0x000002dee78c9800 1245       3       org.lwjgl.opengl.GL15::glBindBuffer (6 bytes)
Event: 2.379 Thread 0x000002dee78c9800 nmethod 1245 0x000002decbda8010 code [0x000002decbda81c0, 0x000002decbda82c8]
Event: 2.380 Thread 0x000002dee78c9800 1247       3       com.badlogic.gdx.graphics.g2d.SpriteBatch::setProjectionMatrix (32 bytes)
Event: 2.380 Thread 0x000002dee78c9800 nmethod 1247 0x000002decbda8390 code [0x000002decbda8580, 0x000002decbda8948]
Event: 2.496 Thread 0x000002dee78c9800 1248       3       com.badlogic.gdx.physics.box2d.World::getBodies (47 bytes)
Event: 2.496 Thread 0x000002dee78c9800 nmethod 1248 0x000002decbda8b10 code [0x000002decbda8d40, 0x000002decbda9398]
Event: 2.513 Thread 0x000002dee78c9800 1249       3       com.badlogic.gdx.physics.box2d.World::getContactList (160 bytes)
Event: 2.513 Thread 0x000002dee78c9800 nmethod 1249 0x000002decbda9610 code [0x000002decbda98c0, 0x000002decbdaa7e8]
Event: 2.546 Thread 0x000002dee78c9800 1251       3       com.badlogic.gdx.scenes.scene2d.Stage::getWidth (8 bytes)
Event: 2.546 Thread 0x000002dee78c9800 nmethod 1251 0x000002decbdaad10 code [0x000002decbdaaec0, 0x000002decbdab078]

GC Heap History (2 events):
Event: 0.722 GC heap before
{Heap before GC invocations=0 (full 0):
 garbage-first heap   total 260096K, used 23552K [0x0000000702000000, 0x0000000800000000)
  region size 1024K, 24 young (24576K), 0 survivors (0K)
 Metaspace       used 12287K, capacity 12507K, committed 12928K, reserved 1060864K
  class space    used 975K, capacity 1044K, committed 1152K, reserved 1048576K
}
Event: 0.724 GC heap after
{Heap after GC invocations=1 (full 0):
 garbage-first heap   total 260096K, used 2506K [0x0000000702000000, 0x0000000800000000)
  region size 1024K, 3 young (3072K), 3 survivors (3072K)
 Metaspace       used 12287K, capacity 12507K, committed 12928K, reserved 1060864K
  class space    used 975K, capacity 1044K, committed 1152K, reserved 1048576K
}

Deoptimization events (20 events):
Event: 0.226 Thread 0x000002dec7ad4800 Uncommon trap: trap_request=0xffffff4d fr.pc=0x000002ded30be15c relative=0x000000000000003c
Event: 0.226 Thread 0x000002dec7ad4800 Uncommon trap: reason=unstable_if action=reinterpret pc=0x000002ded30be15c method=sun.nio.fs.WindowsPathParser.isSlash(C)Z @ 9 c2
Event: 0.226 Thread 0x000002dec7ad4800 DEOPT PACKING pc=0x000002ded30be15c sp=0x000000f7348fbf60
Event: 0.226 Thread 0x000002dec7ad4800 DEOPT UNPACKING pc=0x000002decb5e85af sp=0x000000f7348fbee8 mode 2
Event: 0.243 Thread 0x000002dec7ad4800 Uncommon trap: trap_request=0xffffff4d fr.pc=0x000002ded30b1114 relative=0x0000000000000074
Event: 0.243 Thread 0x000002dec7ad4800 Uncommon trap: reason=unstable_if action=reinterpret pc=0x000002ded30b1114 method=java.lang.String.isLatin1()Z @ 10 c2
Event: 0.243 Thread 0x000002dec7ad4800 DEOPT PACKING pc=0x000002ded30b1114 sp=0x000000f7348fc070
Event: 0.243 Thread 0x000002dec7ad4800 DEOPT UNPACKING pc=0x000002decb5e85af sp=0x000000f7348fbfb0 mode 2
Event: 0.559 Thread 0x000002dec7ad4800 DEOPT PACKING pc=0x000002decbbb115b sp=0x000000f7348fcb00
Event: 0.559 Thread 0x000002dec7ad4800 DEOPT UNPACKING pc=0x000002decb629d0e sp=0x000000f7348fbf78 mode 0
Event: 0.782 Thread 0x000002dec7ad4800 Uncommon trap: trap_request=0xffffff4d fr.pc=0x000002ded3104c28 relative=0x0000000000000088
Event: 0.782 Thread 0x000002dec7ad4800 Uncommon trap: reason=unstable_if action=reinterpret pc=0x000002ded3104c28 method=java.lang.Math.round(F)I @ 36 c2
Event: 0.782 Thread 0x000002dec7ad4800 DEOPT PACKING pc=0x000002ded3104c28 sp=0x000000f7348fe730
Event: 0.782 Thread 0x000002dec7ad4800 DEOPT UNPACKING pc=0x000002decb5e85af sp=0x000000f7348fe6b0 mode 2
Event: 1.465 Thread 0x000002dec7ad4800 DEOPT PACKING pc=0x000002decbd78453 sp=0x000000f7348ff040
Event: 1.465 Thread 0x000002dec7ad4800 DEOPT UNPACKING pc=0x000002decb629d0e sp=0x000000f7348fe588 mode 0
Event: 2.563 Thread 0x000002dec7ad4800 Uncommon trap: trap_request=0xffffff4d fr.pc=0x000002ded3120cfc relative=0x00000000000000dc
Event: 2.563 Thread 0x000002dec7ad4800 Uncommon trap: reason=unstable_if action=reinterpret pc=0x000002ded3120cfc method=com.badlogic.gdx.utils.Array.iterator()Lcom/badlogic/gdx/utils/Array$ArrayIterator; @ 20 c2
Event: 2.563 Thread 0x000002dec7ad4800 DEOPT PACKING pc=0x000002ded3120cfc sp=0x000000f7348fee80
Event: 2.563 Thread 0x000002dec7ad4800 DEOPT UNPACKING pc=0x000002decb5e85af sp=0x000000f7348fee20 mode 2

Classes redefined (0 events):
No events

Internal exceptions (20 events):
Event: 0.313 Thread 0x000002dec7ad4800 Exception <a 'sun/nio/fs/WindowsException'{0x00000007111e12b8}> (0x00000007111e12b8) thrown at [./src/hotspot/share/prims/jni.cpp, line 616]
Event: 0.313 Thread 0x000002dec7ad4800 Exception <a 'sun/nio/fs/WindowsException'{0x00000007111e1338}> (0x00000007111e1338) thrown at [./src/hotspot/share/prims/jni.cpp, line 616]
Event: 0.317 Thread 0x000002dec7ad4800 Exception <a 'java/security/PrivilegedActionException'{0x00000007110075d0}> (0x00000007110075d0) thrown at [./src/hotspot/share/prims/jvm.cpp, line 1306]
Event: 0.317 Thread 0x000002dec7ad4800 Exception <a 'java/security/PrivilegedActionException'{0x00000007110078a0}> (0x00000007110078a0) thrown at [./src/hotspot/share/prims/jvm.cpp, line 1306]
Event: 0.317 Thread 0x000002dec7ad4800 Exception <a 'java/security/PrivilegedActionException'{0x000000071101d028}> (0x000000071101d028) thrown at [./src/hotspot/share/prims/jvm.cpp, line 1306]
Event: 0.317 Thread 0x000002dec7ad4800 Exception <a 'java/security/PrivilegedActionException'{0x000000071101d2f8}> (0x000000071101d2f8) thrown at [./src/hotspot/share/prims/jvm.cpp, line 1306]
Event: 0.353 Thread 0x000002dec7ad4800 Exception <a 'java/lang/NoSuchMethodError'{0x000000071107e618}: 'java.lang.Object java.lang.invoke.DirectMethodHandle$Holder.invokeStatic(java.lang.Object, long)'> (0x000000071107e618) thrown at [./src/hotspot/share/interpreter/linkResolver.cpp, line 773]
Event: 0.353 Thread 0x000002dec7ad4800 Exception <a 'java/lang/NoSuchMethodError'{0x0000000711081698}: 'java.lang.Object java.lang.invoke.DirectMethodHandle$Holder.invokeSpecial(java.lang.Object, java.lang.Object, long)'> (0x0000000711081698) thrown at [./src/hotspot/share/interpreter/linkResolver.cpp, line 773]
Event: 0.353 Thread 0x000002dec7ad4800 Exception <a 'java/lang/NoSuchMethodError'{0x0000000711084158}: 'java.lang.Object java.lang.invoke.Invokers$Holder.linkToTargetMethod(long, java.lang.Object)'> (0x0000000711084158) thrown at [./src/hotspot/share/interpreter/linkResolver.cpp, line 773]
Event: 0.354 Thread 0x000002dec7ad4800 Exception <a 'java/security/PrivilegedActionException'{0x000000071108c4b8}> (0x000000071108c4b8) thrown at [./src/hotspot/share/prims/jvm.cpp, line 1306]
Event: 0.354 Thread 0x000002dec7ad4800 Exception <a 'java/security/PrivilegedActionException'{0x000000071108c788}> (0x000000071108c788) thrown at [./src/hotspot/share/prims/jvm.cpp, line 1306]
Event: 0.512 Thread 0x000002dec7ad4800 Exception <a 'sun/nio/fs/WindowsException'{0x0000000710e13578}> (0x0000000710e13578) thrown at [./src/hotspot/share/prims/jni.cpp, line 616]
Event: 0.512 Thread 0x000002dec7ad4800 Exception <a 'sun/nio/fs/WindowsException'{0x0000000710e135f8}> (0x0000000710e135f8) thrown at [./src/hotspot/share/prims/jni.cpp, line 616]
Event: 0.514 Thread 0x000002dec7ad4800 Exception <a 'sun/nio/fs/WindowsException'{0x0000000710e46228}> (0x0000000710e46228) thrown at [./src/hotspot/share/prims/jni.cpp, line 616]
Event: 0.514 Thread 0x000002dec7ad4800 Exception <a 'sun/nio/fs/WindowsException'{0x0000000710e462a8}> (0x0000000710e462a8) thrown at [./src/hotspot/share/prims/jni.cpp, line 616]
Event: 0.557 Thread 0x000002dec7ad4800 Exception <a 'java/security/PrivilegedActionException'{0x0000000710ddb500}> (0x0000000710ddb500) thrown at [./src/hotspot/share/prims/jvm.cpp, line 1306]
Event: 0.557 Thread 0x000002dec7ad4800 Exception <a 'java/security/PrivilegedActionException'{0x0000000710ddb7d0}> (0x0000000710ddb7d0) thrown at [./src/hotspot/share/prims/jvm.cpp, line 1306]
Event: 0.666 Thread 0x000002dec7ad4800 Exception <a 'java/security/PrivilegedActionException'{0x0000000710a8dd60}> (0x0000000710a8dd60) thrown at [./src/hotspot/share/prims/jvm.cpp, line 1306]
Event: 0.666 Thread 0x000002dec7ad4800 Exception <a 'java/security/PrivilegedActionException'{0x0000000710a8e030}> (0x0000000710a8e030) thrown at [./src/hotspot/share/prims/jvm.cpp, line 1306]
Event: 2.562 Thread 0x000002dec7ad4800 Implicit null exception at 0x000002ded3120c64 to 0x000002ded3120ce8

Events (20 events):
Event: 0.881 Loaded shared library C:\Users\adams\AppData\Local\JetBrains\Toolbox\apps\AndroidStudio\ch-0\213.7172.25.2113.9014738\jre\bin\java.dll
Event: 0.964 Loaded shared library C:\Users\adams\AppData\Local\Temp\lwjgladams\3.3.1-build-7\lwjgl_opengl.dll
Event: 0.965 Loaded shared library C:\Users\adams\AppData\Local\Temp\lwjgladams\3.3.1-build-7\lwjgl_opengl.dll
Event: 0.966 Loaded shared library C:\Users\adams\AppData\Local\Temp\lwjgladams\3.3.1-build-7\lwjgl_opengl.dll
Event: 1.079 loading class com/badlogic/gdx/graphics/g2d/Animation$1
Event: 1.079 loading class com/badlogic/gdx/graphics/g2d/Animation$1 done
Event: 1.180 Loaded shared library C:\Users\adams\AppData\Local\Temp\lwjgladams\3.3.1-build-7\lwjgl_opengl.dll
Event: 1.181 Thread 0x000002dee78c6000 Thread exited: 0x000002dee78c6000
Event: 1.279 Thread 0x000002dee78ca800 Thread exited: 0x000002dee78ca800
Event: 1.331 Loaded shared library C:\Users\adams\AppData\Local\Temp\lwjgladams\3.3.1-build-7\lwjgl_opengl.dll
Event: 1.365 Loaded shared library C:\Users\adams\AppData\Local\Temp\lwjgladams\3.3.1-build-7\lwjgl_opengl.dll
Event: 1.366 Loaded shared library C:\Users\adams\AppData\Local\Temp\lwjgladams\3.3.1-build-7\lwjgl_opengl.dll
Event: 1.697 Loaded shared library C:\Users\adams\AppData\Local\Temp\lwjgladams\3.3.1-build-7\lwjgl_opengl.dll
Event: 1.848 Loaded shared library C:\Users\adams\AppData\Local\Temp\lwjgladams\3.3.1-build-7\lwjgl_opengl.dll
Event: 2.065 Loaded shared library C:\Users\adams\AppData\Local\Temp\lwjgladams\3.3.1-build-7\lwjgl_opengl.dll
Event: 2.068 Loaded shared library C:\Users\adams\AppData\Local\Temp\lwjgladams\3.3.1-build-7\lwjgl_opengl.dll
Event: 2.380 Loaded shared library C:\Users\adams\AppData\Local\Temp\lwjgladams\3.3.1-build-7\lwjgl_opengl.dll
Event: 2.529 Loaded shared library C:\Users\adams\AppData\Local\JetBrains\Toolbox\apps\AndroidStudio\ch-0\213.7172.25.2113.9014738\jre\bin\java.dll
Event: 2.563 loading class com/badlogic/gdx/scenes/scene2d/InputEvent$Type
Event: 2.563 loading class com/badlogic/gdx/scenes/scene2d/InputEvent$Type done


Dynamic libraries:
0x00007ff730ea0000 - 0x00007ff730eaa000 	C:\Users\adams\AppData\Local\JetBrains\Toolbox\apps\AndroidStudio\ch-0\213.7172.25.2113.9014738\jre\bin\java.exe
0x00007ff9cba30000 - 0x00007ff9cbc28000 	C:\WINDOWS\SYSTEM32\ntdll.dll
0x00007ff9c9db0000 - 0x00007ff9c9e6f000 	C:\WINDOWS\System32\KERNEL32.DLL
0x00007ff9c9120000 - 0x00007ff9c93f2000 	C:\WINDOWS\System32\KERNELBASE.dll
0x00007ff9c6940000 - 0x00007ff9c69d1000 	C:\WINDOWS\SYSTEM32\apphelp.dll
0x00007ff9c9560000 - 0x00007ff9c9660000 	C:\WINDOWS\System32\ucrtbase.dll
0x00007ff9c5c80000 - 0x00007ff9c5c99000 	C:\Users\adams\AppData\Local\JetBrains\Toolbox\apps\AndroidStudio\ch-0\213.7172.25.2113.9014738\jre\bin\jli.dll
0x00007ff9bf610000 - 0x00007ff9bf627000 	C:\Users\adams\AppData\Local\JetBrains\Toolbox\apps\AndroidStudio\ch-0\213.7172.25.2113.9014738\jre\bin\VCRUNTIME140.dll
0x00007ff9cb840000 - 0x00007ff9cb9e1000 	C:\WINDOWS\System32\USER32.dll
0x00007ff9bd890000 - 0x00007ff9bdb2a000 	C:\WINDOWS\WinSxS\amd64_microsoft.windows.common-controls_6595b64144ccf1df_6.0.19041.1110_none_60b5254171f9507e\COMCTL32.dll
0x00007ff9c99a0000 - 0x00007ff9c99c2000 	C:\WINDOWS\System32\win32u.dll
0x00007ff9cb5b0000 - 0x00007ff9cb5db000 	C:\WINDOWS\System32\GDI32.dll
0x00007ff9ca030000 - 0x00007ff9ca0ce000 	C:\WINDOWS\System32\msvcrt.dll
0x00007ff9c9400000 - 0x00007ff9c950f000 	C:\WINDOWS\System32\gdi32full.dll
0x00007ff9c9900000 - 0x00007ff9c999d000 	C:\WINDOWS\System32\msvcp_win.dll
0x00007ff9c9e70000 - 0x00007ff9c9ea2000 	C:\WINDOWS\System32\IMM32.DLL
0x00007ff9bdd10000 - 0x00007ff9bddad000 	C:\Users\adams\AppData\Local\JetBrains\Toolbox\apps\AndroidStudio\ch-0\213.7172.25.2113.9014738\jre\bin\msvcp140.dll
0x00007ff976f90000 - 0x00007ff977a92000 	C:\Users\adams\AppData\Local\JetBrains\Toolbox\apps\AndroidStudio\ch-0\213.7172.25.2113.9014738\jre\bin\server\jvm.dll
0x00007ff9ca510000 - 0x00007ff9ca5be000 	C:\WINDOWS\System32\ADVAPI32.dll
0x00007ff9cb5f0000 - 0x00007ff9cb68c000 	C:\WINDOWS\System32\sechost.dll
0x00007ff9ca5c0000 - 0x00007ff9ca6e5000 	C:\WINDOWS\System32\RPCRT4.dll
0x00007ff9cb5e0000 - 0x00007ff9cb5e8000 	C:\WINDOWS\System32\PSAPI.DLL
0x00007ff9c5c30000 - 0x00007ff9c5c39000 	C:\WINDOWS\SYSTEM32\WSOCK32.dll
0x00007ff9c3280000 - 0x00007ff9c328a000 	C:\WINDOWS\SYSTEM32\VERSION.dll
0x00007ff9bfe90000 - 0x00007ff9bfeb7000 	C:\WINDOWS\SYSTEM32\WINMM.dll
0x00007ff9c9c90000 - 0x00007ff9c9cfb000 	C:\WINDOWS\System32\WS2_32.dll
0x00007ff9c7000000 - 0x00007ff9c7012000 	C:\WINDOWS\SYSTEM32\kernel.appcore.dll
0x00007ff9bff30000 - 0x00007ff9bff41000 	C:\Users\adams\AppData\Local\JetBrains\Toolbox\apps\AndroidStudio\ch-0\213.7172.25.2113.9014738\jre\bin\verify.dll
0x00007ff9be490000 - 0x00007ff9be674000 	C:\WINDOWS\SYSTEM32\DBGHELP.DLL
0x00007ff9b6800000 - 0x00007ff9b6835000 	C:\WINDOWS\SYSTEM32\dbgcore.DLL
0x00007ff9c9660000 - 0x00007ff9c96e2000 	C:\WINDOWS\System32\bcryptPrimitives.dll
0x00007ff9bff00000 - 0x00007ff9bff29000 	C:\Users\adams\AppData\Local\JetBrains\Toolbox\apps\AndroidStudio\ch-0\213.7172.25.2113.9014738\jre\bin\java.dll
0x00007ff9bfbb0000 - 0x00007ff9bfbbb000 	C:\Users\adams\AppData\Local\JetBrains\Toolbox\apps\AndroidStudio\ch-0\213.7172.25.2113.9014738\jre\bin\jimage.dll
0x00007ff9bfb30000 - 0x00007ff9bfb48000 	C:\Users\adams\AppData\Local\JetBrains\Toolbox\apps\AndroidStudio\ch-0\213.7172.25.2113.9014738\jre\bin\zip.dll
0x00007ff9ca6f0000 - 0x00007ff9cae34000 	C:\WINDOWS\System32\SHELL32.dll
0x00007ff9c7200000 - 0x00007ff9c7992000 	C:\WINDOWS\SYSTEM32\windows.storage.dll
0x00007ff9ca0d0000 - 0x00007ff9ca425000 	C:\WINDOWS\System32\combase.dll
0x00007ff9c8b80000 - 0x00007ff9c8bb0000 	C:\WINDOWS\SYSTEM32\Wldp.dll
0x00007ff9c9d00000 - 0x00007ff9c9dad000 	C:\WINDOWS\System32\SHCORE.dll
0x00007ff9c9a70000 - 0x00007ff9c9ac5000 	C:\WINDOWS\System32\shlwapi.dll
0x00007ff9c9060000 - 0x00007ff9c907f000 	C:\WINDOWS\SYSTEM32\profapi.dll
0x00007ff9bf6f0000 - 0x00007ff9bf70a000 	C:\Users\adams\AppData\Local\JetBrains\Toolbox\apps\AndroidStudio\ch-0\213.7172.25.2113.9014738\jre\bin\net.dll
0x00007ff9c2630000 - 0x00007ff9c273c000 	C:\WINDOWS\SYSTEM32\WINHTTP.dll
0x00007ff9c88e0000 - 0x00007ff9c894a000 	C:\WINDOWS\system32\mswsock.dll
0x00007ff9bf4a0000 - 0x00007ff9bf4b4000 	C:\Users\adams\AppData\Local\JetBrains\Toolbox\apps\AndroidStudio\ch-0\213.7172.25.2113.9014738\jre\bin\nio.dll
0x0000000065c30000 - 0x0000000065c59000 	C:\Users\adams\AppData\Local\Temp\libgdxadams\e787ab0a\gdx64.dll
0x00007ff9a3680000 - 0x00007ff9a36f5000 	C:\Users\adams\AppData\Local\Temp\lwjgladams\3.3.1-build-7\lwjgl.dll
0x00007ff99cfc0000 - 0x00007ff99d219000 	C:\Users\adams\AppData\Local\Temp\lwjgladams\3.3.1-build-7\jemalloc.dll
0x00007ff9a1210000 - 0x00007ff9a1271000 	C:\Users\adams\AppData\Local\Temp\lwjgladams\3.3.1-build-7\glfw.dll
0x00007ff9a5b60000 - 0x00007ff9a5ba5000 	C:\WINDOWS\SYSTEM32\dinput8.dll
0x00007ff985e20000 - 0x00007ff985e31000 	C:\WINDOWS\SYSTEM32\xinput1_4.dll
0x00007ff9c9510000 - 0x00007ff9c955e000 	C:\WINDOWS\System32\cfgmgr32.dll
0x00007ff9c8ed0000 - 0x00007ff9c8efc000 	C:\WINDOWS\SYSTEM32\DEVOBJ.dll
0x00007ff9c6e20000 - 0x00007ff9c6e4f000 	C:\WINDOWS\SYSTEM32\dwmapi.dll
0x00007ff9b5ae0000 - 0x00007ff9b5c32000 	C:\WINDOWS\SYSTEM32\inputhost.dll
0x00007ff9c9f60000 - 0x00007ff9ca02d000 	C:\WINDOWS\System32\OLEAUT32.dll
0x00007ff9c6630000 - 0x00007ff9c6722000 	C:\WINDOWS\SYSTEM32\CoreMessaging.dll
0x00007ff9c4e00000 - 0x00007ff9c4f54000 	C:\WINDOWS\SYSTEM32\wintypes.dll
0x00007ff9c62d0000 - 0x00007ff9c662e000 	C:\WINDOWS\SYSTEM32\CoreUIComponents.dll
0x00007ff9c4a50000 - 0x00007ff9c4b46000 	C:\WINDOWS\SYSTEM32\PROPSYS.dll
0x00007ff9c82b0000 - 0x00007ff9c82e3000 	C:\WINDOWS\SYSTEM32\ntmarta.dll
0x00007ff9c6b10000 - 0x00007ff9c6bae000 	C:\WINDOWS\system32\uxtheme.dll
0x00007ff9cb490000 - 0x00007ff9cb5a5000 	C:\WINDOWS\System32\MSCTF.dll
0x00007ff99d8f0000 - 0x00007ff99da87000 	C:\Users\adams\AppData\Local\Temp\lwjgladams\3.3.1-build-7\OpenAL.dll
0x00007ff9c9b60000 - 0x00007ff9c9c8a000 	C:\WINDOWS\System32\ole32.dll
0x00007ff9c9eb0000 - 0x00007ff9c9f5f000 	C:\WINDOWS\System32\clbcatq.dll
0x00007ff9c3040000 - 0x00007ff9c30c5000 	C:\WINDOWS\System32\MMDevApi.dll
0x00007ff9c2d70000 - 0x00007ff9c2ef2000 	C:\WINDOWS\SYSTEM32\AUDIOSES.DLL
0x00007ff9c86a0000 - 0x00007ff9c86eb000 	C:\WINDOWS\SYSTEM32\powrprof.dll
0x00007ff9c8560000 - 0x00007ff9c8572000 	C:\WINDOWS\SYSTEM32\UMPDC.dll
0x00007ff9c6c10000 - 0x00007ff9c6c24000 	C:\WINDOWS\SYSTEM32\resourcepolicyclient.dll
0x00007ff9a2510000 - 0x00007ff9a2635000 	C:\WINDOWS\SYSTEM32\opengl32.dll
0x00007ff9becb0000 - 0x00007ff9becdc000 	C:\WINDOWS\SYSTEM32\GLU32.dll
0x00007ff9c4370000 - 0x00007ff9c4467000 	C:\Windows\System32\AppXDeploymentClient.dll
0x00007ff992a50000 - 0x00007ff995c09000 	C:\WINDOWS\System32\DriverStore\FileRepository\nv_dispig.inf_amd64_ee20464bb4ac57f4\nvoglv64.dll
0x00007ff9cae50000 - 0x00007ff9cb2b8000 	C:\WINDOWS\System32\SETUPAPI.dll
0x00007ff9c9a40000 - 0x00007ff9c9a67000 	C:\WINDOWS\System32\bcrypt.dll
0x00007ff9c4bb0000 - 0x00007ff9c4bc4000 	C:\WINDOWS\SYSTEM32\WTSAPI32.dll
0x00007ff9c8af0000 - 0x00007ff9c8afc000 	C:\WINDOWS\SYSTEM32\CRYPTBASE.DLL
0x00007ff9c8d10000 - 0x00007ff9c8d22000 	C:\WINDOWS\SYSTEM32\msasn1.dll
0x00007ff9c3210000 - 0x00007ff9c3241000 	C:\WINDOWS\SYSTEM32\cryptnet.dll
0x00007ff9c96f0000 - 0x00007ff9c9846000 	C:\WINDOWS\System32\CRYPT32.dll
0x00007ff9c2a60000 - 0x00007ff9c2ba8000 	C:\WINDOWS\SYSTEM32\drvstore.dll
0x00007ff9c99d0000 - 0x00007ff9c9a39000 	C:\WINDOWS\System32\WINTRUST.dll
0x00007ff9c1350000 - 0x00007ff9c138b000 	C:\WINDOWS\SYSTEM32\dxcore.dll
0x00007ff99ccf0000 - 0x00007ff99cfbf000 	C:\WINDOWS\system32\nvspcap64.dll
0x00007ff9c7e20000 - 0x00007ff9c7e84000 	C:\WINDOWS\SYSTEM32\WINSTA.dll
0x00007ff9a3ca0000 - 0x00007ff9a3cfd000 	C:\Users\adams\AppData\Local\Temp\lwjgladams\3.3.1-build-7\lwjgl_opengl.dll
0x00007ff9b5fb0000 - 0x00007ff9b60a9000 	C:\WINDOWS\SYSTEM32\textinputframework.dll
0x0000000065bd0000 - 0x0000000065c2a000 	C:\Users\adams\AppData\Local\Temp\libgdxadams\888fe1bc\gdx-box2d64.dll

dbghelp: loaded successfully - version: 4.0.5 - missing functions: none
symbol engine: initialized successfully - sym options: 0x614 - pdb path: .;C:\Users\adams\AppData\Local\JetBrains\Toolbox\apps\AndroidStudio\ch-0\213.7172.25.2113.9014738\jre\bin;C:\WINDOWS\SYSTEM32;C:\WINDOWS\WinSxS\amd64_microsoft.windows.common-controls_6595b64144ccf1df_6.0.19041.1110_none_60b5254171f9507e;C:\Users\adams\AppData\Local\JetBrains\Toolbox\apps\AndroidStudio\ch-0\213.7172.25.2113.9014738\jre\bin\server;C:\Users\adams\AppData\Local\Temp\libgdxadams\e787ab0a;C:\Users\adams\AppData\Local\Temp\lwjgladams\3.3.1-build-7;C:\WINDOWS\System32\DriverStore\FileRepository\nv_dispig.inf_amd64_ee20464bb4ac57f4;C:\Users\adams\AppData\Local\Temp\libgdxadams\888fe1bc

VM Arguments:
jvm_args: -Dfile.encoding=windows-1250 -Duser.country=PL -Duser.language=pl -Duser.variant 
java_command: com.mygdx.game.DesktopLauncher
java_class_path (initial): C:\Programowanie\Mario\desktop\build\classes\java\main;C:\Programowanie\Mario\desktop\build\resources\main;C:\Users\adams\.gradle\caches\modules-2\files-2.1\com.badlogicgames.gdx\gdx-backend-lwjgl3\1.11.0\58a96db4cd349be4292d547856aa1e1c5f065f4e\gdx-backend-lwjgl3-1.11.0.jar;C:\Users\adams\.gradle\caches\modules-2\files-2.1\com.badlogicgames.gdx\gdx-platform\1.11.0\697fb13eada6d3c6ca648c9788692b0159add126\gdx-platform-1.11.0-natives-desktop.jar;C:\Users\adams\.gradle\caches\modules-2\files-2.1\com.badlogicgames.gdx\gdx-box2d-platform\1.11.0\62ff9baa1e57a11e0a4428a38c9660bf9f312fdc\gdx-box2d-platform-1.11.0-natives-desktop.jar;C:\Programowanie\Mario\core\build\libs\core-1.0.jar;C:\Users\adams\.gradle\caches\modules-2\files-2.1\com.badlogicgames.gdx\gdx-box2d\1.11.0\ad4facee800dd945d6d6e93dea2936bc135b5f\gdx-box2d-1.11.0.jar;C:\Users\adams\.gradle\caches\modules-2\files-2.1\com.badlogicgames.gdx\gdx\1.11.0\ffe1206d1004cd9e40027e28964be0fea0399af7\gdx-1.11.0.jar;C:\Users\adams\.gradle\caches\modules-2\files-2.1\org.lwjgl\lwjgl-glfw\3.3.1\cbac1b8d30cb4795149c1ef540f912671a8616d0\lwjgl-glfw-3.3.1.jar;C:\Users\adams\.gradle\caches\modules-2\files-2.1\org.lwjgl\lwjgl-glfw\3.3.1\81716978214ecbda15050ca394b06ef61501a49e\lwjgl-glfw-3.3.1-natives-linux.jar;C:\Users\adams\.gradle\caches\modules-2\files-2.1\org.lwjgl\lwjgl-glfw\3.3.1\816d935933f2dd743074c4e717cc25b55720f294\lwjgl-glfw-3.3.1-natives-linux-arm32.jar;C:\Users\adams\.gradle\caches\modules-2\files-2.1\org.lwjgl\lwjgl-glfw\3.3.1\513eb39b866d0fe131a18d5c517087805433b029\lwjgl-glfw-3.3.1-natives-linux-arm64.jar;C:\Users\adams\.gradle\caches\modules-2\files-2.1\org.lwjgl\lwjgl-glfw\3.3.1\9ec4ce1fc8c85fdef03ef4ff2aace6f5775fb280\lwjgl-glfw-3.3.1-natives-macos.jar;C:\Users\adams\.gradle\caches\modules-2\files-2.1\org.lwjgl\lwjgl-glfw\3.3.1\cac0d3f712a3da7641fa174735a5f315de7ffe0a\lwjgl-glfw-3.3.1-natives-macos-arm64.jar;C:\Users\adams\.gradle\caches\modules-2\files-2.1\org.lwjgl\lwjgl-glfw\3.3.
Launcher Type: SUN_STANDARD

[Global flags]
     intx CICompilerCount                          = 4                                         {product} {ergonomic}
     uint ConcGCThreads                            = 3                                         {product} {ergonomic}
     uint G1ConcRefinementThreads                  = 10                                        {product} {ergonomic}
   size_t G1HeapRegionSize                         = 1048576                                   {product} {ergonomic}
    uintx GCDrainStackTargetSize                   = 64                                        {product} {ergonomic}
   size_t InitialHeapSize                          = 266338304                                 {product} {ergonomic}
   size_t MarkStackSize                            = 4194304                                   {product} {ergonomic}
   size_t MaxHeapSize                              = 4261412864                                {product} {ergonomic}
   size_t MaxNewSize                               = 2556428288                                {product} {ergonomic}
   size_t MinHeapDeltaBytes                        = 1048576                                   {product} {ergonomic}
    uintx NonNMethodCodeHeapSize                   = 5836300                                {pd product} {ergonomic}
    uintx NonProfiledCodeHeapSize                  = 122910970                              {pd product} {ergonomic}
    uintx ProfiledCodeHeapSize                     = 122910970                              {pd product} {ergonomic}
    uintx ReservedCodeCacheSize                    = 251658240                              {pd product} {ergonomic}
     bool SegmentedCodeCache                       = true                                      {product} {ergonomic}
     bool UseCompressedClassPointers               = true                                 {lp64_product} {ergonomic}
     bool UseCompressedOops                        = true                                 {lp64_product} {ergonomic}
     bool UseG1GC                                  = true                                      {product} {ergonomic}
     bool UseLargePagesIndividualAllocation        = false                                  {pd product} {ergonomic}

Logging:
Log output configuration:
 #0: stdout all=warning uptime,level,tags
 #1: stderr all=off uptime,level,tags

Environment Variables:
PATH=C:\Program Files\Microsoft\jdk-11.0.12.7-hotspot\bin;C:\Program Files\Common Files\Oracle\Java\javapath;C:\Program Files (x86)\Razer Chroma SDK\bin;C:\Program Files\Razer Chroma SDK\bin;C:\Program Files (x86)\Razer\ChromaBroadcast\bin;C:\Program Files\Razer\ChromaBroadcast\bin;C:\WINDOWS\system32;C:\WINDOWS;C:\WINDOWS\System32\Wbem;C:\WINDOWS\System32\WindowsPowerShell\v1.0\;C:\WINDOWS\System32\OpenSSH\;C:\Program Files (x86)\NVIDIA Corporation\PhysX\Common;C:\Program Files\NVIDIA Corporation\NVIDIA NvDLISR;C:\Program Files\MATLAB\R2021b\bin;C:\Program Files (x86)\dotnet\;C:\WINDOWS\system32\config\systemprofile\AppData\Local\Microsoft\WindowsApps;C:\Program Files\Git\cmd;C:\Program Files\dotnet\;C:\Users\adams\AppData\Local\Microsoft\WindowsApps;C:\Program Files\Java\jdk-17.0.5\bin;C:\Program Files\JetBrains\IntelliJ IDEA 2022.2.3\bin;C:\Users\adams\.dotnet\tools
USERNAME=adams
OS=Windows_NT
PROCESSOR_IDENTIFIER=Intel64 Family 6 Model 167 Stepping 1, GenuineIntel



---------------  S Y S T E M  ---------------

OS: Windows 10 , 64 bit Build 19041 (10.0.19041.2364)
OS uptime: 4 days 16:27 hours

CPU:total 12 (initial active 12) (6 cores per cpu, 2 threads per core) family 6 model 167 stepping 1 microcode 0x40, cmov, cx8, fxsr, mmx, sse, sse2, sse3, ssse3, sse4.1, sse4.2, popcnt, avx, avx2, aes, clmul, erms, 3dnowpref, lzcnt, ht, tsc, tscinvbit, bmi1, bmi2, adx, evex, sha, fma

Memory: 4k page, system-wide physical 16253M (5601M free)
TotalPageFile size 19279M (AvailPageFile size 2985M)
current process WorkingSet (physical memory assigned to process): 146M, peak: 147M
current process commit charge ("private bytes"): 423M, peak: 424M

vm_info: OpenJDK 64-Bit Server VM (11.0.13+0-b1751.21-8125866) for windows-amd64 JRE (11.0.13+0-b1751.21-8125866), built on Feb  2 2022 03:00:22 by "builder" with MS VC++ 14.0 (VS2015)

END.
