#
# A fatal error has been detected by the Java Runtime Environment:
#
#  EXCEPTION_ACCESS_VIOLATION (0xc0000005) at pc=0x0000000065bdba43, pid=32648, tid=19580
#
# JRE version: OpenJDK Runtime Environment (11.0.13) (build 11.0.13+0-b1751.21-8125866)
# Java VM: OpenJDK 64-Bit Server VM (11.0.13+0-b1751.21-8125866, mixed mode, tiered, compressed oops, g1 gc, windows-amd64)
# Problematic frame:
# C  [gdx-box2d64.dll+0xba43]
#
# No core dump will be written. Minidumps are not enabled by default on client versions of Windows
#
# If you would like to submit a bug report, please visit:
#   https://bugreport.java.com/bugreport/crash.jsp
# The crash happened outside the Java Virtual Machine in native code.
# See problematic frame for where to report the bug.
#

---------------  S U M M A R Y ------------

Command Line: -Dfile.encoding=windows-1250 -Duser.country=PL -Duser.language=pl -Duser.variant com.mygdx.game.DesktopLauncher

Host: 11th Gen Intel(R) Core(TM) i5-11400 @ 2.60GHz, 12 cores, 15G,  Windows 10 , 64 bit Build 19041 (10.0.19041.2364)
Time: Mon Jan  2 14:52:59 2023 Œrodkowoeuropejski czas stand. elapsed time: 0.739475 seconds (0d 0h 0m 0s)

---------------  T H R E A D  ---------------

Current thread (0x00000136d8b73800):  JavaThread "main" [_thread_in_native, id=19580, stack(0x0000001457800000,0x0000001457900000)]

Stack: [0x0000001457800000,0x0000001457900000],  sp=0x00000014578fe9c0,  free space=1018k
Native frames: (J=compiled Java code, j=interpreted, Vv=VM code, C=native code)
C  [gdx-box2d64.dll+0xba43]

Java frames: (J=compiled Java code, j=interpreted, Vv=VM code)
j  com.badlogic.gdx.physics.box2d.World.jniCreateBody(JIFFFFFFFFZZZZZF)J+0
j  com.badlogic.gdx.physics.box2d.World.createBody(Lcom/badlogic/gdx/physics/box2d/BodyDef;)Lcom/badlogic/gdx/physics/box2d/Body;+80
j  com.mygdx.game.lv1.cos.Mario.Sprites.Sugar.defineEnemy()V+37
j  com.mygdx.game.lv1.cos.Mario.Sprites.Enemy.<init>(Lcom/mygdx/game/lv1/cos/Mario/Screens/PlayScreen;FF)V+24
j  com.mygdx.game.lv1.cos.Mario.Sprites.Sugar.<init>(Lcom/mygdx/game/lv1/cos/Mario/Screens/PlayScreen;FF)V+4
j  com.mygdx.game.lv1.cos.Mario.tools.B2WorldCreator.<init>(Lcom/mygdx/game/lv1/cos/Mario/Screens/PlayScreen;)V+619
j  com.mygdx.game.lv1.cos.Mario.Screens.PlayScreen.<init>(Lcom/mygdx/game/Mario;)V+196
j  com.mygdx.game.Mario.create()V+17
j  com.badlogic.gdx.backends.lwjgl3.Lwjgl3Window.initializeListener()V+11
j  com.badlogic.gdx.backends.lwjgl3.Lwjgl3Window.update()Z+8
j  com.badlogic.gdx.backends.lwjgl3.Lwjgl3Application.loop()V+111
j  com.badlogic.gdx.backends.lwjgl3.Lwjgl3Application.<init>(Lcom/badlogic/gdx/ApplicationListener;Lcom/badlogic/gdx/backends/lwjgl3/Lwjgl3ApplicationConfiguration;)V+269
j  com.mygdx.game.DesktopLauncher.main([Ljava/lang/String;)V+47
v  ~StubRoutines::call_stub

siginfo: EXCEPTION_ACCESS_VIOLATION (0xc0000005), reading address 0x00000136fb7368b0


Register to memory mapping:

RIP=0x0000000065bdba43 gdx-box2d64.dll
RAX=0x0000000065c1f060 gdx-box2d64.dll
RBX=0x00000136fb7368b0 is an unknown value
RCX=0x00000136fb719460 points into unknown readable memory: 0x00000136fb73f3e0 | e0 f3 73 fb 36 01 00 00
RDX=0x00000000000000b8 is an unknown value
RSP=0x00000014578fe9c0 is pointing into the stack for thread: 0x00000136d8b73800
RBP=0x00000136fb719490 points into unknown readable memory: 0x0000000000000000 | 00 00 00 00 00 00 00 00
RSI=0x00000136fb719460 points into unknown readable memory: 0x00000136fb73f3e0 | e0 f3 73 fb 36 01 00 00
RDI=0x00000000000a73f0 is an unknown value
R8 =0x00000136fb719460 points into unknown readable memory: 0x00000136fb73f3e0 | e0 f3 73 fb 36 01 00 00
R9 =0x0000000000000002 is an unknown value
R10=0x0 is NULL
R11=0x0000000000000001 is an unknown value
R12=0x0000000000000006 is an unknown value
R13={method} {0x00000136fe73c510} 'jniCreateBody' '(JIFFFFFFFFZZZZZF)J' in 'com/badlogic/gdx/physics/box2d/World'
R14=0x00000014578fec98 is pointing into the stack for thread: 0x00000136d8b73800
R15=0x00000136d8b73800 is a thread


Registers:
RAX=0x0000000065c1f060, RBX=0x00000136fb7368b0, RCX=0x00000136fb719460, RDX=0x00000000000000b8
RSP=0x00000014578fe9c0, RBP=0x00000136fb719490, RSI=0x00000136fb719460, RDI=0x00000000000a73f0
R8 =0x00000136fb719460, R9 =0x0000000000000002, R10=0x0000000000000000, R11=0x0000000000000001
R12=0x0000000000000006, R13=0x00000136fe73c508, R14=0x00000014578fec98, R15=0x00000136d8b73800
RIP=0x0000000065bdba43, EFLAGS=0x0000000000010202

Top of Stack: (sp=0x00000014578fe9c0)
0x00000014578fe9c0:   00000136d8b73908 00000014578ff558
0x00000014578fe9d0:   00000136d8b73800 00007ff97762158c
0x00000014578fe9e0:   00000136fe73c508 00000136d8b73800
0x00000014578fe9f0:   00007ff9777e8f78 00000136fb719460
0x00000014578fea00:   00000014578feaa0 00000000000a73f0
0x00000014578fea10:   00000014578febf0 0000000000000000
0x00000014578fea20:   00000136fe73c508 0000000065bf0e22
0x00000014578fea30:   00000014578fec08 00000014578feb80
0x00000014578fea40:   00000014578feae0 00000014578feae0
0x00000014578fea50:   0000013600000003 00000136fe73c508
0x00000014578fea60:   00000136d8b73800 0000000000000001
0x00000014578fea70:   00000136f8256fc8 0000000065bf66e6
0x00000014578fea80:   00000136d8b73800 00000014578fec98
0x00000014578fea90:   00000014578febf0 00000136dc688f0b
0x00000014578feaa0:   40853c8a00000002 000000003ea5b35c
0x00000014578feab0:   0000000000000000 0000000000000000 

Instructions: (pc=0x0000000065bdba43)
0x0000000065bdb943:   f6 48 8d 2d b5 16 03 00 48 8d 3d 0e 37 04 00 4c
0x0000000065bdb953:   8d 2d f7 31 03 00 4c 8d 25 55 32 03 00 eb 1a 83
0x0000000065bdb963:   fe 0d 7e 11 41 b8 49 00 00 00 4c 89 ea 4c 89 e1
0x0000000065bdb973:   e8 18 82 02 00 48 83 c3 01 48 63 c6 39 5c 85 00
0x0000000065bdb983:   7d 03 83 c6 01 48 81 fb 80 02 00 00 40 88 34 1f
0x0000000065bdb993:   75 cd c6 05 a4 36 04 00 01 48 83 c4 28 5b 5e 5f
0x0000000065bdb9a3:   5d 41 5c 41 5d c3 90 66 0f 1f 44 00 00 57 56 53
0x0000000065bdb9b3:   48 83 ec 20 8b 41 08 48 89 cf 85 c0 7e 1d 31 f6
0x0000000065bdb9c3:   31 db 48 8b 07 83 c3 01 48 8b 4c 30 08 48 83 c6
0x0000000065bdb9d3:   10 e8 a7 08 00 00 39 5f 08 7f e7 48 8b 0f 48 83
0x0000000065bdb9e3:   c4 20 5b 5e 5f e9 93 08 00 00 90 66 90 41 55 41
0x0000000065bdb9f3:   54 55 57 56 53 48 83 ec 38 48 63 da 48 89 ce 83
0x0000000065bdba03:   fb 00 0f 84 95 01 00 00 0f 8e 6f 01 00 00 81 fb
0x0000000065bdba13:   80 02 00 00 0f 8f 23 01 00 00 48 8d 05 3c 36 04
0x0000000065bdba23:   00 44 0f b6 24 18 41 80 fc 0d 4c 89 e3 0f 87 da
0x0000000065bdba33:   00 00 00 48 8d 2c de 48 8b 5d 10 48 85 db 74 1d
0x0000000065bdba43:   48 8b 03 48 89 45 10 48 89 d8 48 83 c4 38 5b 5e
0x0000000065bdba53:   5f 5d 41 5c 41 5d c3 66 0f 1f 44 00 00 48 63 46
0x0000000065bdba63:   08 4c 8b 2e 3b 46 0c 0f 84 40 01 00 00 48 c1 e0
0x0000000065bdba73:   04 b9 00 40 00 00 4d 63 e4 49 8d 7c 05 00 e8 ea
0x0000000065bdba83:   07 00 00 48 89 c3 48 89 47 08 48 8d 05 6c 15 03
0x0000000065bdba93:   00 46 8b 24 a0 b8 00 40 00 00 99 41 f7 fc 45 89
0x0000000065bdbaa3:   e5 44 89 27 44 0f af e8 41 81 fd 00 40 00 00 0f
0x0000000065bdbab3:   8f 9b 00 00 00 83 f8 01 7e 23 49 63 d4 83 e8 01
0x0000000065bdbac3:   45 31 c0 49 89 d1 48 8d 0c 13 49 f7 d9 41 83 c0
0x0000000065bdbad3:   01 4a 89 0c 09 48 01 d1 41 39 c0 75 f0 45 29 e5
0x0000000065bdbae3:   4d 63 ed 4a c7 04 2b 00 00 00 00 48 8b 03 48 89
0x0000000065bdbaf3:   45 10 83 46 08 01 48 89 d8 48 83 c4 38 5b 5e 5f
0x0000000065bdbb03:   5d 41 5c 41 5d c3 0f 1f 80 00 00 00 00 48 8d 15
0x0000000065bdbb13:   39 30 03 00 48 8d 0d b2 30 03 00 48 8d 2c de 41
0x0000000065bdbb23:   b8 70 00 00 00 e8 63 80 02 00 48 8b 5d 10 48 85
0x0000000065bdbb33:   db 0f 85 09 ff ff ff e9 21 ff ff ff 90 89 d9 48 


Stack slot to memory mapping:
stack at sp + 0 slots: 0x00000136d8b73908 points into unknown readable memory: 0x00000136d6991000 | 00 10 99 d6 36 01 00 00
stack at sp + 1 slots: 0x00000014578ff558 is pointing into the stack for thread: 0x00000136d8b73800
stack at sp + 2 slots: 0x00000136d8b73800 is a thread
stack at sp + 3 slots: 0x00007ff97762158c jvm.dll
stack at sp + 4 slots: {method} {0x00000136fe73c510} 'jniCreateBody' '(JIFFFFFFFFZZZZZF)J' in 'com/badlogic/gdx/physics/box2d/World'
stack at sp + 5 slots: 0x00000136d8b73800 is a thread
stack at sp + 6 slots: 0x00007ff9777e8f78 jvm.dll
stack at sp + 7 slots: 0x00000136fb719460 points into unknown readable memory: 0x00000136fb73f3e0 | e0 f3 73 fb 36 01 00 00


---------------  P R O C E S S  ---------------

Threads class SMR info:
_java_thread_list=0x00000136fa0c9560, length=11, elements={
0x00000136d8b73800, 0x00000136f88d4800, 0x00000136f88d7000, 0x00000136f895d800,
0x00000136f8962000, 0x00000136f8963000, 0x00000136f8964000, 0x00000136f8968000,
0x00000136f896e800, 0x00000136f8b22800, 0x00000136f8e55000
}

Java Threads: ( => current thread )
=>0x00000136d8b73800 JavaThread "main" [_thread_in_native, id=19580, stack(0x0000001457800000,0x0000001457900000)]
  0x00000136f88d4800 JavaThread "Reference Handler" daemon [_thread_blocked, id=34188, stack(0x0000001457f00000,0x0000001458000000)]
  0x00000136f88d7000 JavaThread "Finalizer" daemon [_thread_blocked, id=11496, stack(0x0000001458000000,0x0000001458100000)]
  0x00000136f895d800 JavaThread "Signal Dispatcher" daemon [_thread_blocked, id=34104, stack(0x0000001458100000,0x0000001458200000)]
  0x00000136f8962000 JavaThread "Attach Listener" daemon [_thread_blocked, id=32352, stack(0x0000001458200000,0x0000001458300000)]
  0x00000136f8963000 JavaThread "Service Thread" daemon [_thread_blocked, id=20620, stack(0x0000001458300000,0x0000001458400000)]
  0x00000136f8964000 JavaThread "C2 CompilerThread0" daemon [_thread_blocked, id=34448, stack(0x0000001458400000,0x0000001458500000)]
  0x00000136f8968000 JavaThread "C1 CompilerThread0" daemon [_thread_blocked, id=30620, stack(0x0000001458500000,0x0000001458600000)]
  0x00000136f896e800 JavaThread "Sweeper thread" daemon [_thread_blocked, id=16656, stack(0x0000001458600000,0x0000001458700000)]
  0x00000136f8b22800 JavaThread "Common-Cleaner" daemon [_thread_blocked, id=34388, stack(0x0000001458800000,0x0000001458900000)]
  0x00000136f8e55000 JavaThread "C2 CompilerThread1" daemon [_thread_blocked, id=15228, stack(0x0000001459700000,0x0000001459800000)]

Other Threads:
  0x00000136f8046800 VMThread "VM Thread" [stack: 0x0000001457e00000,0x0000001457f00000] [id=21476]
  0x00000136f8b14000 WatcherThread [stack: 0x0000001458700000,0x0000001458800000] [id=32384]
  0x00000136d8b8c800 GCTaskThread "GC Thread#0" [stack: 0x0000001457900000,0x0000001457a00000] [id=11972]
  0x00000136fa0b4000 GCTaskThread "GC Thread#1" [stack: 0x0000001458900000,0x0000001458a00000] [id=34508]
  0x00000136fa0de800 GCTaskThread "GC Thread#2" [stack: 0x0000001459300000,0x0000001459400000] [id=24384]
  0x00000136fa0e9800 GCTaskThread "GC Thread#3" [stack: 0x0000001459400000,0x0000001459500000] [id=19044]
  0x00000136fa0ea000 GCTaskThread "GC Thread#4" [stack: 0x0000001459500000,0x0000001459600000] [id=29160]
  0x00000136fa085000 GCTaskThread "GC Thread#5" [stack: 0x0000001459600000,0x0000001459700000] [id=33492]
  0x00000136d8be9800 ConcurrentGCThread "G1 Main Marker" [stack: 0x0000001457a00000,0x0000001457b00000] [id=35632]
  0x00000136d8bec000 ConcurrentGCThread "G1 Conc#0" [stack: 0x0000001457b00000,0x0000001457c00000] [id=20468]
  0x00000136f7f21000 ConcurrentGCThread "G1 Refine#0" [stack: 0x0000001457c00000,0x0000001457d00000] [id=34592]
  0x00000136f7f25000 ConcurrentGCThread "G1 Young RemSet Sampling" [stack: 0x0000001457d00000,0x0000001457e00000] [id=33356]

Threads with active compile tasks:

VM state:not at safepoint (normal execution)

VM Mutex/Monitor currently owned by a thread: None

Heap address: 0x0000000702000000, size: 4064 MB, Compressed Oops mode: Zero based, Oop shift amount: 3
Narrow klass base: 0x0000000800000000, Narrow klass shift: 0
Compressed class space size: 1073741824 Address: 0x0000000800000000

Heap:
 garbage-first heap   total 260096K, used 5593K [0x0000000702000000, 0x0000000800000000)
  region size 1024K, 7 young (7168K), 3 survivors (3072K)
 Metaspace       used 12991K, capacity 13275K, committed 13440K, reserved 1060864K
  class space    used 1046K, capacity 1108K, committed 1152K, reserved 1048576K
Heap Regions: E=young(eden), S=young(survivor), O=old, HS=humongous(starts), HC=humongous(continues), CS=collection set, F=free, A=archive, TAMS=top-at-mark-start (previous, next)
|   0|0x0000000702000000, 0x0000000702000000, 0x0000000702100000|  0%| F|  |TAMS 0x0000000702000000, 0x0000000702000000| Untracked 
|   1|0x0000000702100000, 0x0000000702100000, 0x0000000702200000|  0%| F|  |TAMS 0x0000000702100000, 0x0000000702100000| Untracked 
|   2|0x0000000702200000, 0x0000000702200000, 0x0000000702300000|  0%| F|  |TAMS 0x0000000702200000, 0x0000000702200000| Untracked 
|   3|0x0000000702300000, 0x0000000702300000, 0x0000000702400000|  0%| F|  |TAMS 0x0000000702300000, 0x0000000702300000| Untracked 
|   4|0x0000000702400000, 0x0000000702400000, 0x0000000702500000|  0%| F|  |TAMS 0x0000000702400000, 0x0000000702400000| Untracked 
|   5|0x0000000702500000, 0x0000000702500000, 0x0000000702600000|  0%| F|  |TAMS 0x0000000702500000, 0x0000000702500000| Untracked 
|   6|0x0000000702600000, 0x0000000702600000, 0x0000000702700000|  0%| F|  |TAMS 0x0000000702600000, 0x0000000702600000| Untracked 
|   7|0x0000000702700000, 0x0000000702700000, 0x0000000702800000|  0%| F|  |TAMS 0x0000000702700000, 0x0000000702700000| Untracked 
|   8|0x0000000702800000, 0x0000000702800000, 0x0000000702900000|  0%| F|  |TAMS 0x0000000702800000, 0x0000000702800000| Untracked 
|   9|0x0000000702900000, 0x0000000702900000, 0x0000000702a00000|  0%| F|  |TAMS 0x0000000702900000, 0x0000000702900000| Untracked 
|  10|0x0000000702a00000, 0x0000000702a00000, 0x0000000702b00000|  0%| F|  |TAMS 0x0000000702a00000, 0x0000000702a00000| Untracked 
|  11|0x0000000702b00000, 0x0000000702b00000, 0x0000000702c00000|  0%| F|  |TAMS 0x0000000702b00000, 0x0000000702b00000| Untracked 
|  12|0x0000000702c00000, 0x0000000702c00000, 0x0000000702d00000|  0%| F|  |TAMS 0x0000000702c00000, 0x0000000702c00000| Untracked 
|  13|0x0000000702d00000, 0x0000000702d00000, 0x0000000702e00000|  0%| F|  |TAMS 0x0000000702d00000, 0x0000000702d00000| Untracked 
|  14|0x0000000702e00000, 0x0000000702e00000, 0x0000000702f00000|  0%| F|  |TAMS 0x0000000702e00000, 0x0000000702e00000| Untracked 
|  15|0x0000000702f00000, 0x0000000702f00000, 0x0000000703000000|  0%| F|  |TAMS 0x0000000702f00000, 0x0000000702f00000| Untracked 
|  16|0x0000000703000000, 0x0000000703000000, 0x0000000703100000|  0%| F|  |TAMS 0x0000000703000000, 0x0000000703000000| Untracked 
|  17|0x0000000703100000, 0x0000000703100000, 0x0000000703200000|  0%| F|  |TAMS 0x0000000703100000, 0x0000000703100000| Untracked 
|  18|0x0000000703200000, 0x0000000703200000, 0x0000000703300000|  0%| F|  |TAMS 0x0000000703200000, 0x0000000703200000| Untracked 
|  19|0x0000000703300000, 0x0000000703300000, 0x0000000703400000|  0%| F|  |TAMS 0x0000000703300000, 0x0000000703300000| Untracked 
|  20|0x0000000703400000, 0x0000000703400000, 0x0000000703500000|  0%| F|  |TAMS 0x0000000703400000, 0x0000000703400000| Untracked 
|  21|0x0000000703500000, 0x0000000703500000, 0x0000000703600000|  0%| F|  |TAMS 0x0000000703500000, 0x0000000703500000| Untracked 
|  22|0x0000000703600000, 0x0000000703600000, 0x0000000703700000|  0%| F|  |TAMS 0x0000000703600000, 0x0000000703600000| Untracked 
|  23|0x0000000703700000, 0x0000000703700000, 0x0000000703800000|  0%| F|  |TAMS 0x0000000703700000, 0x0000000703700000| Untracked 
|  24|0x0000000703800000, 0x0000000703800000, 0x0000000703900000|  0%| F|  |TAMS 0x0000000703800000, 0x0000000703800000| Untracked 
|  25|0x0000000703900000, 0x0000000703900000, 0x0000000703a00000|  0%| F|  |TAMS 0x0000000703900000, 0x0000000703900000| Untracked 
|  26|0x0000000703a00000, 0x0000000703a00000, 0x0000000703b00000|  0%| F|  |TAMS 0x0000000703a00000, 0x0000000703a00000| Untracked 
|  27|0x0000000703b00000, 0x0000000703b00000, 0x0000000703c00000|  0%| F|  |TAMS 0x0000000703b00000, 0x0000000703b00000| Untracked 
|  28|0x0000000703c00000, 0x0000000703c00000, 0x0000000703d00000|  0%| F|  |TAMS 0x0000000703c00000, 0x0000000703c00000| Untracked 
|  29|0x0000000703d00000, 0x0000000703d00000, 0x0000000703e00000|  0%| F|  |TAMS 0x0000000703d00000, 0x0000000703d00000| Untracked 
|  30|0x0000000703e00000, 0x0000000703e00000, 0x0000000703f00000|  0%| F|  |TAMS 0x0000000703e00000, 0x0000000703e00000| Untracked 
|  31|0x0000000703f00000, 0x0000000703f00000, 0x0000000704000000|  0%| F|  |TAMS 0x0000000703f00000, 0x0000000703f00000| Untracked 
|  32|0x0000000704000000, 0x0000000704000000, 0x0000000704100000|  0%| F|  |TAMS 0x0000000704000000, 0x0000000704000000| Untracked 
|  33|0x0000000704100000, 0x0000000704100000, 0x0000000704200000|  0%| F|  |TAMS 0x0000000704100000, 0x0000000704100000| Untracked 
|  34|0x0000000704200000, 0x0000000704200000, 0x0000000704300000|  0%| F|  |TAMS 0x0000000704200000, 0x0000000704200000| Untracked 
|  35|0x0000000704300000, 0x0000000704300000, 0x0000000704400000|  0%| F|  |TAMS 0x0000000704300000, 0x0000000704300000| Untracked 
|  36|0x0000000704400000, 0x0000000704400000, 0x0000000704500000|  0%| F|  |TAMS 0x0000000704400000, 0x0000000704400000| Untracked 
|  37|0x0000000704500000, 0x0000000704500000, 0x0000000704600000|  0%| F|  |TAMS 0x0000000704500000, 0x0000000704500000| Untracked 
|  38|0x0000000704600000, 0x0000000704600000, 0x0000000704700000|  0%| F|  |TAMS 0x0000000704600000, 0x0000000704600000| Untracked 
|  39|0x0000000704700000, 0x0000000704700000, 0x0000000704800000|  0%| F|  |TAMS 0x0000000704700000, 0x0000000704700000| Untracked 
|  40|0x0000000704800000, 0x0000000704800000, 0x0000000704900000|  0%| F|  |TAMS 0x0000000704800000, 0x0000000704800000| Untracked 
|  41|0x0000000704900000, 0x0000000704900000, 0x0000000704a00000|  0%| F|  |TAMS 0x0000000704900000, 0x0000000704900000| Untracked 
|  42|0x0000000704a00000, 0x0000000704a00000, 0x0000000704b00000|  0%| F|  |TAMS 0x0000000704a00000, 0x0000000704a00000| Untracked 
|  43|0x0000000704b00000, 0x0000000704b00000, 0x0000000704c00000|  0%| F|  |TAMS 0x0000000704b00000, 0x0000000704b00000| Untracked 
|  44|0x0000000704c00000, 0x0000000704c00000, 0x0000000704d00000|  0%| F|  |TAMS 0x0000000704c00000, 0x0000000704c00000| Untracked 
|  45|0x0000000704d00000, 0x0000000704d00000, 0x0000000704e00000|  0%| F|  |TAMS 0x0000000704d00000, 0x0000000704d00000| Untracked 
|  46|0x0000000704e00000, 0x0000000704e00000, 0x0000000704f00000|  0%| F|  |TAMS 0x0000000704e00000, 0x0000000704e00000| Untracked 
|  47|0x0000000704f00000, 0x0000000704f00000, 0x0000000705000000|  0%| F|  |TAMS 0x0000000704f00000, 0x0000000704f00000| Untracked 
|  48|0x0000000705000000, 0x0000000705000000, 0x0000000705100000|  0%| F|  |TAMS 0x0000000705000000, 0x0000000705000000| Untracked 
|  49|0x0000000705100000, 0x0000000705100000, 0x0000000705200000|  0%| F|  |TAMS 0x0000000705100000, 0x0000000705100000| Untracked 
|  50|0x0000000705200000, 0x0000000705200000, 0x0000000705300000|  0%| F|  |TAMS 0x0000000705200000, 0x0000000705200000| Untracked 
|  51|0x0000000705300000, 0x0000000705300000, 0x0000000705400000|  0%| F|  |TAMS 0x0000000705300000, 0x0000000705300000| Untracked 
|  52|0x0000000705400000, 0x0000000705400000, 0x0000000705500000|  0%| F|  |TAMS 0x0000000705400000, 0x0000000705400000| Untracked 
|  53|0x0000000705500000, 0x0000000705500000, 0x0000000705600000|  0%| F|  |TAMS 0x0000000705500000, 0x0000000705500000| Untracked 
|  54|0x0000000705600000, 0x0000000705600000, 0x0000000705700000|  0%| F|  |TAMS 0x0000000705600000, 0x0000000705600000| Untracked 
|  55|0x0000000705700000, 0x0000000705700000, 0x0000000705800000|  0%| F|  |TAMS 0x0000000705700000, 0x0000000705700000| Untracked 
|  56|0x0000000705800000, 0x0000000705800000, 0x0000000705900000|  0%| F|  |TAMS 0x0000000705800000, 0x0000000705800000| Untracked 
|  57|0x0000000705900000, 0x0000000705900000, 0x0000000705a00000|  0%| F|  |TAMS 0x0000000705900000, 0x0000000705900000| Untracked 
|  58|0x0000000705a00000, 0x0000000705a00000, 0x0000000705b00000|  0%| F|  |TAMS 0x0000000705a00000, 0x0000000705a00000| Untracked 
|  59|0x0000000705b00000, 0x0000000705b00000, 0x0000000705c00000|  0%| F|  |TAMS 0x0000000705b00000, 0x0000000705b00000| Untracked 
|  60|0x0000000705c00000, 0x0000000705c00000, 0x0000000705d00000|  0%| F|  |TAMS 0x0000000705c00000, 0x0000000705c00000| Untracked 
|  61|0x0000000705d00000, 0x0000000705d00000, 0x0000000705e00000|  0%| F|  |TAMS 0x0000000705d00000, 0x0000000705d00000| Untracked 
|  62|0x0000000705e00000, 0x0000000705e00000, 0x0000000705f00000|  0%| F|  |TAMS 0x0000000705e00000, 0x0000000705e00000| Untracked 
|  63|0x0000000705f00000, 0x0000000705f00000, 0x0000000706000000|  0%| F|  |TAMS 0x0000000705f00000, 0x0000000705f00000| Untracked 
|  64|0x0000000706000000, 0x0000000706000000, 0x0000000706100000|  0%| F|  |TAMS 0x0000000706000000, 0x0000000706000000| Untracked 
|  65|0x0000000706100000, 0x0000000706100000, 0x0000000706200000|  0%| F|  |TAMS 0x0000000706100000, 0x0000000706100000| Untracked 
|  66|0x0000000706200000, 0x0000000706200000, 0x0000000706300000|  0%| F|  |TAMS 0x0000000706200000, 0x0000000706200000| Untracked 
|  67|0x0000000706300000, 0x0000000706300000, 0x0000000706400000|  0%| F|  |TAMS 0x0000000706300000, 0x0000000706300000| Untracked 
|  68|0x0000000706400000, 0x0000000706400000, 0x0000000706500000|  0%| F|  |TAMS 0x0000000706400000, 0x0000000706400000| Untracked 
|  69|0x0000000706500000, 0x0000000706500000, 0x0000000706600000|  0%| F|  |TAMS 0x0000000706500000, 0x0000000706500000| Untracked 
|  70|0x0000000706600000, 0x0000000706600000, 0x0000000706700000|  0%| F|  |TAMS 0x0000000706600000, 0x0000000706600000| Untracked 
|  71|0x0000000706700000, 0x0000000706700000, 0x0000000706800000|  0%| F|  |TAMS 0x0000000706700000, 0x0000000706700000| Untracked 
|  72|0x0000000706800000, 0x0000000706800000, 0x0000000706900000|  0%| F|  |TAMS 0x0000000706800000, 0x0000000706800000| Untracked 
|  73|0x0000000706900000, 0x0000000706900000, 0x0000000706a00000|  0%| F|  |TAMS 0x0000000706900000, 0x0000000706900000| Untracked 
|  74|0x0000000706a00000, 0x0000000706a00000, 0x0000000706b00000|  0%| F|  |TAMS 0x0000000706a00000, 0x0000000706a00000| Untracked 
|  75|0x0000000706b00000, 0x0000000706b00000, 0x0000000706c00000|  0%| F|  |TAMS 0x0000000706b00000, 0x0000000706b00000| Untracked 
|  76|0x0000000706c00000, 0x0000000706c00000, 0x0000000706d00000|  0%| F|  |TAMS 0x0000000706c00000, 0x0000000706c00000| Untracked 
|  77|0x0000000706d00000, 0x0000000706d00000, 0x0000000706e00000|  0%| F|  |TAMS 0x0000000706d00000, 0x0000000706d00000| Untracked 
|  78|0x0000000706e00000, 0x0000000706e00000, 0x0000000706f00000|  0%| F|  |TAMS 0x0000000706e00000, 0x0000000706e00000| Untracked 
|  79|0x0000000706f00000, 0x0000000706f00000, 0x0000000707000000|  0%| F|  |TAMS 0x0000000706f00000, 0x0000000706f00000| Untracked 
|  80|0x0000000707000000, 0x0000000707000000, 0x0000000707100000|  0%| F|  |TAMS 0x0000000707000000, 0x0000000707000000| Untracked 
|  81|0x0000000707100000, 0x0000000707100000, 0x0000000707200000|  0%| F|  |TAMS 0x0000000707100000, 0x0000000707100000| Untracked 
|  82|0x0000000707200000, 0x0000000707200000, 0x0000000707300000|  0%| F|  |TAMS 0x0000000707200000, 0x0000000707200000| Untracked 
|  83|0x0000000707300000, 0x0000000707300000, 0x0000000707400000|  0%| F|  |TAMS 0x0000000707300000, 0x0000000707300000| Untracked 
|  84|0x0000000707400000, 0x0000000707400000, 0x0000000707500000|  0%| F|  |TAMS 0x0000000707400000, 0x0000000707400000| Untracked 
|  85|0x0000000707500000, 0x0000000707500000, 0x0000000707600000|  0%| F|  |TAMS 0x0000000707500000, 0x0000000707500000| Untracked 
|  86|0x0000000707600000, 0x0000000707600000, 0x0000000707700000|  0%| F|  |TAMS 0x0000000707600000, 0x0000000707600000| Untracked 
|  87|0x0000000707700000, 0x0000000707700000, 0x0000000707800000|  0%| F|  |TAMS 0x0000000707700000, 0x0000000707700000| Untracked 
|  88|0x0000000707800000, 0x0000000707800000, 0x0000000707900000|  0%| F|  |TAMS 0x0000000707800000, 0x0000000707800000| Untracked 
|  89|0x0000000707900000, 0x0000000707900000, 0x0000000707a00000|  0%| F|  |TAMS 0x0000000707900000, 0x0000000707900000| Untracked 
|  90|0x0000000707a00000, 0x0000000707a00000, 0x0000000707b00000|  0%| F|  |TAMS 0x0000000707a00000, 0x0000000707a00000| Untracked 
|  91|0x0000000707b00000, 0x0000000707b00000, 0x0000000707c00000|  0%| F|  |TAMS 0x0000000707b00000, 0x0000000707b00000| Untracked 
|  92|0x0000000707c00000, 0x0000000707c00000, 0x0000000707d00000|  0%| F|  |TAMS 0x0000000707c00000, 0x0000000707c00000| Untracked 
|  93|0x0000000707d00000, 0x0000000707d00000, 0x0000000707e00000|  0%| F|  |TAMS 0x0000000707d00000, 0x0000000707d00000| Untracked 
|  94|0x0000000707e00000, 0x0000000707e00000, 0x0000000707f00000|  0%| F|  |TAMS 0x0000000707e00000, 0x0000000707e00000| Untracked 
|  95|0x0000000707f00000, 0x0000000707f00000, 0x0000000708000000|  0%| F|  |TAMS 0x0000000707f00000, 0x0000000707f00000| Untracked 
|  96|0x0000000708000000, 0x0000000708000000, 0x0000000708100000|  0%| F|  |TAMS 0x0000000708000000, 0x0000000708000000| Untracked 
|  97|0x0000000708100000, 0x0000000708100000, 0x0000000708200000|  0%| F|  |TAMS 0x0000000708100000, 0x0000000708100000| Untracked 
|  98|0x0000000708200000, 0x0000000708200000, 0x0000000708300000|  0%| F|  |TAMS 0x0000000708200000, 0x0000000708200000| Untracked 
|  99|0x0000000708300000, 0x0000000708300000, 0x0000000708400000|  0%| F|  |TAMS 0x0000000708300000, 0x0000000708300000| Untracked 
| 100|0x0000000708400000, 0x0000000708400000, 0x0000000708500000|  0%| F|  |TAMS 0x0000000708400000, 0x0000000708400000| Untracked 
| 101|0x0000000708500000, 0x0000000708500000, 0x0000000708600000|  0%| F|  |TAMS 0x0000000708500000, 0x0000000708500000| Untracked 
| 102|0x0000000708600000, 0x0000000708600000, 0x0000000708700000|  0%| F|  |TAMS 0x0000000708600000, 0x0000000708600000| Untracked 
| 103|0x0000000708700000, 0x0000000708700000, 0x0000000708800000|  0%| F|  |TAMS 0x0000000708700000, 0x0000000708700000| Untracked 
| 104|0x0000000708800000, 0x0000000708800000, 0x0000000708900000|  0%| F|  |TAMS 0x0000000708800000, 0x0000000708800000| Untracked 
| 105|0x0000000708900000, 0x0000000708900000, 0x0000000708a00000|  0%| F|  |TAMS 0x0000000708900000, 0x0000000708900000| Untracked 
| 106|0x0000000708a00000, 0x0000000708a00000, 0x0000000708b00000|  0%| F|  |TAMS 0x0000000708a00000, 0x0000000708a00000| Untracked 
| 107|0x0000000708b00000, 0x0000000708b00000, 0x0000000708c00000|  0%| F|  |TAMS 0x0000000708b00000, 0x0000000708b00000| Untracked 
| 108|0x0000000708c00000, 0x0000000708c00000, 0x0000000708d00000|  0%| F|  |TAMS 0x0000000708c00000, 0x0000000708c00000| Untracked 
| 109|0x0000000708d00000, 0x0000000708d00000, 0x0000000708e00000|  0%| F|  |TAMS 0x0000000708d00000, 0x0000000708d00000| Untracked 
| 110|0x0000000708e00000, 0x0000000708e00000, 0x0000000708f00000|  0%| F|  |TAMS 0x0000000708e00000, 0x0000000708e00000| Untracked 
| 111|0x0000000708f00000, 0x0000000708f00000, 0x0000000709000000|  0%| F|  |TAMS 0x0000000708f00000, 0x0000000708f00000| Untracked 
| 112|0x0000000709000000, 0x0000000709000000, 0x0000000709100000|  0%| F|  |TAMS 0x0000000709000000, 0x0000000709000000| Untracked 
| 113|0x0000000709100000, 0x0000000709100000, 0x0000000709200000|  0%| F|  |TAMS 0x0000000709100000, 0x0000000709100000| Untracked 
| 114|0x0000000709200000, 0x0000000709200000, 0x0000000709300000|  0%| F|  |TAMS 0x0000000709200000, 0x0000000709200000| Untracked 
| 115|0x0000000709300000, 0x0000000709300000, 0x0000000709400000|  0%| F|  |TAMS 0x0000000709300000, 0x0000000709300000| Untracked 
| 116|0x0000000709400000, 0x0000000709400000, 0x0000000709500000|  0%| F|  |TAMS 0x0000000709400000, 0x0000000709400000| Untracked 
| 117|0x0000000709500000, 0x0000000709500000, 0x0000000709600000|  0%| F|  |TAMS 0x0000000709500000, 0x0000000709500000| Untracked 
| 118|0x0000000709600000, 0x0000000709600000, 0x0000000709700000|  0%| F|  |TAMS 0x0000000709600000, 0x0000000709600000| Untracked 
| 119|0x0000000709700000, 0x0000000709700000, 0x0000000709800000|  0%| F|  |TAMS 0x0000000709700000, 0x0000000709700000| Untracked 
| 120|0x0000000709800000, 0x0000000709800000, 0x0000000709900000|  0%| F|  |TAMS 0x0000000709800000, 0x0000000709800000| Untracked 
| 121|0x0000000709900000, 0x0000000709900000, 0x0000000709a00000|  0%| F|  |TAMS 0x0000000709900000, 0x0000000709900000| Untracked 
| 122|0x0000000709a00000, 0x0000000709a00000, 0x0000000709b00000|  0%| F|  |TAMS 0x0000000709a00000, 0x0000000709a00000| Untracked 
| 123|0x0000000709b00000, 0x0000000709b00000, 0x0000000709c00000|  0%| F|  |TAMS 0x0000000709b00000, 0x0000000709b00000| Untracked 
| 124|0x0000000709c00000, 0x0000000709c00000, 0x0000000709d00000|  0%| F|  |TAMS 0x0000000709c00000, 0x0000000709c00000| Untracked 
| 125|0x0000000709d00000, 0x0000000709d00000, 0x0000000709e00000|  0%| F|  |TAMS 0x0000000709d00000, 0x0000000709d00000| Untracked 
| 126|0x0000000709e00000, 0x0000000709e00000, 0x0000000709f00000|  0%| F|  |TAMS 0x0000000709e00000, 0x0000000709e00000| Untracked 
| 127|0x0000000709f00000, 0x0000000709f00000, 0x000000070a000000|  0%| F|  |TAMS 0x0000000709f00000, 0x0000000709f00000| Untracked 
| 128|0x000000070a000000, 0x000000070a000000, 0x000000070a100000|  0%| F|  |TAMS 0x000000070a000000, 0x000000070a000000| Untracked 
| 129|0x000000070a100000, 0x000000070a100000, 0x000000070a200000|  0%| F|  |TAMS 0x000000070a100000, 0x000000070a100000| Untracked 
| 130|0x000000070a200000, 0x000000070a200000, 0x000000070a300000|  0%| F|  |TAMS 0x000000070a200000, 0x000000070a200000| Untracked 
| 131|0x000000070a300000, 0x000000070a300000, 0x000000070a400000|  0%| F|  |TAMS 0x000000070a300000, 0x000000070a300000| Untracked 
| 132|0x000000070a400000, 0x000000070a400000, 0x000000070a500000|  0%| F|  |TAMS 0x000000070a400000, 0x000000070a400000| Untracked 
| 133|0x000000070a500000, 0x000000070a500000, 0x000000070a600000|  0%| F|  |TAMS 0x000000070a500000, 0x000000070a500000| Untracked 
| 134|0x000000070a600000, 0x000000070a600000, 0x000000070a700000|  0%| F|  |TAMS 0x000000070a600000, 0x000000070a600000| Untracked 
| 135|0x000000070a700000, 0x000000070a700000, 0x000000070a800000|  0%| F|  |TAMS 0x000000070a700000, 0x000000070a700000| Untracked 
| 136|0x000000070a800000, 0x000000070a800000, 0x000000070a900000|  0%| F|  |TAMS 0x000000070a800000, 0x000000070a800000| Untracked 
| 137|0x000000070a900000, 0x000000070a900000, 0x000000070aa00000|  0%| F|  |TAMS 0x000000070a900000, 0x000000070a900000| Untracked 
| 138|0x000000070aa00000, 0x000000070aa00000, 0x000000070ab00000|  0%| F|  |TAMS 0x000000070aa00000, 0x000000070aa00000| Untracked 
| 139|0x000000070ab00000, 0x000000070ab00000, 0x000000070ac00000|  0%| F|  |TAMS 0x000000070ab00000, 0x000000070ab00000| Untracked 
| 140|0x000000070ac00000, 0x000000070ac00000, 0x000000070ad00000|  0%| F|  |TAMS 0x000000070ac00000, 0x000000070ac00000| Untracked 
| 141|0x000000070ad00000, 0x000000070ad00000, 0x000000070ae00000|  0%| F|  |TAMS 0x000000070ad00000, 0x000000070ad00000| Untracked 
| 142|0x000000070ae00000, 0x000000070ae00000, 0x000000070af00000|  0%| F|  |TAMS 0x000000070ae00000, 0x000000070ae00000| Untracked 
| 143|0x000000070af00000, 0x000000070af00000, 0x000000070b000000|  0%| F|  |TAMS 0x000000070af00000, 0x000000070af00000| Untracked 
| 144|0x000000070b000000, 0x000000070b000000, 0x000000070b100000|  0%| F|  |TAMS 0x000000070b000000, 0x000000070b000000| Untracked 
| 145|0x000000070b100000, 0x000000070b100000, 0x000000070b200000|  0%| F|  |TAMS 0x000000070b100000, 0x000000070b100000| Untracked 
| 146|0x000000070b200000, 0x000000070b200000, 0x000000070b300000|  0%| F|  |TAMS 0x000000070b200000, 0x000000070b200000| Untracked 
| 147|0x000000070b300000, 0x000000070b300000, 0x000000070b400000|  0%| F|  |TAMS 0x000000070b300000, 0x000000070b300000| Untracked 
| 148|0x000000070b400000, 0x000000070b400000, 0x000000070b500000|  0%| F|  |TAMS 0x000000070b400000, 0x000000070b400000| Untracked 
| 149|0x000000070b500000, 0x000000070b500000, 0x000000070b600000|  0%| F|  |TAMS 0x000000070b500000, 0x000000070b500000| Untracked 
| 150|0x000000070b600000, 0x000000070b600000, 0x000000070b700000|  0%| F|  |TAMS 0x000000070b600000, 0x000000070b600000| Untracked 
| 151|0x000000070b700000, 0x000000070b700000, 0x000000070b800000|  0%| F|  |TAMS 0x000000070b700000, 0x000000070b700000| Untracked 
| 152|0x000000070b800000, 0x000000070b800000, 0x000000070b900000|  0%| F|  |TAMS 0x000000070b800000, 0x000000070b800000| Untracked 
| 153|0x000000070b900000, 0x000000070b900000, 0x000000070ba00000|  0%| F|  |TAMS 0x000000070b900000, 0x000000070b900000| Untracked 
| 154|0x000000070ba00000, 0x000000070ba00000, 0x000000070bb00000|  0%| F|  |TAMS 0x000000070ba00000, 0x000000070ba00000| Untracked 
| 155|0x000000070bb00000, 0x000000070bb00000, 0x000000070bc00000|  0%| F|  |TAMS 0x000000070bb00000, 0x000000070bb00000| Untracked 
| 156|0x000000070bc00000, 0x000000070bc00000, 0x000000070bd00000|  0%| F|  |TAMS 0x000000070bc00000, 0x000000070bc00000| Untracked 
| 157|0x000000070bd00000, 0x000000070bd00000, 0x000000070be00000|  0%| F|  |TAMS 0x000000070bd00000, 0x000000070bd00000| Untracked 
| 158|0x000000070be00000, 0x000000070be00000, 0x000000070bf00000|  0%| F|  |TAMS 0x000000070be00000, 0x000000070be00000| Untracked 
| 159|0x000000070bf00000, 0x000000070bf00000, 0x000000070c000000|  0%| F|  |TAMS 0x000000070bf00000, 0x000000070bf00000| Untracked 
| 160|0x000000070c000000, 0x000000070c000000, 0x000000070c100000|  0%| F|  |TAMS 0x000000070c000000, 0x000000070c000000| Untracked 
| 161|0x000000070c100000, 0x000000070c100000, 0x000000070c200000|  0%| F|  |TAMS 0x000000070c100000, 0x000000070c100000| Untracked 
| 162|0x000000070c200000, 0x000000070c200000, 0x000000070c300000|  0%| F|  |TAMS 0x000000070c200000, 0x000000070c200000| Untracked 
| 163|0x000000070c300000, 0x000000070c300000, 0x000000070c400000|  0%| F|  |TAMS 0x000000070c300000, 0x000000070c300000| Untracked 
| 164|0x000000070c400000, 0x000000070c400000, 0x000000070c500000|  0%| F|  |TAMS 0x000000070c400000, 0x000000070c400000| Untracked 
| 165|0x000000070c500000, 0x000000070c500000, 0x000000070c600000|  0%| F|  |TAMS 0x000000070c500000, 0x000000070c500000| Untracked 
| 166|0x000000070c600000, 0x000000070c600000, 0x000000070c700000|  0%| F|  |TAMS 0x000000070c600000, 0x000000070c600000| Untracked 
| 167|0x000000070c700000, 0x000000070c700000, 0x000000070c800000|  0%| F|  |TAMS 0x000000070c700000, 0x000000070c700000| Untracked 
| 168|0x000000070c800000, 0x000000070c800000, 0x000000070c900000|  0%| F|  |TAMS 0x000000070c800000, 0x000000070c800000| Untracked 
| 169|0x000000070c900000, 0x000000070c900000, 0x000000070ca00000|  0%| F|  |TAMS 0x000000070c900000, 0x000000070c900000| Untracked 
| 170|0x000000070ca00000, 0x000000070ca00000, 0x000000070cb00000|  0%| F|  |TAMS 0x000000070ca00000, 0x000000070ca00000| Untracked 
| 171|0x000000070cb00000, 0x000000070cb00000, 0x000000070cc00000|  0%| F|  |TAMS 0x000000070cb00000, 0x000000070cb00000| Untracked 
| 172|0x000000070cc00000, 0x000000070cc00000, 0x000000070cd00000|  0%| F|  |TAMS 0x000000070cc00000, 0x000000070cc00000| Untracked 
| 173|0x000000070cd00000, 0x000000070cd00000, 0x000000070ce00000|  0%| F|  |TAMS 0x000000070cd00000, 0x000000070cd00000| Untracked 
| 174|0x000000070ce00000, 0x000000070ce00000, 0x000000070cf00000|  0%| F|  |TAMS 0x000000070ce00000, 0x000000070ce00000| Untracked 
| 175|0x000000070cf00000, 0x000000070cf00000, 0x000000070d000000|  0%| F|  |TAMS 0x000000070cf00000, 0x000000070cf00000| Untracked 
| 176|0x000000070d000000, 0x000000070d000000, 0x000000070d100000|  0%| F|  |TAMS 0x000000070d000000, 0x000000070d000000| Untracked 
| 177|0x000000070d100000, 0x000000070d100000, 0x000000070d200000|  0%| F|  |TAMS 0x000000070d100000, 0x000000070d100000| Untracked 
| 178|0x000000070d200000, 0x000000070d200000, 0x000000070d300000|  0%| F|  |TAMS 0x000000070d200000, 0x000000070d200000| Untracked 
| 179|0x000000070d300000, 0x000000070d300000, 0x000000070d400000|  0%| F|  |TAMS 0x000000070d300000, 0x000000070d300000| Untracked 
| 180|0x000000070d400000, 0x000000070d400000, 0x000000070d500000|  0%| F|  |TAMS 0x000000070d400000, 0x000000070d400000| Untracked 
| 181|0x000000070d500000, 0x000000070d500000, 0x000000070d600000|  0%| F|  |TAMS 0x000000070d500000, 0x000000070d500000| Untracked 
| 182|0x000000070d600000, 0x000000070d600000, 0x000000070d700000|  0%| F|  |TAMS 0x000000070d600000, 0x000000070d600000| Untracked 
| 183|0x000000070d700000, 0x000000070d700000, 0x000000070d800000|  0%| F|  |TAMS 0x000000070d700000, 0x000000070d700000| Untracked 
| 184|0x000000070d800000, 0x000000070d800000, 0x000000070d900000|  0%| F|  |TAMS 0x000000070d800000, 0x000000070d800000| Untracked 
| 185|0x000000070d900000, 0x000000070d900000, 0x000000070da00000|  0%| F|  |TAMS 0x000000070d900000, 0x000000070d900000| Untracked 
| 186|0x000000070da00000, 0x000000070da00000, 0x000000070db00000|  0%| F|  |TAMS 0x000000070da00000, 0x000000070da00000| Untracked 
| 187|0x000000070db00000, 0x000000070db00000, 0x000000070dc00000|  0%| F|  |TAMS 0x000000070db00000, 0x000000070db00000| Untracked 
| 188|0x000000070dc00000, 0x000000070dc00000, 0x000000070dd00000|  0%| F|  |TAMS 0x000000070dc00000, 0x000000070dc00000| Untracked 
| 189|0x000000070dd00000, 0x000000070dd00000, 0x000000070de00000|  0%| F|  |TAMS 0x000000070dd00000, 0x000000070dd00000| Untracked 
| 190|0x000000070de00000, 0x000000070de00000, 0x000000070df00000|  0%| F|  |TAMS 0x000000070de00000, 0x000000070de00000| Untracked 
| 191|0x000000070df00000, 0x000000070df00000, 0x000000070e000000|  0%| F|  |TAMS 0x000000070df00000, 0x000000070df00000| Untracked 
| 192|0x000000070e000000, 0x000000070e000000, 0x000000070e100000|  0%| F|  |TAMS 0x000000070e000000, 0x000000070e000000| Untracked 
| 193|0x000000070e100000, 0x000000070e100000, 0x000000070e200000|  0%| F|  |TAMS 0x000000070e100000, 0x000000070e100000| Untracked 
| 194|0x000000070e200000, 0x000000070e200000, 0x000000070e300000|  0%| F|  |TAMS 0x000000070e200000, 0x000000070e200000| Untracked 
| 195|0x000000070e300000, 0x000000070e300000, 0x000000070e400000|  0%| F|  |TAMS 0x000000070e300000, 0x000000070e300000| Untracked 
| 196|0x000000070e400000, 0x000000070e400000, 0x000000070e500000|  0%| F|  |TAMS 0x000000070e400000, 0x000000070e400000| Untracked 
| 197|0x000000070e500000, 0x000000070e500000, 0x000000070e600000|  0%| F|  |TAMS 0x000000070e500000, 0x000000070e500000| Untracked 
| 198|0x000000070e600000, 0x000000070e600000, 0x000000070e700000|  0%| F|  |TAMS 0x000000070e600000, 0x000000070e600000| Untracked 
| 199|0x000000070e700000, 0x000000070e700000, 0x000000070e800000|  0%| F|  |TAMS 0x000000070e700000, 0x000000070e700000| Untracked 
| 200|0x000000070e800000, 0x000000070e800000, 0x000000070e900000|  0%| F|  |TAMS 0x000000070e800000, 0x000000070e800000| Untracked 
| 201|0x000000070e900000, 0x000000070e900000, 0x000000070ea00000|  0%| F|  |TAMS 0x000000070e900000, 0x000000070e900000| Untracked 
| 202|0x000000070ea00000, 0x000000070ea00000, 0x000000070eb00000|  0%| F|  |TAMS 0x000000070ea00000, 0x000000070ea00000| Untracked 
| 203|0x000000070eb00000, 0x000000070eb00000, 0x000000070ec00000|  0%| F|  |TAMS 0x000000070eb00000, 0x000000070eb00000| Untracked 
| 204|0x000000070ec00000, 0x000000070ec00000, 0x000000070ed00000|  0%| F|  |TAMS 0x000000070ec00000, 0x000000070ec00000| Untracked 
| 205|0x000000070ed00000, 0x000000070ed00000, 0x000000070ee00000|  0%| F|  |TAMS 0x000000070ed00000, 0x000000070ed00000| Untracked 
| 206|0x000000070ee00000, 0x000000070ee00000, 0x000000070ef00000|  0%| F|  |TAMS 0x000000070ee00000, 0x000000070ee00000| Untracked 
| 207|0x000000070ef00000, 0x000000070ef00000, 0x000000070f000000|  0%| F|  |TAMS 0x000000070ef00000, 0x000000070ef00000| Untracked 
| 208|0x000000070f000000, 0x000000070f000000, 0x000000070f100000|  0%| F|  |TAMS 0x000000070f000000, 0x000000070f000000| Untracked 
| 209|0x000000070f100000, 0x000000070f100000, 0x000000070f200000|  0%| F|  |TAMS 0x000000070f100000, 0x000000070f100000| Untracked 
| 210|0x000000070f200000, 0x000000070f200000, 0x000000070f300000|  0%| F|  |TAMS 0x000000070f200000, 0x000000070f200000| Untracked 
| 211|0x000000070f300000, 0x000000070f300000, 0x000000070f400000|  0%| F|  |TAMS 0x000000070f300000, 0x000000070f300000| Untracked 
| 212|0x000000070f400000, 0x000000070f400000, 0x000000070f500000|  0%| F|  |TAMS 0x000000070f400000, 0x000000070f400000| Untracked 
| 213|0x000000070f500000, 0x000000070f500000, 0x000000070f600000|  0%| F|  |TAMS 0x000000070f500000, 0x000000070f500000| Untracked 
| 214|0x000000070f600000, 0x000000070f600000, 0x000000070f700000|  0%| F|  |TAMS 0x000000070f600000, 0x000000070f600000| Untracked 
| 215|0x000000070f700000, 0x000000070f700000, 0x000000070f800000|  0%| F|  |TAMS 0x000000070f700000, 0x000000070f700000| Untracked 
| 216|0x000000070f800000, 0x000000070f800000, 0x000000070f900000|  0%| F|  |TAMS 0x000000070f800000, 0x000000070f800000| Untracked 
| 217|0x000000070f900000, 0x000000070f900000, 0x000000070fa00000|  0%| F|  |TAMS 0x000000070f900000, 0x000000070f900000| Untracked 
| 218|0x000000070fa00000, 0x000000070fa00000, 0x000000070fb00000|  0%| F|  |TAMS 0x000000070fa00000, 0x000000070fa00000| Untracked 
| 219|0x000000070fb00000, 0x000000070fb00000, 0x000000070fc00000|  0%| F|  |TAMS 0x000000070fb00000, 0x000000070fb00000| Untracked 
| 220|0x000000070fc00000, 0x000000070fc00000, 0x000000070fd00000|  0%| F|  |TAMS 0x000000070fc00000, 0x000000070fc00000| Untracked 
| 221|0x000000070fd00000, 0x000000070fd00000, 0x000000070fe00000|  0%| F|  |TAMS 0x000000070fd00000, 0x000000070fd00000| Untracked 
| 222|0x000000070fe00000, 0x000000070fe00000, 0x000000070ff00000|  0%| F|  |TAMS 0x000000070fe00000, 0x000000070fe00000| Untracked 
| 223|0x000000070ff00000, 0x000000070ff00000, 0x0000000710000000|  0%| F|  |TAMS 0x000000070ff00000, 0x000000070ff00000| Untracked 
| 224|0x0000000710000000, 0x0000000710000000, 0x0000000710100000|  0%| F|  |TAMS 0x0000000710000000, 0x0000000710000000| Untracked 
| 225|0x0000000710100000, 0x0000000710100000, 0x0000000710200000|  0%| F|  |TAMS 0x0000000710100000, 0x0000000710100000| Untracked 
| 226|0x0000000710200000, 0x0000000710200000, 0x0000000710300000|  0%| F|  |TAMS 0x0000000710200000, 0x0000000710200000| Untracked 
| 227|0x0000000710300000, 0x0000000710376778, 0x0000000710400000| 46%| S|CS|TAMS 0x0000000710300000, 0x0000000710300000| Complete 
| 228|0x0000000710400000, 0x0000000710500000, 0x0000000710500000|100%| S|CS|TAMS 0x0000000710400000, 0x0000000710400000| Complete 
| 229|0x0000000710500000, 0x0000000710600000, 0x0000000710600000|100%| S|CS|TAMS 0x0000000710500000, 0x0000000710500000| Complete 
| 230|0x0000000710600000, 0x0000000710600000, 0x0000000710700000|  0%| F|  |TAMS 0x0000000710600000, 0x0000000710600000| Untracked 
| 231|0x0000000710700000, 0x0000000710700000, 0x0000000710800000|  0%| F|  |TAMS 0x0000000710700000, 0x0000000710700000| Untracked 
| 232|0x0000000710800000, 0x0000000710800000, 0x0000000710900000|  0%| F|  |TAMS 0x0000000710800000, 0x0000000710800000| Untracked 
| 233|0x0000000710900000, 0x0000000710900000, 0x0000000710a00000|  0%| F|  |TAMS 0x0000000710900000, 0x0000000710900000| Untracked 
| 234|0x0000000710a00000, 0x0000000710a00000, 0x0000000710b00000|  0%| F|  |TAMS 0x0000000710a00000, 0x0000000710a00000| Untracked 
| 235|0x0000000710b00000, 0x0000000710b00000, 0x0000000710c00000|  0%| F|  |TAMS 0x0000000710b00000, 0x0000000710b00000| Untracked 
| 236|0x0000000710c00000, 0x0000000710c00000, 0x0000000710d00000|  0%| F|  |TAMS 0x0000000710c00000, 0x0000000710c00000| Untracked 
| 237|0x0000000710d00000, 0x0000000710d00000, 0x0000000710e00000|  0%| F|  |TAMS 0x0000000710d00000, 0x0000000710d00000| Untracked 
| 238|0x0000000710e00000, 0x0000000710e00000, 0x0000000710f00000|  0%| F|  |TAMS 0x0000000710e00000, 0x0000000710e00000| Untracked 
| 239|0x0000000710f00000, 0x0000000710f00000, 0x0000000711000000|  0%| F|  |TAMS 0x0000000710f00000, 0x0000000710f00000| Untracked 
| 240|0x0000000711000000, 0x0000000711000000, 0x0000000711100000|  0%| F|  |TAMS 0x0000000711000000, 0x0000000711000000| Untracked 
| 241|0x0000000711100000, 0x0000000711100000, 0x0000000711200000|  0%| F|  |TAMS 0x0000000711100000, 0x0000000711100000| Untracked 
| 242|0x0000000711200000, 0x0000000711200000, 0x0000000711300000|  0%| F|  |TAMS 0x0000000711200000, 0x0000000711200000| Untracked 
| 243|0x0000000711300000, 0x0000000711300000, 0x0000000711400000|  0%| F|  |TAMS 0x0000000711300000, 0x0000000711300000| Untracked 
| 244|0x0000000711400000, 0x0000000711400000, 0x0000000711500000|  0%| F|  |TAMS 0x0000000711400000, 0x0000000711400000| Untracked 
| 245|0x0000000711500000, 0x0000000711500000, 0x0000000711600000|  0%| F|  |TAMS 0x0000000711500000, 0x0000000711500000| Untracked 
| 246|0x0000000711600000, 0x0000000711600000, 0x0000000711700000|  0%| F|  |TAMS 0x0000000711600000, 0x0000000711600000| Untracked 
| 247|0x0000000711700000, 0x0000000711700000, 0x0000000711800000|  0%| F|  |TAMS 0x0000000711700000, 0x0000000711700000| Untracked 
| 248|0x0000000711800000, 0x0000000711800000, 0x0000000711900000|  0%| F|  |TAMS 0x0000000711800000, 0x0000000711800000| Untracked 
| 249|0x0000000711900000, 0x0000000711900000, 0x0000000711a00000|  0%| F|  |TAMS 0x0000000711900000, 0x0000000711900000| Untracked 
| 250|0x0000000711a00000, 0x0000000711a93890, 0x0000000711b00000| 57%| E|  |TAMS 0x0000000711a00000, 0x0000000711a00000| Complete 
| 251|0x0000000711b00000, 0x0000000711c00000, 0x0000000711c00000|100%| E|CS|TAMS 0x0000000711b00000, 0x0000000711b00000| Complete 
| 252|0x0000000711c00000, 0x0000000711d00000, 0x0000000711d00000|100%| E|CS|TAMS 0x0000000711c00000, 0x0000000711c00000| Complete 
| 253|0x0000000711d00000, 0x0000000711e00000, 0x0000000711e00000|100%| E|CS|TAMS 0x0000000711d00000, 0x0000000711d00000| Complete 

Card table byte_map: [0x00000136ec3c0000,0x00000136ecbb0000] _byte_map_base: 0x00000136e8bb0000

Marking Bits (Prev, Next): (CMBitMap*) 0x00000136d8bd8e28, (CMBitMap*) 0x00000136d8bd8e60
 Prev Bits: [0x00000136ed3a0000, 0x00000136f1320000)
 Next Bits: [0x00000136f1320000, 0x00000136f52a0000)

Polling page: 0x00000136d6990000

Metaspace:

Usage:
  Non-class:     11.88 MB capacity,    11.67 MB ( 98%) used,   206.93 KB (  2%) free+waste,    14.94 KB ( <1%) overhead. 
      Class:      1.08 MB capacity,     1.02 MB ( 94%) used,    55.41 KB (  5%) free+waste,     6.00 KB ( <1%) overhead. 
       Both:     12.96 MB capacity,    12.69 MB ( 98%) used,   262.34 KB (  2%) free+waste,    20.94 KB ( <1%) overhead. 

Virtual space:
  Non-class space:       12.00 MB reserved,      12.00 MB (100%) committed 
      Class space:        1.00 GB reserved,       1.13 MB ( <1%) committed 
             Both:        1.01 GB reserved,      13.13 MB (  1%) committed 

Chunk freelists:
   Non-Class:  121.00 KB
       Class:  12.00 KB
        Both:  133.00 KB

MaxMetaspaceSize: 17179869184.00 GB
CompressedClassSpaceSize: 1.00 GB
Initial GC threshold: 20.80 MB
Current GC threshold: 20.80 MB
CDS: off

CodeHeap 'non-profiled nmethods': size=120000Kb used=355Kb max_used=355Kb free=119644Kb
 bounds [0x00000136e4150000, 0x00000136e43c0000, 0x00000136eb680000]
CodeHeap 'profiled nmethods': size=120000Kb used=1757Kb max_used=1757Kb free=118242Kb
 bounds [0x00000136dcc20000, 0x00000136dce90000, 0x00000136e4150000]
CodeHeap 'non-nmethods': size=5760Kb used=1630Kb max_used=1651Kb free=4129Kb
 bounds [0x00000136dc680000, 0x00000136dc8f0000, 0x00000136dcc20000]
 total_blobs=1993 nmethods=966 adapters=940
 compilation: enabled
              stopped_count=0, restarted_count=0
 full_count=0

Compilation events (20 events):
Event: 0.730 Thread 0x00000136f8964000  956       4       java.util.jar.JarFile::getEntry (22 bytes)
Event: 0.731 Thread 0x00000136f8968000  957       3       java.nio.MappedByteBuffer::<init> (15 bytes)
Event: 0.731 Thread 0x00000136f8e55000  959       4       org.lwjgl.system.MemoryUtil::write8 (19 bytes)
Event: 0.731 Thread 0x00000136f8968000 nmethod 957 0x00000136dcdd5990 code [0x00000136dcdd5b60, 0x00000136dcdd5d48]
Event: 0.731 Thread 0x00000136f8968000  958       3       java.nio.ByteBuffer::<init> (12 bytes)
Event: 0.731 Thread 0x00000136f8968000 nmethod 958 0x00000136dcdd5e10 code [0x00000136dcdd5fc0, 0x00000136dcdd6108]
Event: 0.731 Thread 0x00000136f8e55000 nmethod 959 0x00000136e41a2210 code [0x00000136e41a23a0, 0x00000136e41a23f8]
Event: 0.733 Thread 0x00000136f8968000  960       3       com.badlogic.gdx.utils.Array::<init> (21 bytes)
Event: 0.733 Thread 0x00000136f8e55000  963   !   4       jdk.internal.loader.URLClassPath$JarLoader::getResource (65 bytes)
Event: 0.733 Thread 0x00000136f8968000 nmethod 960 0x00000136dcdd6190 code [0x00000136dcdd6340, 0x00000136dcdd65b8]
Event: 0.733 Thread 0x00000136f8968000  961       1       com.badlogic.gdx.math.Rectangle::getWidth (5 bytes)
Event: 0.733 Thread 0x00000136f8968000 nmethod 961 0x00000136e41a2510 code [0x00000136e41a26c0, 0x00000136e41a2778]
Event: 0.733 Thread 0x00000136f8968000  962       1       com.badlogic.gdx.math.Rectangle::getHeight (5 bytes)
Event: 0.733 Thread 0x00000136f8968000 nmethod 962 0x00000136e41a2810 code [0x00000136e41a29c0, 0x00000136e41a2a78]
Event: 0.733 Thread 0x00000136f8968000  964       3       java.util.concurrent.ConcurrentHashMap$BaseIterator::<init> (21 bytes)
Event: 0.734 Thread 0x00000136f8968000 nmethod 964 0x00000136dcdd6690 code [0x00000136dcdd6860, 0x00000136dcdd6a38]
Event: 0.734 Thread 0x00000136f8968000  965       3       java.util.concurrent.ConcurrentHashMap$Traverser::<init> (36 bytes)
Event: 0.734 Thread 0x00000136f8968000 nmethod 965 0x00000136dcdd6b10 code [0x00000136dcdd6cc0, 0x00000136dcdd6eb8]
Event: 0.734 Thread 0x00000136f8968000  966       3       java.util.concurrent.ConcurrentHashMap::values (25 bytes)
Event: 0.734 Thread 0x00000136f8968000 nmethod 966 0x00000136dcdd6f90 code [0x00000136dcdd7160, 0x00000136dcdd74f8]

GC Heap History (2 events):
Event: 0.667 GC heap before
{Heap before GC invocations=0 (full 0):
 garbage-first heap   total 260096K, used 23552K [0x0000000702000000, 0x0000000800000000)
  region size 1024K, 24 young (24576K), 0 survivors (0K)
 Metaspace       used 12286K, capacity 12507K, committed 12928K, reserved 1060864K
  class space    used 975K, capacity 1044K, committed 1152K, reserved 1048576K
}
Event: 0.669 GC heap after
{Heap after GC invocations=1 (full 0):
 garbage-first heap   total 260096K, used 2521K [0x0000000702000000, 0x0000000800000000)
  region size 1024K, 3 young (3072K), 3 survivors (3072K)
 Metaspace       used 12286K, capacity 12507K, committed 12928K, reserved 1060864K
  class space    used 975K, capacity 1044K, committed 1152K, reserved 1048576K
}

Deoptimization events (20 events):
Event: 0.162 Thread 0x00000136d8b73800 Uncommon trap: trap_request=0xffffff4d fr.pc=0x00000136e415b880 relative=0x0000000000000060
Event: 0.162 Thread 0x00000136d8b73800 Uncommon trap: reason=unstable_if action=reinterpret pc=0x00000136e415b880 method=java.io.WinNTFileSystem.isSlash(C)Z @ 9 c2
Event: 0.162 Thread 0x00000136d8b73800 DEOPT PACKING pc=0x00000136e415b880 sp=0x00000014578fe7f0
Event: 0.162 Thread 0x00000136d8b73800 DEOPT UNPACKING pc=0x00000136dc6885af sp=0x00000014578fe778 mode 2
Event: 0.187 Thread 0x00000136d8b73800 DEOPT PACKING pc=0x00000136dcc4eb7f sp=0x00000014578fc850
Event: 0.187 Thread 0x00000136d8b73800 DEOPT UNPACKING pc=0x00000136dc6c9d0e sp=0x00000014578fbca0 mode 0
Event: 0.225 Thread 0x00000136d8b73800 Uncommon trap: trap_request=0xffffff4d fr.pc=0x00000136e415d5dc relative=0x000000000000003c
Event: 0.225 Thread 0x00000136d8b73800 Uncommon trap: reason=unstable_if action=reinterpret pc=0x00000136e415d5dc method=sun.nio.fs.WindowsPathParser.isSlash(C)Z @ 9 c2
Event: 0.225 Thread 0x00000136d8b73800 DEOPT PACKING pc=0x00000136e415d5dc sp=0x00000014578fbf30
Event: 0.225 Thread 0x00000136d8b73800 DEOPT UNPACKING pc=0x00000136dc6885af sp=0x00000014578fbeb8 mode 2
Event: 0.237 Thread 0x00000136d8b73800 Uncommon trap: trap_request=0xffffff4d fr.pc=0x00000136e4151114 relative=0x0000000000000074
Event: 0.237 Thread 0x00000136d8b73800 Uncommon trap: reason=unstable_if action=reinterpret pc=0x00000136e4151114 method=java.lang.String.isLatin1()Z @ 10 c2
Event: 0.237 Thread 0x00000136d8b73800 DEOPT PACKING pc=0x00000136e4151114 sp=0x00000014578fc040
Event: 0.237 Thread 0x00000136d8b73800 DEOPT UNPACKING pc=0x00000136dc6885af sp=0x00000014578fbf80 mode 2
Event: 0.522 Thread 0x00000136d8b73800 Uncommon trap: trap_request=0xffffff64 fr.pc=0x00000136e4189a74 relative=0x0000000000000054
Event: 0.522 Thread 0x00000136d8b73800 Uncommon trap: reason=speculate_null_check action=make_not_entrant pc=0x00000136e4189a74 method=sun.misc.Unsafe.getLong(Ljava/lang/Object;J)J @ 5 c2
Event: 0.522 Thread 0x00000136d8b73800 DEOPT PACKING pc=0x00000136e4189a74 sp=0x00000014578fec70
Event: 0.522 Thread 0x00000136d8b73800 DEOPT UNPACKING pc=0x00000136dc6885af sp=0x00000014578febe8 mode 2
Event: 0.563 Thread 0x00000136d8b73800 DEOPT PACKING pc=0x00000136dcc4fadb sp=0x00000014578fcad0
Event: 0.563 Thread 0x00000136d8b73800 DEOPT UNPACKING pc=0x00000136dc6c9d0e sp=0x00000014578fbf48 mode 0

Classes redefined (0 events):
No events

Internal exceptions (20 events):
Event: 0.307 Thread 0x00000136d8b73800 Exception <a 'java/security/PrivilegedActionException'{0x00000007111a00d8}> (0x00000007111a00d8) thrown at [./src/hotspot/share/prims/jvm.cpp, line 1306]
Event: 0.316 Thread 0x00000136d8b73800 Exception <a 'sun/nio/fs/WindowsException'{0x00000007111dbad0}> (0x00000007111dbad0) thrown at [./src/hotspot/share/prims/jni.cpp, line 616]
Event: 0.316 Thread 0x00000136d8b73800 Exception <a 'sun/nio/fs/WindowsException'{0x00000007111dbb50}> (0x00000007111dbb50) thrown at [./src/hotspot/share/prims/jni.cpp, line 616]
Event: 0.320 Thread 0x00000136d8b73800 Exception <a 'java/security/PrivilegedActionException'{0x0000000711001980}> (0x0000000711001980) thrown at [./src/hotspot/share/prims/jvm.cpp, line 1306]
Event: 0.320 Thread 0x00000136d8b73800 Exception <a 'java/security/PrivilegedActionException'{0x0000000711001c50}> (0x0000000711001c50) thrown at [./src/hotspot/share/prims/jvm.cpp, line 1306]
Event: 0.320 Thread 0x00000136d8b73800 Exception <a 'java/security/PrivilegedActionException'{0x00000007110173d8}> (0x00000007110173d8) thrown at [./src/hotspot/share/prims/jvm.cpp, line 1306]
Event: 0.320 Thread 0x00000136d8b73800 Exception <a 'java/security/PrivilegedActionException'{0x00000007110176a8}> (0x00000007110176a8) thrown at [./src/hotspot/share/prims/jvm.cpp, line 1306]
Event: 0.357 Thread 0x00000136d8b73800 Exception <a 'java/lang/NoSuchMethodError'{0x00000007110787c8}: 'java.lang.Object java.lang.invoke.DirectMethodHandle$Holder.invokeStatic(java.lang.Object, long)'> (0x00000007110787c8) thrown at [./src/hotspot/share/interpreter/linkResolver.cpp, line 773]
Event: 0.357 Thread 0x00000136d8b73800 Exception <a 'java/lang/NoSuchMethodError'{0x000000071107ba88}: 'java.lang.Object java.lang.invoke.DirectMethodHandle$Holder.invokeSpecial(java.lang.Object, java.lang.Object, long)'> (0x000000071107ba88) thrown at [./src/hotspot/share/interpreter/linkResolver.cpp, line 773]
Event: 0.357 Thread 0x00000136d8b73800 Exception <a 'java/lang/NoSuchMethodError'{0x000000071107e548}: 'java.lang.Object java.lang.invoke.Invokers$Holder.linkToTargetMethod(long, java.lang.Object)'> (0x000000071107e548) thrown at [./src/hotspot/share/interpreter/linkResolver.cpp, line 773]
Event: 0.358 Thread 0x00000136d8b73800 Exception <a 'java/security/PrivilegedActionException'{0x00000007110868a8}> (0x00000007110868a8) thrown at [./src/hotspot/share/prims/jvm.cpp, line 1306]
Event: 0.358 Thread 0x00000136d8b73800 Exception <a 'java/security/PrivilegedActionException'{0x0000000711086b78}> (0x0000000711086b78) thrown at [./src/hotspot/share/prims/jvm.cpp, line 1306]
Event: 0.516 Thread 0x00000136d8b73800 Exception <a 'sun/nio/fs/WindowsException'{0x0000000710e0d5f8}> (0x0000000710e0d5f8) thrown at [./src/hotspot/share/prims/jni.cpp, line 616]
Event: 0.516 Thread 0x00000136d8b73800 Exception <a 'sun/nio/fs/WindowsException'{0x0000000710e0d678}> (0x0000000710e0d678) thrown at [./src/hotspot/share/prims/jni.cpp, line 616]
Event: 0.518 Thread 0x00000136d8b73800 Exception <a 'sun/nio/fs/WindowsException'{0x0000000710e402a8}> (0x0000000710e402a8) thrown at [./src/hotspot/share/prims/jni.cpp, line 616]
Event: 0.518 Thread 0x00000136d8b73800 Exception <a 'sun/nio/fs/WindowsException'{0x0000000710e40328}> (0x0000000710e40328) thrown at [./src/hotspot/share/prims/jni.cpp, line 616]
Event: 0.560 Thread 0x00000136d8b73800 Exception <a 'java/security/PrivilegedActionException'{0x0000000710dd5190}> (0x0000000710dd5190) thrown at [./src/hotspot/share/prims/jvm.cpp, line 1306]
Event: 0.560 Thread 0x00000136d8b73800 Exception <a 'java/security/PrivilegedActionException'{0x0000000710dd5460}> (0x0000000710dd5460) thrown at [./src/hotspot/share/prims/jvm.cpp, line 1306]
Event: 0.614 Thread 0x00000136d8b73800 Exception <a 'java/security/PrivilegedActionException'{0x0000000710a8a690}> (0x0000000710a8a690) thrown at [./src/hotspot/share/prims/jvm.cpp, line 1306]
Event: 0.614 Thread 0x00000136d8b73800 Exception <a 'java/security/PrivilegedActionException'{0x0000000710a8a960}> (0x0000000710a8a960) thrown at [./src/hotspot/share/prims/jvm.cpp, line 1306]

Events (20 events):
Event: 0.730 loading class com/badlogic/gdx/maps/tiled/TiledMapRenderer
Event: 0.730 loading class com/badlogic/gdx/maps/tiled/TiledMapRenderer done
Event: 0.731 loading class com/badlogic/gdx/maps/MapRenderer
Event: 0.731 loading class com/badlogic/gdx/maps/MapRenderer done
Event: 0.732 loading class com/mygdx/game/lv1/cos/Mario/tools/B2WorldCreator
Event: 0.732 loading class com/mygdx/game/lv1/cos/Mario/tools/B2WorldCreator done
Event: 0.732 loading class com/mygdx/game/lv1/cos/Mario/Sprites/Coin
Event: 0.732 loading class com/mygdx/game/lv1/cos/Mario/Sprites/Coin done
Event: 0.732 loading class com/mygdx/game/lv1/cos/Mario/Sprites/InteractiveTitleObject
Event: 0.732 loading class com/mygdx/game/lv1/cos/Mario/Sprites/InteractiveTitleObject done
Event: 0.733 loading class com/mygdx/game/lv1/cos/Mario/Sprites/Brick
Event: 0.733 loading class com/mygdx/game/lv1/cos/Mario/Sprites/Brick done
Event: 0.733 loading class com/mygdx/game/lv1/cos/Mario/Sprites/EndGame
Event: 0.733 loading class com/mygdx/game/lv1/cos/Mario/Sprites/EndGame done
Event: 0.734 loading class com/badlogic/gdx/scenes/scene2d/InputEvent$Type
Event: 0.734 loading class com/badlogic/gdx/scenes/scene2d/InputEvent$Type done
Event: 0.734 loading class com/mygdx/game/lv1/cos/Mario/Sprites/Sugar
Event: 0.734 loading class com/mygdx/game/lv1/cos/Mario/Sprites/Sugar done
Event: 0.734 loading class com/mygdx/game/lv1/cos/Mario/Sprites/Enemy
Event: 0.734 loading class com/mygdx/game/lv1/cos/Mario/Sprites/Enemy done


Dynamic libraries:
0x00007ff730ea0000 - 0x00007ff730eaa000 	C:\Users\adams\AppData\Local\JetBrains\Toolbox\apps\AndroidStudio\ch-0\213.7172.25.2113.9014738\jre\bin\java.exe
0x00007ff9cba30000 - 0x00007ff9cbc28000 	C:\WINDOWS\SYSTEM32\ntdll.dll
0x00007ff9c9db0000 - 0x00007ff9c9e6f000 	C:\WINDOWS\System32\KERNEL32.DLL
0x00007ff9c9120000 - 0x00007ff9c93f2000 	C:\WINDOWS\System32\KERNELBASE.dll
0x00007ff9c6940000 - 0x00007ff9c69d1000 	C:\WINDOWS\SYSTEM32\apphelp.dll
0x00007ff9c9560000 - 0x00007ff9c9660000 	C:\WINDOWS\System32\ucrtbase.dll
0x00007ff9c5c80000 - 0x00007ff9c5c99000 	C:\Users\adams\AppData\Local\JetBrains\Toolbox\apps\AndroidStudio\ch-0\213.7172.25.2113.9014738\jre\bin\jli.dll
0x00007ff9bf610000 - 0x00007ff9bf627000 	C:\Users\adams\AppData\Local\JetBrains\Toolbox\apps\AndroidStudio\ch-0\213.7172.25.2113.9014738\jre\bin\VCRUNTIME140.dll
0x00007ff9cb840000 - 0x00007ff9cb9e1000 	C:\WINDOWS\System32\USER32.dll
0x00007ff9c99a0000 - 0x00007ff9c99c2000 	C:\WINDOWS\System32\win32u.dll
0x00007ff9bd890000 - 0x00007ff9bdb2a000 	C:\WINDOWS\WinSxS\amd64_microsoft.windows.common-controls_6595b64144ccf1df_6.0.19041.1110_none_60b5254171f9507e\COMCTL32.dll
0x00007ff9cb5b0000 - 0x00007ff9cb5db000 	C:\WINDOWS\System32\GDI32.dll
0x00007ff9ca030000 - 0x00007ff9ca0ce000 	C:\WINDOWS\System32\msvcrt.dll
0x00007ff9c9400000 - 0x00007ff9c950f000 	C:\WINDOWS\System32\gdi32full.dll
0x00007ff9c9900000 - 0x00007ff9c999d000 	C:\WINDOWS\System32\msvcp_win.dll
0x00007ff9c9e70000 - 0x00007ff9c9ea2000 	C:\WINDOWS\System32\IMM32.DLL
0x00007ff9bdd10000 - 0x00007ff9bddad000 	C:\Users\adams\AppData\Local\JetBrains\Toolbox\apps\AndroidStudio\ch-0\213.7172.25.2113.9014738\jre\bin\msvcp140.dll
0x00007ff976f90000 - 0x00007ff977a92000 	C:\Users\adams\AppData\Local\JetBrains\Toolbox\apps\AndroidStudio\ch-0\213.7172.25.2113.9014738\jre\bin\server\jvm.dll
0x00007ff9ca510000 - 0x00007ff9ca5be000 	C:\WINDOWS\System32\ADVAPI32.dll
0x00007ff9cb5f0000 - 0x00007ff9cb68c000 	C:\WINDOWS\System32\sechost.dll
0x00007ff9ca5c0000 - 0x00007ff9ca6e5000 	C:\WINDOWS\System32\RPCRT4.dll
0x00007ff9cb5e0000 - 0x00007ff9cb5e8000 	C:\WINDOWS\System32\PSAPI.DLL
0x00007ff9bfe90000 - 0x00007ff9bfeb7000 	C:\WINDOWS\SYSTEM32\WINMM.dll
0x00007ff9c5c30000 - 0x00007ff9c5c39000 	C:\WINDOWS\SYSTEM32\WSOCK32.dll
0x00007ff9c9c90000 - 0x00007ff9c9cfb000 	C:\WINDOWS\System32\WS2_32.dll
0x00007ff9c3280000 - 0x00007ff9c328a000 	C:\WINDOWS\SYSTEM32\VERSION.dll
0x00007ff9c7000000 - 0x00007ff9c7012000 	C:\WINDOWS\SYSTEM32\kernel.appcore.dll
0x00007ff9bff30000 - 0x00007ff9bff41000 	C:\Users\adams\AppData\Local\JetBrains\Toolbox\apps\AndroidStudio\ch-0\213.7172.25.2113.9014738\jre\bin\verify.dll
0x00007ff9be490000 - 0x00007ff9be674000 	C:\WINDOWS\SYSTEM32\DBGHELP.DLL
0x00007ff9b6800000 - 0x00007ff9b6835000 	C:\WINDOWS\SYSTEM32\dbgcore.DLL
0x00007ff9c9660000 - 0x00007ff9c96e2000 	C:\WINDOWS\System32\bcryptPrimitives.dll
0x00007ff9bff00000 - 0x00007ff9bff29000 	C:\Users\adams\AppData\Local\JetBrains\Toolbox\apps\AndroidStudio\ch-0\213.7172.25.2113.9014738\jre\bin\java.dll
0x00007ff9bfbb0000 - 0x00007ff9bfbbb000 	C:\Users\adams\AppData\Local\JetBrains\Toolbox\apps\AndroidStudio\ch-0\213.7172.25.2113.9014738\jre\bin\jimage.dll
0x00007ff9bfb30000 - 0x00007ff9bfb48000 	C:\Users\adams\AppData\Local\JetBrains\Toolbox\apps\AndroidStudio\ch-0\213.7172.25.2113.9014738\jre\bin\zip.dll
0x00007ff9ca6f0000 - 0x00007ff9cae34000 	C:\WINDOWS\System32\SHELL32.dll
0x00007ff9c7200000 - 0x00007ff9c7992000 	C:\WINDOWS\SYSTEM32\windows.storage.dll
0x00007ff9ca0d0000 - 0x00007ff9ca425000 	C:\WINDOWS\System32\combase.dll
0x00007ff9c8b80000 - 0x00007ff9c8bb0000 	C:\WINDOWS\SYSTEM32\Wldp.dll
0x00007ff9c9d00000 - 0x00007ff9c9dad000 	C:\WINDOWS\System32\SHCORE.dll
0x00007ff9c9a70000 - 0x00007ff9c9ac5000 	C:\WINDOWS\System32\shlwapi.dll
0x00007ff9c9060000 - 0x00007ff9c907f000 	C:\WINDOWS\SYSTEM32\profapi.dll
0x00007ff9bf6f0000 - 0x00007ff9bf70a000 	C:\Users\adams\AppData\Local\JetBrains\Toolbox\apps\AndroidStudio\ch-0\213.7172.25.2113.9014738\jre\bin\net.dll
0x00007ff9c2630000 - 0x00007ff9c273c000 	C:\WINDOWS\SYSTEM32\WINHTTP.dll
0x00007ff9c88e0000 - 0x00007ff9c894a000 	C:\WINDOWS\system32\mswsock.dll
0x00007ff9bf4a0000 - 0x00007ff9bf4b4000 	C:\Users\adams\AppData\Local\JetBrains\Toolbox\apps\AndroidStudio\ch-0\213.7172.25.2113.9014738\jre\bin\nio.dll
0x0000000065c30000 - 0x0000000065c59000 	C:\Users\adams\AppData\Local\Temp\libgdxadams\e787ab0a\gdx64.dll
0x00007ff9a5c70000 - 0x00007ff9a5ce5000 	C:\Users\adams\AppData\Local\Temp\lwjgladams\3.3.1-build-7\lwjgl.dll
0x00007ff97a980000 - 0x00007ff97abd9000 	C:\Users\adams\AppData\Local\Temp\lwjgladams\3.3.1-build-7\jemalloc.dll
0x00007ff9a5c00000 - 0x00007ff9a5c61000 	C:\Users\adams\AppData\Local\Temp\lwjgladams\3.3.1-build-7\glfw.dll
0x00007ff9a5bb0000 - 0x00007ff9a5bf5000 	C:\WINDOWS\SYSTEM32\dinput8.dll
0x00007ff985e20000 - 0x00007ff985e31000 	C:\WINDOWS\SYSTEM32\xinput1_4.dll
0x00007ff9c9510000 - 0x00007ff9c955e000 	C:\WINDOWS\System32\cfgmgr32.dll
0x00007ff9c8ed0000 - 0x00007ff9c8efc000 	C:\WINDOWS\SYSTEM32\DEVOBJ.dll
0x00007ff9c6e20000 - 0x00007ff9c6e4f000 	C:\WINDOWS\SYSTEM32\dwmapi.dll
0x00007ff9b5ae0000 - 0x00007ff9b5c32000 	C:\WINDOWS\SYSTEM32\inputhost.dll
0x00007ff9c9f60000 - 0x00007ff9ca02d000 	C:\WINDOWS\System32\OLEAUT32.dll
0x00007ff9c6630000 - 0x00007ff9c6722000 	C:\WINDOWS\SYSTEM32\CoreMessaging.dll
0x00007ff9c4a50000 - 0x00007ff9c4b46000 	C:\WINDOWS\SYSTEM32\PROPSYS.dll
0x00007ff9c4e00000 - 0x00007ff9c4f54000 	C:\WINDOWS\SYSTEM32\wintypes.dll
0x00007ff9c62d0000 - 0x00007ff9c662e000 	C:\WINDOWS\SYSTEM32\CoreUIComponents.dll
0x00007ff9c82b0000 - 0x00007ff9c82e3000 	C:\WINDOWS\SYSTEM32\ntmarta.dll
0x00007ff9c6b10000 - 0x00007ff9c6bae000 	C:\WINDOWS\system32\uxtheme.dll
0x00007ff9cb490000 - 0x00007ff9cb5a5000 	C:\WINDOWS\System32\MSCTF.dll
0x00007ff97a3a0000 - 0x00007ff97a537000 	C:\Users\adams\AppData\Local\Temp\lwjgladams\3.3.1-build-7\OpenAL.dll
0x00007ff9c9b60000 - 0x00007ff9c9c8a000 	C:\WINDOWS\System32\ole32.dll
0x00007ff9c9eb0000 - 0x00007ff9c9f5f000 	C:\WINDOWS\System32\clbcatq.dll
0x00007ff9c3040000 - 0x00007ff9c30c5000 	C:\WINDOWS\System32\MMDevApi.dll
0x00007ff9c2d70000 - 0x00007ff9c2ef2000 	C:\WINDOWS\SYSTEM32\AUDIOSES.DLL
0x00007ff9c86a0000 - 0x00007ff9c86eb000 	C:\WINDOWS\SYSTEM32\powrprof.dll
0x00007ff9c8560000 - 0x00007ff9c8572000 	C:\WINDOWS\SYSTEM32\UMPDC.dll
0x00007ff9c6c10000 - 0x00007ff9c6c24000 	C:\WINDOWS\SYSTEM32\resourcepolicyclient.dll
0x00007ff9a2510000 - 0x00007ff9a2635000 	C:\WINDOWS\SYSTEM32\opengl32.dll
0x00007ff9becb0000 - 0x00007ff9becdc000 	C:\WINDOWS\SYSTEM32\GLU32.dll
0x00007ff9c4370000 - 0x00007ff9c4467000 	C:\Windows\System32\AppXDeploymentClient.dll
0x00007ff959750000 - 0x00007ff95c909000 	C:\WINDOWS\System32\DriverStore\FileRepository\nv_dispig.inf_amd64_ee20464bb4ac57f4\nvoglv64.dll
0x00007ff9cae50000 - 0x00007ff9cb2b8000 	C:\WINDOWS\System32\SETUPAPI.dll
0x00007ff9c9a40000 - 0x00007ff9c9a67000 	C:\WINDOWS\System32\bcrypt.dll
0x00007ff9c4bb0000 - 0x00007ff9c4bc4000 	C:\WINDOWS\SYSTEM32\WTSAPI32.dll
0x00007ff9c8af0000 - 0x00007ff9c8afc000 	C:\WINDOWS\SYSTEM32\CRYPTBASE.DLL
0x00007ff9c8d10000 - 0x00007ff9c8d22000 	C:\WINDOWS\SYSTEM32\msasn1.dll
0x00007ff9c3210000 - 0x00007ff9c3241000 	C:\WINDOWS\SYSTEM32\cryptnet.dll
0x00007ff9c96f0000 - 0x00007ff9c9846000 	C:\WINDOWS\System32\CRYPT32.dll
0x00007ff9c2a60000 - 0x00007ff9c2ba8000 	C:\WINDOWS\SYSTEM32\drvstore.dll
0x00007ff9c99d0000 - 0x00007ff9c9a39000 	C:\WINDOWS\System32\WINTRUST.dll
0x00007ff9c1350000 - 0x00007ff9c138b000 	C:\WINDOWS\SYSTEM32\dxcore.dll
0x00007ff979e20000 - 0x00007ff97a0ef000 	C:\WINDOWS\system32\nvspcap64.dll
0x00007ff9c7e20000 - 0x00007ff9c7e84000 	C:\WINDOWS\SYSTEM32\WINSTA.dll
0x00007ff9a3ca0000 - 0x00007ff9a3cfd000 	C:\Users\adams\AppData\Local\Temp\lwjgladams\3.3.1-build-7\lwjgl_opengl.dll
0x00007ff9b5fb0000 - 0x00007ff9b60a9000 	C:\WINDOWS\SYSTEM32\textinputframework.dll
0x0000000065bd0000 - 0x0000000065c2a000 	C:\Users\adams\AppData\Local\Temp\libgdxadams\888fe1bc\gdx-box2d64.dll

dbghelp: loaded successfully - version: 4.0.5 - missing functions: none
symbol engine: initialized successfully - sym options: 0x614 - pdb path: .;C:\Users\adams\AppData\Local\JetBrains\Toolbox\apps\AndroidStudio\ch-0\213.7172.25.2113.9014738\jre\bin;C:\WINDOWS\SYSTEM32;C:\WINDOWS\WinSxS\amd64_microsoft.windows.common-controls_6595b64144ccf1df_6.0.19041.1110_none_60b5254171f9507e;C:\Users\adams\AppData\Local\JetBrains\Toolbox\apps\AndroidStudio\ch-0\213.7172.25.2113.9014738\jre\bin\server;C:\Users\adams\AppData\Local\Temp\libgdxadams\e787ab0a;C:\Users\adams\AppData\Local\Temp\lwjgladams\3.3.1-build-7;C:\WINDOWS\System32\DriverStore\FileRepository\nv_dispig.inf_amd64_ee20464bb4ac57f4;C:\Users\adams\AppData\Local\Temp\libgdxadams\888fe1bc

VM Arguments:
jvm_args: -Dfile.encoding=windows-1250 -Duser.country=PL -Duser.language=pl -Duser.variant 
java_command: com.mygdx.game.DesktopLauncher
java_class_path (initial): C:\Programowanie\Mario\desktop\build\classes\java\main;C:\Programowanie\Mario\desktop\build\resources\main;C:\Users\adams\.gradle\caches\modules-2\files-2.1\com.badlogicgames.gdx\gdx-backend-lwjgl3\1.11.0\58a96db4cd349be4292d547856aa1e1c5f065f4e\gdx-backend-lwjgl3-1.11.0.jar;C:\Users\adams\.gradle\caches\modules-2\files-2.1\com.badlogicgames.gdx\gdx-platform\1.11.0\697fb13eada6d3c6ca648c9788692b0159add126\gdx-platform-1.11.0-natives-desktop.jar;C:\Users\adams\.gradle\caches\modules-2\files-2.1\com.badlogicgames.gdx\gdx-box2d-platform\1.11.0\62ff9baa1e57a11e0a4428a38c9660bf9f312fdc\gdx-box2d-platform-1.11.0-natives-desktop.jar;C:\Programowanie\Mario\core\build\libs\core-1.0.jar;C:\Users\adams\.gradle\caches\modules-2\files-2.1\com.badlogicgames.gdx\gdx-box2d\1.11.0\ad4facee800dd945d6d6e93dea2936bc135b5f\gdx-box2d-1.11.0.jar;C:\Users\adams\.gradle\caches\modules-2\files-2.1\com.badlogicgames.gdx\gdx\1.11.0\ffe1206d1004cd9e40027e28964be0fea0399af7\gdx-1.11.0.jar;C:\Users\adams\.gradle\caches\modules-2\files-2.1\org.lwjgl\lwjgl-glfw\3.3.1\cbac1b8d30cb4795149c1ef540f912671a8616d0\lwjgl-glfw-3.3.1.jar;C:\Users\adams\.gradle\caches\modules-2\files-2.1\org.lwjgl\lwjgl-glfw\3.3.1\81716978214ecbda15050ca394b06ef61501a49e\lwjgl-glfw-3.3.1-natives-linux.jar;C:\Users\adams\.gradle\caches\modules-2\files-2.1\org.lwjgl\lwjgl-glfw\3.3.1\816d935933f2dd743074c4e717cc25b55720f294\lwjgl-glfw-3.3.1-natives-linux-arm32.jar;C:\Users\adams\.gradle\caches\modules-2\files-2.1\org.lwjgl\lwjgl-glfw\3.3.1\513eb39b866d0fe131a18d5c517087805433b029\lwjgl-glfw-3.3.1-natives-linux-arm64.jar;C:\Users\adams\.gradle\caches\modules-2\files-2.1\org.lwjgl\lwjgl-glfw\3.3.1\9ec4ce1fc8c85fdef03ef4ff2aace6f5775fb280\lwjgl-glfw-3.3.1-natives-macos.jar;C:\Users\adams\.gradle\caches\modules-2\files-2.1\org.lwjgl\lwjgl-glfw\3.3.1\cac0d3f712a3da7641fa174735a5f315de7ffe0a\lwjgl-glfw-3.3.1-natives-macos-arm64.jar;C:\Users\adams\.gradle\caches\modules-2\files-2.1\org.lwjgl\lwjgl-glfw\3.3.
Launcher Type: SUN_STANDARD

[Global flags]
     intx CICompilerCount                          = 4                                         {product} {ergonomic}
     uint ConcGCThreads                            = 3                                         {product} {ergonomic}
     uint G1ConcRefinementThreads                  = 10                                        {product} {ergonomic}
   size_t G1HeapRegionSize                         = 1048576                                   {product} {ergonomic}
    uintx GCDrainStackTargetSize                   = 64                                        {product} {ergonomic}
   size_t InitialHeapSize                          = 266338304                                 {product} {ergonomic}
   size_t MarkStackSize                            = 4194304                                   {product} {ergonomic}
   size_t MaxHeapSize                              = 4261412864                                {product} {ergonomic}
   size_t MaxNewSize                               = 2556428288                                {product} {ergonomic}
   size_t MinHeapDeltaBytes                        = 1048576                                   {product} {ergonomic}
    uintx NonNMethodCodeHeapSize                   = 5836300                                {pd product} {ergonomic}
    uintx NonProfiledCodeHeapSize                  = 122910970                              {pd product} {ergonomic}
    uintx ProfiledCodeHeapSize                     = 122910970                              {pd product} {ergonomic}
    uintx ReservedCodeCacheSize                    = 251658240                              {pd product} {ergonomic}
     bool SegmentedCodeCache                       = true                                      {product} {ergonomic}
     bool UseCompressedClassPointers               = true                                 {lp64_product} {ergonomic}
     bool UseCompressedOops                        = true                                 {lp64_product} {ergonomic}
     bool UseG1GC                                  = true                                      {product} {ergonomic}
     bool UseLargePagesIndividualAllocation        = false                                  {pd product} {ergonomic}

Logging:
Log output configuration:
 #0: stdout all=warning uptime,level,tags
 #1: stderr all=off uptime,level,tags

Environment Variables:
PATH=C:\Program Files\Microsoft\jdk-11.0.12.7-hotspot\bin;C:\Program Files\Common Files\Oracle\Java\javapath;C:\Program Files (x86)\Razer Chroma SDK\bin;C:\Program Files\Razer Chroma SDK\bin;C:\Program Files (x86)\Razer\ChromaBroadcast\bin;C:\Program Files\Razer\ChromaBroadcast\bin;C:\WINDOWS\system32;C:\WINDOWS;C:\WINDOWS\System32\Wbem;C:\WINDOWS\System32\WindowsPowerShell\v1.0\;C:\WINDOWS\System32\OpenSSH\;C:\Program Files (x86)\NVIDIA Corporation\PhysX\Common;C:\Program Files\NVIDIA Corporation\NVIDIA NvDLISR;C:\Program Files\MATLAB\R2021b\bin;C:\Program Files (x86)\dotnet\;C:\WINDOWS\system32\config\systemprofile\AppData\Local\Microsoft\WindowsApps;C:\Program Files\Git\cmd;C:\Program Files\dotnet\;C:\Users\adams\AppData\Local\Microsoft\WindowsApps;C:\Program Files\Java\jdk-17.0.5\bin;C:\Program Files\JetBrains\IntelliJ IDEA 2022.2.3\bin;C:\Users\adams\.dotnet\tools
USERNAME=adams
OS=Windows_NT
PROCESSOR_IDENTIFIER=Intel64 Family 6 Model 167 Stepping 1, GenuineIntel



---------------  S Y S T E M  ---------------

OS: Windows 10 , 64 bit Build 19041 (10.0.19041.2364)
OS uptime: 4 days 15:07 hours

CPU:total 12 (initial active 12) (6 cores per cpu, 2 threads per core) family 6 model 167 stepping 1 microcode 0x40, cmov, cx8, fxsr, mmx, sse, sse2, sse3, ssse3, sse4.1, sse4.2, popcnt, avx, avx2, aes, clmul, erms, 3dnowpref, lzcnt, ht, tsc, tscinvbit, bmi1, bmi2, adx, evex, sha, fma

Memory: 4k page, system-wide physical 16253M (5545M free)
TotalPageFile size 18685M (AvailPageFile size 3178M)
current process WorkingSet (physical memory assigned to process): 132M, peak: 133M
current process commit charge ("private bytes"): 408M, peak: 410M

vm_info: OpenJDK 64-Bit Server VM (11.0.13+0-b1751.21-8125866) for windows-amd64 JRE (11.0.13+0-b1751.21-8125866), built on Feb  2 2022 03:00:22 by "builder" with MS VC++ 14.0 (VS2015)

END.
