#
# A fatal error has been detected by the Java Runtime Environment:
#
#  EXCEPTION_ACCESS_VIOLATION (0xc0000005) at pc=0x0000000065bef190, pid=11464, tid=9148
#
# JRE version: OpenJDK Runtime Environment (11.0.13) (build 11.0.13+0-b1751.21-8125866)
# Java VM: OpenJDK 64-Bit Server VM (11.0.13+0-b1751.21-8125866, mixed mode, tiered, compressed oops, g1 gc, windows-amd64)
# Problematic frame:
# C  [gdx-box2d64.dll+0x1f190]
#
# No core dump will be written. Minidumps are not enabled by default on client versions of Windows
#
# If you would like to submit a bug report, please visit:
#   https://bugreport.java.com/bugreport/crash.jsp
# The crash happened outside the Java Virtual Machine in native code.
# See problematic frame for where to report the bug.
#

---------------  S U M M A R Y ------------

Command Line: -Dfile.encoding=windows-1250 -Duser.country=PL -Duser.language=pl -Duser.variant com.mygdx.game.DesktopLauncher

Host: 11th Gen Intel(R) Core(TM) i5-11400 @ 2.60GHz, 12 cores, 15G,  Windows 10 , 64 bit Build 19041 (10.0.19041.2364)
Time: Mon Jan  2 16:06:26 2023 Œrodkowoeuropejski czas stand. elapsed time: 2.479647 seconds (0d 0h 0m 2s)

---------------  T H R E A D  ---------------

Current thread (0x0000024df7f75800):  JavaThread "main" [_thread_in_native, id=9148, stack(0x0000005eae000000,0x0000005eae100000)]

Stack: [0x0000005eae000000,0x0000005eae100000],  sp=0x0000005eae0fef70,  free space=1019k
Native frames: (J=compiled Java code, j=interpreted, Vv=VM code, C=native code)
C  [gdx-box2d64.dll+0x1f190]

Java frames: (J=compiled Java code, j=interpreted, Vv=VM code)
j  com.badlogic.gdx.physics.box2d.World.jniStep(JFII)V+0
j  com.badlogic.gdx.physics.box2d.World.step(FII)V+8
j  com.mygdx.game.lv1.cos.Mario.Screens.PlayScreen.update(F)V+18
j  com.mygdx.game.lv1.cos.Mario.Screens.PlayScreen.render(F)V+2
j  com.badlogic.gdx.Game.render()V+19
j  com.mygdx.game.Mario.render()V+1
j  com.badlogic.gdx.backends.lwjgl3.Lwjgl3Window.update()Z+187
j  com.badlogic.gdx.backends.lwjgl3.Lwjgl3Application.loop()V+111
j  com.badlogic.gdx.backends.lwjgl3.Lwjgl3Application.<init>(Lcom/badlogic/gdx/ApplicationListener;Lcom/badlogic/gdx/backends/lwjgl3/Lwjgl3ApplicationConfiguration;)V+269
j  com.mygdx.game.DesktopLauncher.main([Ljava/lang/String;)V+47
v  ~StubRoutines::call_stub

siginfo: EXCEPTION_ACCESS_VIOLATION (0xc0000005), reading address 0x0000024d9cb5b298


Register to memory mapping:

RIP=0x0000000065bef190 gdx-box2d64.dll
RAX=0x0000000000000001 is an unknown value
RBX=0x0000024d9cb5b290 is an unknown value
RCX=0x0000024d9cb12700 points into unknown readable memory: 0x0000000000000034 | 34 00 00 00 00 00 00 00
RDX=0x000003adb16cf411 is an unknown value
RSP=0x0000005eae0fef70 is pointing into the stack for thread: 0x0000024df7f75800
RBP=0x0000024d9cb12700 points into unknown readable memory: 0x0000000000000034 | 34 00 00 00 00 00 00 00
RSI=0x0000005eae0ff018 is pointing into the stack for thread: 0x0000024df7f75800
RDI=0x0000024d9cb12700 points into unknown readable memory: 0x0000000000000034 | 34 00 00 00 00 00 00 00
R8 =0x0000000000000083 is an unknown value
R9 =0x000000007ffea000 points into unknown readable memory: 0x00000000546c6148 | 48 61 6c 54 00 00 00 00
R10=0x00000000546c6148 is an unknown value
R11=0x00000213d5a7967e is an unknown value
R12=0x0000000000000006 is an unknown value
R13={method} {0x0000024da1bc1200} 'jniStep' '(JFII)V' in 'com/badlogic/gdx/physics/box2d/World'
R14=0x0000005eae0ff1f0 is pointing into the stack for thread: 0x0000024df7f75800
R15=0x0000024df7f75800 is a thread


Registers:
RAX=0x0000000000000001, RBX=0x0000024d9cb5b290, RCX=0x0000024d9cb12700, RDX=0x000003adb16cf411
RSP=0x0000005eae0fef70, RBP=0x0000024d9cb12700, RSI=0x0000005eae0ff018, RDI=0x0000024d9cb12700
R8 =0x0000000000000083, R9 =0x000000007ffea000, R10=0x00000000546c6148, R11=0x00000213d5a7967e
R12=0x0000000000000006, R13=0x0000024da1bc11f8, R14=0x0000005eae0ff1f0, R15=0x0000024df7f75800
RIP=0x0000000065bef190, EFLAGS=0x0000000000010206

Top of Stack: (sp=0x0000005eae0fef70)
0x0000005eae0fef70:   00007ff9a2374092 0000024d8000f777
0x0000005eae0fef80:   0000005eae0ff010 0000000065bdc4ec
0x0000005eae0fef90:   000000003f800000 0000000000000000
0x0000005eae0fefa0:   0000000000000000 0000024d9caf9460
0x0000005eae0fefb0:   0000005eae0ff018 0000005eae0ff010
0x0000005eae0fefc0:   0000024d9cb12700 0000000000000006
0x0000005eae0fefd0:   0000024da1bc11f8 0000005eae0ff1f0
0x0000005eae0fefe0:   0000024df7f75800 0000000065bf2c27
0x0000005eae0feff0:   00007ff9a2374092 00007ff977364030
0x0000005eae0ff000:   0000000000000000 0000000000000000
0x0000005eae0ff010:   428d6d8b67a05000 428d6d8b67a08800
0x0000005eae0ff020:   426fffff3c888889 000000063f800000
0x0000005eae0ff030:   0000020100000002 00007ff977364900
0x0000005eae0ff040:   000000003c888889 0000000000000000
0x0000005eae0ff050:   0000000000000000 0000000000000000
0x0000005eae0ff060:   0000024d9caf9460 0000000000000188 

Instructions: (pc=0x0000000065bef190)
0x0000000065bef090:   ff 48 89 85 88 00 00 00 eb 8a 66 0f 1f 44 00 00
0x0000000065bef0a0:   48 89 46 58 e9 50 ff ff ff 90 66 0f 1f 44 00 00
0x0000000065bef0b0:   41 57 41 56 41 55 41 54 55 57 56 53 48 83 ec 38
0x0000000065bef0c0:   0f 29 74 24 20 48 89 cf 48 8b 59 58 48 85 db 0f
0x0000000065bef0d0:   84 05 01 00 00 66 0f ef f6 e9 b2 00 00 00 66 90
0x0000000065bef0e0:   41 8b 14 24 85 d2 0f 84 d5 00 00 00 48 c1 e6 05
0x0000000065bef0f0:   49 03 75 28 49 63 c7 48 c1 e0 05 49 03 46 28 4c
0x0000000065bef100:   63 6e 1c 48 63 70 1c 45 85 ed 78 06 44 3b 6f 14
0x0000000065bef110:   7c 19 48 8d 15 e7 1f 02 00 48 8d 0d 08 20 02 00
0x0000000065bef120:   41 b8 a4 00 00 00 e8 65 4a 01 00 48 8b 47 08 4b
0x0000000065bef130:   8d 54 ad 00 85 f6 4c 8d 2c d0 78 05 3b 77 14 7c
0x0000000065bef140:   1d 48 8d 15 b8 1f 02 00 48 8d 0d d9 1f 02 00 41
0x0000000065bef150:   b8 a4 00 00 00 e8 36 4a 01 00 48 8b 47 08 48 8d
0x0000000065bef160:   14 b6 48 8d 04 d0 f3 0f 10 00 f3 41 0f 5c 45 08
0x0000000065bef170:   0f 2e c6 0f 86 b7 00 00 00 48 8b 73 18 48 89 da
0x0000000065bef180:   48 89 f9 e8 18 fe ff ff 48 89 f3 48 85 db 74 4a
0x0000000065bef190:   f6 43 08 08 4c 8b 6b 60 4c 8b 73 68 48 63 73 70
0x0000000065bef1a0:   44 8b 7b 74 4d 8b 65 10 49 8b 6e 10 75 42 0f b7
0x0000000065bef1b0:   45 04 83 e0 02 41 f6 44 24 04 02 0f 85 1f ff ff
0x0000000065bef1c0:   ff 66 85 c0 74 0b 8b 45 00 85 c0 0f 85 1b ff ff
0x0000000065bef1d0:   ff 48 8b 5b 18 48 85 db 75 b6 0f 28 74 24 20 48
0x0000000065bef1e0:   83 c4 38 5b 5e 5f 5d 41 5c 41 5d 41 5e 41 5f c3
0x0000000065bef1f0:   4c 89 e2 48 89 e9 e8 65 f6 ff ff 84 c0 0f 84 76
0x0000000065bef200:   ff ff ff 48 8b 4f 68 48 85 c9 74 14 48 8b 01 4d
0x0000000065bef210:   89 f0 4c 89 ea ff 50 10 84 c0 0f 84 59 ff ff ff
0x0000000065bef220:   83 63 08 f7 eb 88 66 2e 0f 1f 84 00 00 00 00 00
0x0000000065bef230:   f3 0f 10 40 04 f3 41 0f 5c 45 0c 0f 2e c6 0f 87
0x0000000065bef240:   35 ff ff ff f3 41 0f 10 45 00 f3 0f 5c 40 08 0f
0x0000000065bef250:   2e c6 0f 87 21 ff ff ff f3 41 0f 10 45 04 f3 0f
0x0000000065bef260:   5c 40 0c 0f 2e c6 0f 87 0d ff ff ff 48 8b 57 70
0x0000000065bef270:   48 89 d9 e8 88 dd fe ff e9 54 ff ff ff 90 66 90
0x0000000065bef280:   41 55 41 54 55 57 56 53 48 83 ec 38 48 8b 5a 10 


Stack slot to memory mapping:
stack at sp + 0 slots: 0x00007ff9a2374092 glfw.dll
stack at sp + 1 slots: 0x0000024d8000f777 is at code_begin+1047 in an Interpreter codelet
method entry point (kind = native)  [0x0000024d8000f360, 0x0000024d8000fe00]  2720 bytes
stack at sp + 2 slots: 0x0000005eae0ff010 is pointing into the stack for thread: 0x0000024df7f75800
stack at sp + 3 slots: 0x0000000065bdc4ec gdx-box2d64.dll
stack at sp + 4 slots: 0x000000003f800000 is an unknown value
stack at sp + 5 slots: 0x0 is NULL
stack at sp + 6 slots: 0x0 is NULL
stack at sp + 7 slots: 0x0000024d9caf9460 points into unknown readable memory: 0x0000024d9cb1f3e0 | e0 f3 b1 9c 4d 02 00 00


---------------  P R O C E S S  ---------------

Threads class SMR info:
_java_thread_list=0x0000024da1c5c9f0, length=11, elements={
0x0000024df7f75800, 0x0000024d99cb7800, 0x0000024d99cda800, 0x0000024d99d3b800,
0x0000024d99d3f000, 0x0000024d99d40000, 0x0000024d99d41000, 0x0000024d99d43000,
0x0000024d99d44800, 0x0000024d99ef3000, 0x0000024d9b8af000
}

Java Threads: ( => current thread )
=>0x0000024df7f75800 JavaThread "main" [_thread_in_native, id=9148, stack(0x0000005eae000000,0x0000005eae100000)]
  0x0000024d99cb7800 JavaThread "Reference Handler" daemon [_thread_blocked, id=35028, stack(0x0000005eae700000,0x0000005eae800000)]
  0x0000024d99cda800 JavaThread "Finalizer" daemon [_thread_blocked, id=35684, stack(0x0000005eae800000,0x0000005eae900000)]
  0x0000024d99d3b800 JavaThread "Signal Dispatcher" daemon [_thread_blocked, id=29260, stack(0x0000005eae900000,0x0000005eaea00000)]
  0x0000024d99d3f000 JavaThread "Attach Listener" daemon [_thread_blocked, id=32056, stack(0x0000005eaea00000,0x0000005eaeb00000)]
  0x0000024d99d40000 JavaThread "Service Thread" daemon [_thread_blocked, id=7684, stack(0x0000005eaeb00000,0x0000005eaec00000)]
  0x0000024d99d41000 JavaThread "C2 CompilerThread0" daemon [_thread_in_native, id=14324, stack(0x0000005eaec00000,0x0000005eaed00000)]
  0x0000024d99d43000 JavaThread "C1 CompilerThread0" daemon [_thread_blocked, id=37524, stack(0x0000005eaed00000,0x0000005eaee00000)]
  0x0000024d99d44800 JavaThread "Sweeper thread" daemon [_thread_blocked, id=36684, stack(0x0000005eaee00000,0x0000005eaef00000)]
  0x0000024d99ef3000 JavaThread "Common-Cleaner" daemon [_thread_blocked, id=6796, stack(0x0000005eaf000000,0x0000005eaf100000)]
  0x0000024d9b8af000 JavaThread "LWJGL3 Timer" daemon [_thread_blocked, id=28668, stack(0x0000005eb0100000,0x0000005eb0200000)]

Other Threads:
  0x0000024d99cb4800 VMThread "VM Thread" [stack: 0x0000005eae600000,0x0000005eae700000] [id=25424]
  0x0000024d99ee9000 WatcherThread [stack: 0x0000005eaef00000,0x0000005eaf000000] [id=33576]
  0x0000024df7f8f800 GCTaskThread "GC Thread#0" [stack: 0x0000005eae100000,0x0000005eae200000] [id=36332]
  0x0000024d9b711000 GCTaskThread "GC Thread#1" [stack: 0x0000005eafc00000,0x0000005eafd00000] [id=32664]
  0x0000024d9b515800 GCTaskThread "GC Thread#2" [stack: 0x0000005eafd00000,0x0000005eafe00000] [id=34004]
  0x0000024d9b5fc000 GCTaskThread "GC Thread#3" [stack: 0x0000005eafe00000,0x0000005eaff00000] [id=34360]
  0x0000024d9b5fc800 GCTaskThread "GC Thread#4" [stack: 0x0000005eaff00000,0x0000005eb0000000] [id=8480]
  0x0000024d9b5fd000 GCTaskThread "GC Thread#5" [stack: 0x0000005eb0000000,0x0000005eb0100000] [id=31996]
  0x0000024df7fed000 ConcurrentGCThread "G1 Main Marker" [stack: 0x0000005eae200000,0x0000005eae300000] [id=37864]
  0x0000024df7ff0800 ConcurrentGCThread "G1 Conc#0" [stack: 0x0000005eae300000,0x0000005eae400000] [id=34768]
  0x0000024d99307000 ConcurrentGCThread "G1 Refine#0" [stack: 0x0000005eae400000,0x0000005eae500000] [id=32224]
  0x0000024d99309000 ConcurrentGCThread "G1 Young RemSet Sampling" [stack: 0x0000005eae500000,0x0000005eae600000] [id=13592]

Threads with active compile tasks:
C2 CompilerThread0   2503 1222 %     4       com.badlogic.gdx.maps.tiled.renderers.OrthogonalTiledMapRenderer::renderTileLayer @ 245 (995 bytes)

VM state:not at safepoint (normal execution)

VM Mutex/Monitor currently owned by a thread: None

Heap address: 0x0000000702000000, size: 4064 MB, Compressed Oops mode: Zero based, Oop shift amount: 3
Narrow klass base: 0x0000000800000000, Narrow klass shift: 0
Compressed class space size: 1073741824 Address: 0x0000000800000000

Heap:
 garbage-first heap   total 260096K, used 6612K [0x0000000702000000, 0x0000000800000000)
  region size 1024K, 8 young (8192K), 3 survivors (3072K)
 Metaspace       used 13214K, capacity 13403K, committed 13696K, reserved 1062912K
  class space    used 1054K, capacity 1108K, committed 1152K, reserved 1048576K
Heap Regions: E=young(eden), S=young(survivor), O=old, HS=humongous(starts), HC=humongous(continues), CS=collection set, F=free, A=archive, TAMS=top-at-mark-start (previous, next)
|   0|0x0000000702000000, 0x0000000702000000, 0x0000000702100000|  0%| F|  |TAMS 0x0000000702000000, 0x0000000702000000| Untracked 
|   1|0x0000000702100000, 0x0000000702100000, 0x0000000702200000|  0%| F|  |TAMS 0x0000000702100000, 0x0000000702100000| Untracked 
|   2|0x0000000702200000, 0x0000000702200000, 0x0000000702300000|  0%| F|  |TAMS 0x0000000702200000, 0x0000000702200000| Untracked 
|   3|0x0000000702300000, 0x0000000702300000, 0x0000000702400000|  0%| F|  |TAMS 0x0000000702300000, 0x0000000702300000| Untracked 
|   4|0x0000000702400000, 0x0000000702400000, 0x0000000702500000|  0%| F|  |TAMS 0x0000000702400000, 0x0000000702400000| Untracked 
|   5|0x0000000702500000, 0x0000000702500000, 0x0000000702600000|  0%| F|  |TAMS 0x0000000702500000, 0x0000000702500000| Untracked 
|   6|0x0000000702600000, 0x0000000702600000, 0x0000000702700000|  0%| F|  |TAMS 0x0000000702600000, 0x0000000702600000| Untracked 
|   7|0x0000000702700000, 0x0000000702700000, 0x0000000702800000|  0%| F|  |TAMS 0x0000000702700000, 0x0000000702700000| Untracked 
|   8|0x0000000702800000, 0x0000000702800000, 0x0000000702900000|  0%| F|  |TAMS 0x0000000702800000, 0x0000000702800000| Untracked 
|   9|0x0000000702900000, 0x0000000702900000, 0x0000000702a00000|  0%| F|  |TAMS 0x0000000702900000, 0x0000000702900000| Untracked 
|  10|0x0000000702a00000, 0x0000000702a00000, 0x0000000702b00000|  0%| F|  |TAMS 0x0000000702a00000, 0x0000000702a00000| Untracked 
|  11|0x0000000702b00000, 0x0000000702b00000, 0x0000000702c00000|  0%| F|  |TAMS 0x0000000702b00000, 0x0000000702b00000| Untracked 
|  12|0x0000000702c00000, 0x0000000702c00000, 0x0000000702d00000|  0%| F|  |TAMS 0x0000000702c00000, 0x0000000702c00000| Untracked 
|  13|0x0000000702d00000, 0x0000000702d00000, 0x0000000702e00000|  0%| F|  |TAMS 0x0000000702d00000, 0x0000000702d00000| Untracked 
|  14|0x0000000702e00000, 0x0000000702e00000, 0x0000000702f00000|  0%| F|  |TAMS 0x0000000702e00000, 0x0000000702e00000| Untracked 
|  15|0x0000000702f00000, 0x0000000702f00000, 0x0000000703000000|  0%| F|  |TAMS 0x0000000702f00000, 0x0000000702f00000| Untracked 
|  16|0x0000000703000000, 0x0000000703000000, 0x0000000703100000|  0%| F|  |TAMS 0x0000000703000000, 0x0000000703000000| Untracked 
|  17|0x0000000703100000, 0x0000000703100000, 0x0000000703200000|  0%| F|  |TAMS 0x0000000703100000, 0x0000000703100000| Untracked 
|  18|0x0000000703200000, 0x0000000703200000, 0x0000000703300000|  0%| F|  |TAMS 0x0000000703200000, 0x0000000703200000| Untracked 
|  19|0x0000000703300000, 0x0000000703300000, 0x0000000703400000|  0%| F|  |TAMS 0x0000000703300000, 0x0000000703300000| Untracked 
|  20|0x0000000703400000, 0x0000000703400000, 0x0000000703500000|  0%| F|  |TAMS 0x0000000703400000, 0x0000000703400000| Untracked 
|  21|0x0000000703500000, 0x0000000703500000, 0x0000000703600000|  0%| F|  |TAMS 0x0000000703500000, 0x0000000703500000| Untracked 
|  22|0x0000000703600000, 0x0000000703600000, 0x0000000703700000|  0%| F|  |TAMS 0x0000000703600000, 0x0000000703600000| Untracked 
|  23|0x0000000703700000, 0x0000000703700000, 0x0000000703800000|  0%| F|  |TAMS 0x0000000703700000, 0x0000000703700000| Untracked 
|  24|0x0000000703800000, 0x0000000703800000, 0x0000000703900000|  0%| F|  |TAMS 0x0000000703800000, 0x0000000703800000| Untracked 
|  25|0x0000000703900000, 0x0000000703900000, 0x0000000703a00000|  0%| F|  |TAMS 0x0000000703900000, 0x0000000703900000| Untracked 
|  26|0x0000000703a00000, 0x0000000703a00000, 0x0000000703b00000|  0%| F|  |TAMS 0x0000000703a00000, 0x0000000703a00000| Untracked 
|  27|0x0000000703b00000, 0x0000000703b00000, 0x0000000703c00000|  0%| F|  |TAMS 0x0000000703b00000, 0x0000000703b00000| Untracked 
|  28|0x0000000703c00000, 0x0000000703c00000, 0x0000000703d00000|  0%| F|  |TAMS 0x0000000703c00000, 0x0000000703c00000| Untracked 
|  29|0x0000000703d00000, 0x0000000703d00000, 0x0000000703e00000|  0%| F|  |TAMS 0x0000000703d00000, 0x0000000703d00000| Untracked 
|  30|0x0000000703e00000, 0x0000000703e00000, 0x0000000703f00000|  0%| F|  |TAMS 0x0000000703e00000, 0x0000000703e00000| Untracked 
|  31|0x0000000703f00000, 0x0000000703f00000, 0x0000000704000000|  0%| F|  |TAMS 0x0000000703f00000, 0x0000000703f00000| Untracked 
|  32|0x0000000704000000, 0x0000000704000000, 0x0000000704100000|  0%| F|  |TAMS 0x0000000704000000, 0x0000000704000000| Untracked 
|  33|0x0000000704100000, 0x0000000704100000, 0x0000000704200000|  0%| F|  |TAMS 0x0000000704100000, 0x0000000704100000| Untracked 
|  34|0x0000000704200000, 0x0000000704200000, 0x0000000704300000|  0%| F|  |TAMS 0x0000000704200000, 0x0000000704200000| Untracked 
|  35|0x0000000704300000, 0x0000000704300000, 0x0000000704400000|  0%| F|  |TAMS 0x0000000704300000, 0x0000000704300000| Untracked 
|  36|0x0000000704400000, 0x0000000704400000, 0x0000000704500000|  0%| F|  |TAMS 0x0000000704400000, 0x0000000704400000| Untracked 
|  37|0x0000000704500000, 0x0000000704500000, 0x0000000704600000|  0%| F|  |TAMS 0x0000000704500000, 0x0000000704500000| Untracked 
|  38|0x0000000704600000, 0x0000000704600000, 0x0000000704700000|  0%| F|  |TAMS 0x0000000704600000, 0x0000000704600000| Untracked 
|  39|0x0000000704700000, 0x0000000704700000, 0x0000000704800000|  0%| F|  |TAMS 0x0000000704700000, 0x0000000704700000| Untracked 
|  40|0x0000000704800000, 0x0000000704800000, 0x0000000704900000|  0%| F|  |TAMS 0x0000000704800000, 0x0000000704800000| Untracked 
|  41|0x0000000704900000, 0x0000000704900000, 0x0000000704a00000|  0%| F|  |TAMS 0x0000000704900000, 0x0000000704900000| Untracked 
|  42|0x0000000704a00000, 0x0000000704a00000, 0x0000000704b00000|  0%| F|  |TAMS 0x0000000704a00000, 0x0000000704a00000| Untracked 
|  43|0x0000000704b00000, 0x0000000704b00000, 0x0000000704c00000|  0%| F|  |TAMS 0x0000000704b00000, 0x0000000704b00000| Untracked 
|  44|0x0000000704c00000, 0x0000000704c00000, 0x0000000704d00000|  0%| F|  |TAMS 0x0000000704c00000, 0x0000000704c00000| Untracked 
|  45|0x0000000704d00000, 0x0000000704d00000, 0x0000000704e00000|  0%| F|  |TAMS 0x0000000704d00000, 0x0000000704d00000| Untracked 
|  46|0x0000000704e00000, 0x0000000704e00000, 0x0000000704f00000|  0%| F|  |TAMS 0x0000000704e00000, 0x0000000704e00000| Untracked 
|  47|0x0000000704f00000, 0x0000000704f00000, 0x0000000705000000|  0%| F|  |TAMS 0x0000000704f00000, 0x0000000704f00000| Untracked 
|  48|0x0000000705000000, 0x0000000705000000, 0x0000000705100000|  0%| F|  |TAMS 0x0000000705000000, 0x0000000705000000| Untracked 
|  49|0x0000000705100000, 0x0000000705100000, 0x0000000705200000|  0%| F|  |TAMS 0x0000000705100000, 0x0000000705100000| Untracked 
|  50|0x0000000705200000, 0x0000000705200000, 0x0000000705300000|  0%| F|  |TAMS 0x0000000705200000, 0x0000000705200000| Untracked 
|  51|0x0000000705300000, 0x0000000705300000, 0x0000000705400000|  0%| F|  |TAMS 0x0000000705300000, 0x0000000705300000| Untracked 
|  52|0x0000000705400000, 0x0000000705400000, 0x0000000705500000|  0%| F|  |TAMS 0x0000000705400000, 0x0000000705400000| Untracked 
|  53|0x0000000705500000, 0x0000000705500000, 0x0000000705600000|  0%| F|  |TAMS 0x0000000705500000, 0x0000000705500000| Untracked 
|  54|0x0000000705600000, 0x0000000705600000, 0x0000000705700000|  0%| F|  |TAMS 0x0000000705600000, 0x0000000705600000| Untracked 
|  55|0x0000000705700000, 0x0000000705700000, 0x0000000705800000|  0%| F|  |TAMS 0x0000000705700000, 0x0000000705700000| Untracked 
|  56|0x0000000705800000, 0x0000000705800000, 0x0000000705900000|  0%| F|  |TAMS 0x0000000705800000, 0x0000000705800000| Untracked 
|  57|0x0000000705900000, 0x0000000705900000, 0x0000000705a00000|  0%| F|  |TAMS 0x0000000705900000, 0x0000000705900000| Untracked 
|  58|0x0000000705a00000, 0x0000000705a00000, 0x0000000705b00000|  0%| F|  |TAMS 0x0000000705a00000, 0x0000000705a00000| Untracked 
|  59|0x0000000705b00000, 0x0000000705b00000, 0x0000000705c00000|  0%| F|  |TAMS 0x0000000705b00000, 0x0000000705b00000| Untracked 
|  60|0x0000000705c00000, 0x0000000705c00000, 0x0000000705d00000|  0%| F|  |TAMS 0x0000000705c00000, 0x0000000705c00000| Untracked 
|  61|0x0000000705d00000, 0x0000000705d00000, 0x0000000705e00000|  0%| F|  |TAMS 0x0000000705d00000, 0x0000000705d00000| Untracked 
|  62|0x0000000705e00000, 0x0000000705e00000, 0x0000000705f00000|  0%| F|  |TAMS 0x0000000705e00000, 0x0000000705e00000| Untracked 
|  63|0x0000000705f00000, 0x0000000705f00000, 0x0000000706000000|  0%| F|  |TAMS 0x0000000705f00000, 0x0000000705f00000| Untracked 
|  64|0x0000000706000000, 0x0000000706000000, 0x0000000706100000|  0%| F|  |TAMS 0x0000000706000000, 0x0000000706000000| Untracked 
|  65|0x0000000706100000, 0x0000000706100000, 0x0000000706200000|  0%| F|  |TAMS 0x0000000706100000, 0x0000000706100000| Untracked 
|  66|0x0000000706200000, 0x0000000706200000, 0x0000000706300000|  0%| F|  |TAMS 0x0000000706200000, 0x0000000706200000| Untracked 
|  67|0x0000000706300000, 0x0000000706300000, 0x0000000706400000|  0%| F|  |TAMS 0x0000000706300000, 0x0000000706300000| Untracked 
|  68|0x0000000706400000, 0x0000000706400000, 0x0000000706500000|  0%| F|  |TAMS 0x0000000706400000, 0x0000000706400000| Untracked 
|  69|0x0000000706500000, 0x0000000706500000, 0x0000000706600000|  0%| F|  |TAMS 0x0000000706500000, 0x0000000706500000| Untracked 
|  70|0x0000000706600000, 0x0000000706600000, 0x0000000706700000|  0%| F|  |TAMS 0x0000000706600000, 0x0000000706600000| Untracked 
|  71|0x0000000706700000, 0x0000000706700000, 0x0000000706800000|  0%| F|  |TAMS 0x0000000706700000, 0x0000000706700000| Untracked 
|  72|0x0000000706800000, 0x0000000706800000, 0x0000000706900000|  0%| F|  |TAMS 0x0000000706800000, 0x0000000706800000| Untracked 
|  73|0x0000000706900000, 0x0000000706900000, 0x0000000706a00000|  0%| F|  |TAMS 0x0000000706900000, 0x0000000706900000| Untracked 
|  74|0x0000000706a00000, 0x0000000706a00000, 0x0000000706b00000|  0%| F|  |TAMS 0x0000000706a00000, 0x0000000706a00000| Untracked 
|  75|0x0000000706b00000, 0x0000000706b00000, 0x0000000706c00000|  0%| F|  |TAMS 0x0000000706b00000, 0x0000000706b00000| Untracked 
|  76|0x0000000706c00000, 0x0000000706c00000, 0x0000000706d00000|  0%| F|  |TAMS 0x0000000706c00000, 0x0000000706c00000| Untracked 
|  77|0x0000000706d00000, 0x0000000706d00000, 0x0000000706e00000|  0%| F|  |TAMS 0x0000000706d00000, 0x0000000706d00000| Untracked 
|  78|0x0000000706e00000, 0x0000000706e00000, 0x0000000706f00000|  0%| F|  |TAMS 0x0000000706e00000, 0x0000000706e00000| Untracked 
|  79|0x0000000706f00000, 0x0000000706f00000, 0x0000000707000000|  0%| F|  |TAMS 0x0000000706f00000, 0x0000000706f00000| Untracked 
|  80|0x0000000707000000, 0x0000000707000000, 0x0000000707100000|  0%| F|  |TAMS 0x0000000707000000, 0x0000000707000000| Untracked 
|  81|0x0000000707100000, 0x0000000707100000, 0x0000000707200000|  0%| F|  |TAMS 0x0000000707100000, 0x0000000707100000| Untracked 
|  82|0x0000000707200000, 0x0000000707200000, 0x0000000707300000|  0%| F|  |TAMS 0x0000000707200000, 0x0000000707200000| Untracked 
|  83|0x0000000707300000, 0x0000000707300000, 0x0000000707400000|  0%| F|  |TAMS 0x0000000707300000, 0x0000000707300000| Untracked 
|  84|0x0000000707400000, 0x0000000707400000, 0x0000000707500000|  0%| F|  |TAMS 0x0000000707400000, 0x0000000707400000| Untracked 
|  85|0x0000000707500000, 0x0000000707500000, 0x0000000707600000|  0%| F|  |TAMS 0x0000000707500000, 0x0000000707500000| Untracked 
|  86|0x0000000707600000, 0x0000000707600000, 0x0000000707700000|  0%| F|  |TAMS 0x0000000707600000, 0x0000000707600000| Untracked 
|  87|0x0000000707700000, 0x0000000707700000, 0x0000000707800000|  0%| F|  |TAMS 0x0000000707700000, 0x0000000707700000| Untracked 
|  88|0x0000000707800000, 0x0000000707800000, 0x0000000707900000|  0%| F|  |TAMS 0x0000000707800000, 0x0000000707800000| Untracked 
|  89|0x0000000707900000, 0x0000000707900000, 0x0000000707a00000|  0%| F|  |TAMS 0x0000000707900000, 0x0000000707900000| Untracked 
|  90|0x0000000707a00000, 0x0000000707a00000, 0x0000000707b00000|  0%| F|  |TAMS 0x0000000707a00000, 0x0000000707a00000| Untracked 
|  91|0x0000000707b00000, 0x0000000707b00000, 0x0000000707c00000|  0%| F|  |TAMS 0x0000000707b00000, 0x0000000707b00000| Untracked 
|  92|0x0000000707c00000, 0x0000000707c00000, 0x0000000707d00000|  0%| F|  |TAMS 0x0000000707c00000, 0x0000000707c00000| Untracked 
|  93|0x0000000707d00000, 0x0000000707d00000, 0x0000000707e00000|  0%| F|  |TAMS 0x0000000707d00000, 0x0000000707d00000| Untracked 
|  94|0x0000000707e00000, 0x0000000707e00000, 0x0000000707f00000|  0%| F|  |TAMS 0x0000000707e00000, 0x0000000707e00000| Untracked 
|  95|0x0000000707f00000, 0x0000000707f00000, 0x0000000708000000|  0%| F|  |TAMS 0x0000000707f00000, 0x0000000707f00000| Untracked 
|  96|0x0000000708000000, 0x0000000708000000, 0x0000000708100000|  0%| F|  |TAMS 0x0000000708000000, 0x0000000708000000| Untracked 
|  97|0x0000000708100000, 0x0000000708100000, 0x0000000708200000|  0%| F|  |TAMS 0x0000000708100000, 0x0000000708100000| Untracked 
|  98|0x0000000708200000, 0x0000000708200000, 0x0000000708300000|  0%| F|  |TAMS 0x0000000708200000, 0x0000000708200000| Untracked 
|  99|0x0000000708300000, 0x0000000708300000, 0x0000000708400000|  0%| F|  |TAMS 0x0000000708300000, 0x0000000708300000| Untracked 
| 100|0x0000000708400000, 0x0000000708400000, 0x0000000708500000|  0%| F|  |TAMS 0x0000000708400000, 0x0000000708400000| Untracked 
| 101|0x0000000708500000, 0x0000000708500000, 0x0000000708600000|  0%| F|  |TAMS 0x0000000708500000, 0x0000000708500000| Untracked 
| 102|0x0000000708600000, 0x0000000708600000, 0x0000000708700000|  0%| F|  |TAMS 0x0000000708600000, 0x0000000708600000| Untracked 
| 103|0x0000000708700000, 0x0000000708700000, 0x0000000708800000|  0%| F|  |TAMS 0x0000000708700000, 0x0000000708700000| Untracked 
| 104|0x0000000708800000, 0x0000000708800000, 0x0000000708900000|  0%| F|  |TAMS 0x0000000708800000, 0x0000000708800000| Untracked 
| 105|0x0000000708900000, 0x0000000708900000, 0x0000000708a00000|  0%| F|  |TAMS 0x0000000708900000, 0x0000000708900000| Untracked 
| 106|0x0000000708a00000, 0x0000000708a00000, 0x0000000708b00000|  0%| F|  |TAMS 0x0000000708a00000, 0x0000000708a00000| Untracked 
| 107|0x0000000708b00000, 0x0000000708b00000, 0x0000000708c00000|  0%| F|  |TAMS 0x0000000708b00000, 0x0000000708b00000| Untracked 
| 108|0x0000000708c00000, 0x0000000708c00000, 0x0000000708d00000|  0%| F|  |TAMS 0x0000000708c00000, 0x0000000708c00000| Untracked 
| 109|0x0000000708d00000, 0x0000000708d00000, 0x0000000708e00000|  0%| F|  |TAMS 0x0000000708d00000, 0x0000000708d00000| Untracked 
| 110|0x0000000708e00000, 0x0000000708e00000, 0x0000000708f00000|  0%| F|  |TAMS 0x0000000708e00000, 0x0000000708e00000| Untracked 
| 111|0x0000000708f00000, 0x0000000708f00000, 0x0000000709000000|  0%| F|  |TAMS 0x0000000708f00000, 0x0000000708f00000| Untracked 
| 112|0x0000000709000000, 0x0000000709000000, 0x0000000709100000|  0%| F|  |TAMS 0x0000000709000000, 0x0000000709000000| Untracked 
| 113|0x0000000709100000, 0x0000000709100000, 0x0000000709200000|  0%| F|  |TAMS 0x0000000709100000, 0x0000000709100000| Untracked 
| 114|0x0000000709200000, 0x0000000709200000, 0x0000000709300000|  0%| F|  |TAMS 0x0000000709200000, 0x0000000709200000| Untracked 
| 115|0x0000000709300000, 0x0000000709300000, 0x0000000709400000|  0%| F|  |TAMS 0x0000000709300000, 0x0000000709300000| Untracked 
| 116|0x0000000709400000, 0x0000000709400000, 0x0000000709500000|  0%| F|  |TAMS 0x0000000709400000, 0x0000000709400000| Untracked 
| 117|0x0000000709500000, 0x0000000709500000, 0x0000000709600000|  0%| F|  |TAMS 0x0000000709500000, 0x0000000709500000| Untracked 
| 118|0x0000000709600000, 0x0000000709600000, 0x0000000709700000|  0%| F|  |TAMS 0x0000000709600000, 0x0000000709600000| Untracked 
| 119|0x0000000709700000, 0x0000000709700000, 0x0000000709800000|  0%| F|  |TAMS 0x0000000709700000, 0x0000000709700000| Untracked 
| 120|0x0000000709800000, 0x0000000709800000, 0x0000000709900000|  0%| F|  |TAMS 0x0000000709800000, 0x0000000709800000| Untracked 
| 121|0x0000000709900000, 0x0000000709900000, 0x0000000709a00000|  0%| F|  |TAMS 0x0000000709900000, 0x0000000709900000| Untracked 
| 122|0x0000000709a00000, 0x0000000709a00000, 0x0000000709b00000|  0%| F|  |TAMS 0x0000000709a00000, 0x0000000709a00000| Untracked 
| 123|0x0000000709b00000, 0x0000000709b00000, 0x0000000709c00000|  0%| F|  |TAMS 0x0000000709b00000, 0x0000000709b00000| Untracked 
| 124|0x0000000709c00000, 0x0000000709c00000, 0x0000000709d00000|  0%| F|  |TAMS 0x0000000709c00000, 0x0000000709c00000| Untracked 
| 125|0x0000000709d00000, 0x0000000709d00000, 0x0000000709e00000|  0%| F|  |TAMS 0x0000000709d00000, 0x0000000709d00000| Untracked 
| 126|0x0000000709e00000, 0x0000000709e00000, 0x0000000709f00000|  0%| F|  |TAMS 0x0000000709e00000, 0x0000000709e00000| Untracked 
| 127|0x0000000709f00000, 0x0000000709f00000, 0x000000070a000000|  0%| F|  |TAMS 0x0000000709f00000, 0x0000000709f00000| Untracked 
| 128|0x000000070a000000, 0x000000070a000000, 0x000000070a100000|  0%| F|  |TAMS 0x000000070a000000, 0x000000070a000000| Untracked 
| 129|0x000000070a100000, 0x000000070a100000, 0x000000070a200000|  0%| F|  |TAMS 0x000000070a100000, 0x000000070a100000| Untracked 
| 130|0x000000070a200000, 0x000000070a200000, 0x000000070a300000|  0%| F|  |TAMS 0x000000070a200000, 0x000000070a200000| Untracked 
| 131|0x000000070a300000, 0x000000070a300000, 0x000000070a400000|  0%| F|  |TAMS 0x000000070a300000, 0x000000070a300000| Untracked 
| 132|0x000000070a400000, 0x000000070a400000, 0x000000070a500000|  0%| F|  |TAMS 0x000000070a400000, 0x000000070a400000| Untracked 
| 133|0x000000070a500000, 0x000000070a500000, 0x000000070a600000|  0%| F|  |TAMS 0x000000070a500000, 0x000000070a500000| Untracked 
| 134|0x000000070a600000, 0x000000070a600000, 0x000000070a700000|  0%| F|  |TAMS 0x000000070a600000, 0x000000070a600000| Untracked 
| 135|0x000000070a700000, 0x000000070a700000, 0x000000070a800000|  0%| F|  |TAMS 0x000000070a700000, 0x000000070a700000| Untracked 
| 136|0x000000070a800000, 0x000000070a800000, 0x000000070a900000|  0%| F|  |TAMS 0x000000070a800000, 0x000000070a800000| Untracked 
| 137|0x000000070a900000, 0x000000070a900000, 0x000000070aa00000|  0%| F|  |TAMS 0x000000070a900000, 0x000000070a900000| Untracked 
| 138|0x000000070aa00000, 0x000000070aa00000, 0x000000070ab00000|  0%| F|  |TAMS 0x000000070aa00000, 0x000000070aa00000| Untracked 
| 139|0x000000070ab00000, 0x000000070ab00000, 0x000000070ac00000|  0%| F|  |TAMS 0x000000070ab00000, 0x000000070ab00000| Untracked 
| 140|0x000000070ac00000, 0x000000070ac00000, 0x000000070ad00000|  0%| F|  |TAMS 0x000000070ac00000, 0x000000070ac00000| Untracked 
| 141|0x000000070ad00000, 0x000000070ad00000, 0x000000070ae00000|  0%| F|  |TAMS 0x000000070ad00000, 0x000000070ad00000| Untracked 
| 142|0x000000070ae00000, 0x000000070ae00000, 0x000000070af00000|  0%| F|  |TAMS 0x000000070ae00000, 0x000000070ae00000| Untracked 
| 143|0x000000070af00000, 0x000000070af00000, 0x000000070b000000|  0%| F|  |TAMS 0x000000070af00000, 0x000000070af00000| Untracked 
| 144|0x000000070b000000, 0x000000070b000000, 0x000000070b100000|  0%| F|  |TAMS 0x000000070b000000, 0x000000070b000000| Untracked 
| 145|0x000000070b100000, 0x000000070b100000, 0x000000070b200000|  0%| F|  |TAMS 0x000000070b100000, 0x000000070b100000| Untracked 
| 146|0x000000070b200000, 0x000000070b200000, 0x000000070b300000|  0%| F|  |TAMS 0x000000070b200000, 0x000000070b200000| Untracked 
| 147|0x000000070b300000, 0x000000070b300000, 0x000000070b400000|  0%| F|  |TAMS 0x000000070b300000, 0x000000070b300000| Untracked 
| 148|0x000000070b400000, 0x000000070b400000, 0x000000070b500000|  0%| F|  |TAMS 0x000000070b400000, 0x000000070b400000| Untracked 
| 149|0x000000070b500000, 0x000000070b500000, 0x000000070b600000|  0%| F|  |TAMS 0x000000070b500000, 0x000000070b500000| Untracked 
| 150|0x000000070b600000, 0x000000070b600000, 0x000000070b700000|  0%| F|  |TAMS 0x000000070b600000, 0x000000070b600000| Untracked 
| 151|0x000000070b700000, 0x000000070b700000, 0x000000070b800000|  0%| F|  |TAMS 0x000000070b700000, 0x000000070b700000| Untracked 
| 152|0x000000070b800000, 0x000000070b800000, 0x000000070b900000|  0%| F|  |TAMS 0x000000070b800000, 0x000000070b800000| Untracked 
| 153|0x000000070b900000, 0x000000070b900000, 0x000000070ba00000|  0%| F|  |TAMS 0x000000070b900000, 0x000000070b900000| Untracked 
| 154|0x000000070ba00000, 0x000000070ba00000, 0x000000070bb00000|  0%| F|  |TAMS 0x000000070ba00000, 0x000000070ba00000| Untracked 
| 155|0x000000070bb00000, 0x000000070bb00000, 0x000000070bc00000|  0%| F|  |TAMS 0x000000070bb00000, 0x000000070bb00000| Untracked 
| 156|0x000000070bc00000, 0x000000070bc00000, 0x000000070bd00000|  0%| F|  |TAMS 0x000000070bc00000, 0x000000070bc00000| Untracked 
| 157|0x000000070bd00000, 0x000000070bd00000, 0x000000070be00000|  0%| F|  |TAMS 0x000000070bd00000, 0x000000070bd00000| Untracked 
| 158|0x000000070be00000, 0x000000070be00000, 0x000000070bf00000|  0%| F|  |TAMS 0x000000070be00000, 0x000000070be00000| Untracked 
| 159|0x000000070bf00000, 0x000000070bf00000, 0x000000070c000000|  0%| F|  |TAMS 0x000000070bf00000, 0x000000070bf00000| Untracked 
| 160|0x000000070c000000, 0x000000070c000000, 0x000000070c100000|  0%| F|  |TAMS 0x000000070c000000, 0x000000070c000000| Untracked 
| 161|0x000000070c100000, 0x000000070c100000, 0x000000070c200000|  0%| F|  |TAMS 0x000000070c100000, 0x000000070c100000| Untracked 
| 162|0x000000070c200000, 0x000000070c200000, 0x000000070c300000|  0%| F|  |TAMS 0x000000070c200000, 0x000000070c200000| Untracked 
| 163|0x000000070c300000, 0x000000070c300000, 0x000000070c400000|  0%| F|  |TAMS 0x000000070c300000, 0x000000070c300000| Untracked 
| 164|0x000000070c400000, 0x000000070c400000, 0x000000070c500000|  0%| F|  |TAMS 0x000000070c400000, 0x000000070c400000| Untracked 
| 165|0x000000070c500000, 0x000000070c500000, 0x000000070c600000|  0%| F|  |TAMS 0x000000070c500000, 0x000000070c500000| Untracked 
| 166|0x000000070c600000, 0x000000070c600000, 0x000000070c700000|  0%| F|  |TAMS 0x000000070c600000, 0x000000070c600000| Untracked 
| 167|0x000000070c700000, 0x000000070c700000, 0x000000070c800000|  0%| F|  |TAMS 0x000000070c700000, 0x000000070c700000| Untracked 
| 168|0x000000070c800000, 0x000000070c800000, 0x000000070c900000|  0%| F|  |TAMS 0x000000070c800000, 0x000000070c800000| Untracked 
| 169|0x000000070c900000, 0x000000070c900000, 0x000000070ca00000|  0%| F|  |TAMS 0x000000070c900000, 0x000000070c900000| Untracked 
| 170|0x000000070ca00000, 0x000000070ca00000, 0x000000070cb00000|  0%| F|  |TAMS 0x000000070ca00000, 0x000000070ca00000| Untracked 
| 171|0x000000070cb00000, 0x000000070cb00000, 0x000000070cc00000|  0%| F|  |TAMS 0x000000070cb00000, 0x000000070cb00000| Untracked 
| 172|0x000000070cc00000, 0x000000070cc00000, 0x000000070cd00000|  0%| F|  |TAMS 0x000000070cc00000, 0x000000070cc00000| Untracked 
| 173|0x000000070cd00000, 0x000000070cd00000, 0x000000070ce00000|  0%| F|  |TAMS 0x000000070cd00000, 0x000000070cd00000| Untracked 
| 174|0x000000070ce00000, 0x000000070ce00000, 0x000000070cf00000|  0%| F|  |TAMS 0x000000070ce00000, 0x000000070ce00000| Untracked 
| 175|0x000000070cf00000, 0x000000070cf00000, 0x000000070d000000|  0%| F|  |TAMS 0x000000070cf00000, 0x000000070cf00000| Untracked 
| 176|0x000000070d000000, 0x000000070d000000, 0x000000070d100000|  0%| F|  |TAMS 0x000000070d000000, 0x000000070d000000| Untracked 
| 177|0x000000070d100000, 0x000000070d100000, 0x000000070d200000|  0%| F|  |TAMS 0x000000070d100000, 0x000000070d100000| Untracked 
| 178|0x000000070d200000, 0x000000070d200000, 0x000000070d300000|  0%| F|  |TAMS 0x000000070d200000, 0x000000070d200000| Untracked 
| 179|0x000000070d300000, 0x000000070d300000, 0x000000070d400000|  0%| F|  |TAMS 0x000000070d300000, 0x000000070d300000| Untracked 
| 180|0x000000070d400000, 0x000000070d400000, 0x000000070d500000|  0%| F|  |TAMS 0x000000070d400000, 0x000000070d400000| Untracked 
| 181|0x000000070d500000, 0x000000070d500000, 0x000000070d600000|  0%| F|  |TAMS 0x000000070d500000, 0x000000070d500000| Untracked 
| 182|0x000000070d600000, 0x000000070d600000, 0x000000070d700000|  0%| F|  |TAMS 0x000000070d600000, 0x000000070d600000| Untracked 
| 183|0x000000070d700000, 0x000000070d700000, 0x000000070d800000|  0%| F|  |TAMS 0x000000070d700000, 0x000000070d700000| Untracked 
| 184|0x000000070d800000, 0x000000070d800000, 0x000000070d900000|  0%| F|  |TAMS 0x000000070d800000, 0x000000070d800000| Untracked 
| 185|0x000000070d900000, 0x000000070d900000, 0x000000070da00000|  0%| F|  |TAMS 0x000000070d900000, 0x000000070d900000| Untracked 
| 186|0x000000070da00000, 0x000000070da00000, 0x000000070db00000|  0%| F|  |TAMS 0x000000070da00000, 0x000000070da00000| Untracked 
| 187|0x000000070db00000, 0x000000070db00000, 0x000000070dc00000|  0%| F|  |TAMS 0x000000070db00000, 0x000000070db00000| Untracked 
| 188|0x000000070dc00000, 0x000000070dc00000, 0x000000070dd00000|  0%| F|  |TAMS 0x000000070dc00000, 0x000000070dc00000| Untracked 
| 189|0x000000070dd00000, 0x000000070dd00000, 0x000000070de00000|  0%| F|  |TAMS 0x000000070dd00000, 0x000000070dd00000| Untracked 
| 190|0x000000070de00000, 0x000000070de00000, 0x000000070df00000|  0%| F|  |TAMS 0x000000070de00000, 0x000000070de00000| Untracked 
| 191|0x000000070df00000, 0x000000070df00000, 0x000000070e000000|  0%| F|  |TAMS 0x000000070df00000, 0x000000070df00000| Untracked 
| 192|0x000000070e000000, 0x000000070e000000, 0x000000070e100000|  0%| F|  |TAMS 0x000000070e000000, 0x000000070e000000| Untracked 
| 193|0x000000070e100000, 0x000000070e100000, 0x000000070e200000|  0%| F|  |TAMS 0x000000070e100000, 0x000000070e100000| Untracked 
| 194|0x000000070e200000, 0x000000070e200000, 0x000000070e300000|  0%| F|  |TAMS 0x000000070e200000, 0x000000070e200000| Untracked 
| 195|0x000000070e300000, 0x000000070e300000, 0x000000070e400000|  0%| F|  |TAMS 0x000000070e300000, 0x000000070e300000| Untracked 
| 196|0x000000070e400000, 0x000000070e400000, 0x000000070e500000|  0%| F|  |TAMS 0x000000070e400000, 0x000000070e400000| Untracked 
| 197|0x000000070e500000, 0x000000070e500000, 0x000000070e600000|  0%| F|  |TAMS 0x000000070e500000, 0x000000070e500000| Untracked 
| 198|0x000000070e600000, 0x000000070e600000, 0x000000070e700000|  0%| F|  |TAMS 0x000000070e600000, 0x000000070e600000| Untracked 
| 199|0x000000070e700000, 0x000000070e700000, 0x000000070e800000|  0%| F|  |TAMS 0x000000070e700000, 0x000000070e700000| Untracked 
| 200|0x000000070e800000, 0x000000070e800000, 0x000000070e900000|  0%| F|  |TAMS 0x000000070e800000, 0x000000070e800000| Untracked 
| 201|0x000000070e900000, 0x000000070e900000, 0x000000070ea00000|  0%| F|  |TAMS 0x000000070e900000, 0x000000070e900000| Untracked 
| 202|0x000000070ea00000, 0x000000070ea00000, 0x000000070eb00000|  0%| F|  |TAMS 0x000000070ea00000, 0x000000070ea00000| Untracked 
| 203|0x000000070eb00000, 0x000000070eb00000, 0x000000070ec00000|  0%| F|  |TAMS 0x000000070eb00000, 0x000000070eb00000| Untracked 
| 204|0x000000070ec00000, 0x000000070ec00000, 0x000000070ed00000|  0%| F|  |TAMS 0x000000070ec00000, 0x000000070ec00000| Untracked 
| 205|0x000000070ed00000, 0x000000070ed00000, 0x000000070ee00000|  0%| F|  |TAMS 0x000000070ed00000, 0x000000070ed00000| Untracked 
| 206|0x000000070ee00000, 0x000000070ee00000, 0x000000070ef00000|  0%| F|  |TAMS 0x000000070ee00000, 0x000000070ee00000| Untracked 
| 207|0x000000070ef00000, 0x000000070ef00000, 0x000000070f000000|  0%| F|  |TAMS 0x000000070ef00000, 0x000000070ef00000| Untracked 
| 208|0x000000070f000000, 0x000000070f000000, 0x000000070f100000|  0%| F|  |TAMS 0x000000070f000000, 0x000000070f000000| Untracked 
| 209|0x000000070f100000, 0x000000070f100000, 0x000000070f200000|  0%| F|  |TAMS 0x000000070f100000, 0x000000070f100000| Untracked 
| 210|0x000000070f200000, 0x000000070f200000, 0x000000070f300000|  0%| F|  |TAMS 0x000000070f200000, 0x000000070f200000| Untracked 
| 211|0x000000070f300000, 0x000000070f300000, 0x000000070f400000|  0%| F|  |TAMS 0x000000070f300000, 0x000000070f300000| Untracked 
| 212|0x000000070f400000, 0x000000070f400000, 0x000000070f500000|  0%| F|  |TAMS 0x000000070f400000, 0x000000070f400000| Untracked 
| 213|0x000000070f500000, 0x000000070f500000, 0x000000070f600000|  0%| F|  |TAMS 0x000000070f500000, 0x000000070f500000| Untracked 
| 214|0x000000070f600000, 0x000000070f600000, 0x000000070f700000|  0%| F|  |TAMS 0x000000070f600000, 0x000000070f600000| Untracked 
| 215|0x000000070f700000, 0x000000070f700000, 0x000000070f800000|  0%| F|  |TAMS 0x000000070f700000, 0x000000070f700000| Untracked 
| 216|0x000000070f800000, 0x000000070f800000, 0x000000070f900000|  0%| F|  |TAMS 0x000000070f800000, 0x000000070f800000| Untracked 
| 217|0x000000070f900000, 0x000000070f900000, 0x000000070fa00000|  0%| F|  |TAMS 0x000000070f900000, 0x000000070f900000| Untracked 
| 218|0x000000070fa00000, 0x000000070fa00000, 0x000000070fb00000|  0%| F|  |TAMS 0x000000070fa00000, 0x000000070fa00000| Untracked 
| 219|0x000000070fb00000, 0x000000070fb00000, 0x000000070fc00000|  0%| F|  |TAMS 0x000000070fb00000, 0x000000070fb00000| Untracked 
| 220|0x000000070fc00000, 0x000000070fc00000, 0x000000070fd00000|  0%| F|  |TAMS 0x000000070fc00000, 0x000000070fc00000| Untracked 
| 221|0x000000070fd00000, 0x000000070fd00000, 0x000000070fe00000|  0%| F|  |TAMS 0x000000070fd00000, 0x000000070fd00000| Untracked 
| 222|0x000000070fe00000, 0x000000070fe00000, 0x000000070ff00000|  0%| F|  |TAMS 0x000000070fe00000, 0x000000070fe00000| Untracked 
| 223|0x000000070ff00000, 0x000000070ff00000, 0x0000000710000000|  0%| F|  |TAMS 0x000000070ff00000, 0x000000070ff00000| Untracked 
| 224|0x0000000710000000, 0x0000000710000000, 0x0000000710100000|  0%| F|  |TAMS 0x0000000710000000, 0x0000000710000000| Untracked 
| 225|0x0000000710100000, 0x0000000710100000, 0x0000000710200000|  0%| F|  |TAMS 0x0000000710100000, 0x0000000710100000| Untracked 
| 226|0x0000000710200000, 0x0000000710200000, 0x0000000710300000|  0%| F|  |TAMS 0x0000000710200000, 0x0000000710200000| Untracked 
| 227|0x0000000710300000, 0x00000007103751b0, 0x0000000710400000| 45%| S|CS|TAMS 0x0000000710300000, 0x0000000710300000| Complete 
| 228|0x0000000710400000, 0x0000000710500000, 0x0000000710500000|100%| S|CS|TAMS 0x0000000710400000, 0x0000000710400000| Complete 
| 229|0x0000000710500000, 0x0000000710600000, 0x0000000710600000|100%| S|CS|TAMS 0x0000000710500000, 0x0000000710500000| Complete 
| 230|0x0000000710600000, 0x0000000710600000, 0x0000000710700000|  0%| F|  |TAMS 0x0000000710600000, 0x0000000710600000| Untracked 
| 231|0x0000000710700000, 0x0000000710700000, 0x0000000710800000|  0%| F|  |TAMS 0x0000000710700000, 0x0000000710700000| Untracked 
| 232|0x0000000710800000, 0x0000000710800000, 0x0000000710900000|  0%| F|  |TAMS 0x0000000710800000, 0x0000000710800000| Untracked 
| 233|0x0000000710900000, 0x0000000710900000, 0x0000000710a00000|  0%| F|  |TAMS 0x0000000710900000, 0x0000000710900000| Untracked 
| 234|0x0000000710a00000, 0x0000000710a00000, 0x0000000710b00000|  0%| F|  |TAMS 0x0000000710a00000, 0x0000000710a00000| Untracked 
| 235|0x0000000710b00000, 0x0000000710b00000, 0x0000000710c00000|  0%| F|  |TAMS 0x0000000710b00000, 0x0000000710b00000| Untracked 
| 236|0x0000000710c00000, 0x0000000710c00000, 0x0000000710d00000|  0%| F|  |TAMS 0x0000000710c00000, 0x0000000710c00000| Untracked 
| 237|0x0000000710d00000, 0x0000000710d00000, 0x0000000710e00000|  0%| F|  |TAMS 0x0000000710d00000, 0x0000000710d00000| Untracked 
| 238|0x0000000710e00000, 0x0000000710e00000, 0x0000000710f00000|  0%| F|  |TAMS 0x0000000710e00000, 0x0000000710e00000| Untracked 
| 239|0x0000000710f00000, 0x0000000710f00000, 0x0000000711000000|  0%| F|  |TAMS 0x0000000710f00000, 0x0000000710f00000| Untracked 
| 240|0x0000000711000000, 0x0000000711000000, 0x0000000711100000|  0%| F|  |TAMS 0x0000000711000000, 0x0000000711000000| Untracked 
| 241|0x0000000711100000, 0x0000000711100000, 0x0000000711200000|  0%| F|  |TAMS 0x0000000711100000, 0x0000000711100000| Untracked 
| 242|0x0000000711200000, 0x0000000711200000, 0x0000000711300000|  0%| F|  |TAMS 0x0000000711200000, 0x0000000711200000| Untracked 
| 243|0x0000000711300000, 0x0000000711300000, 0x0000000711400000|  0%| F|  |TAMS 0x0000000711300000, 0x0000000711300000| Untracked 
| 244|0x0000000711400000, 0x0000000711400000, 0x0000000711500000|  0%| F|  |TAMS 0x0000000711400000, 0x0000000711400000| Untracked 
| 245|0x0000000711500000, 0x0000000711500000, 0x0000000711600000|  0%| F|  |TAMS 0x0000000711500000, 0x0000000711500000| Untracked 
| 246|0x0000000711600000, 0x0000000711600000, 0x0000000711700000|  0%| F|  |TAMS 0x0000000711600000, 0x0000000711600000| Untracked 
| 247|0x0000000711700000, 0x0000000711700000, 0x0000000711800000|  0%| F|  |TAMS 0x0000000711700000, 0x0000000711700000| Untracked 
| 248|0x0000000711800000, 0x0000000711800000, 0x0000000711900000|  0%| F|  |TAMS 0x0000000711800000, 0x0000000711800000| Untracked 
| 249|0x0000000711900000, 0x0000000711900800, 0x0000000711a00000|  0%| E|  |TAMS 0x0000000711900000, 0x0000000711900000| Complete 
| 250|0x0000000711a00000, 0x0000000711b00000, 0x0000000711b00000|100%| E|CS|TAMS 0x0000000711a00000, 0x0000000711a00000| Complete 
| 251|0x0000000711b00000, 0x0000000711c00000, 0x0000000711c00000|100%| E|CS|TAMS 0x0000000711b00000, 0x0000000711b00000| Complete 
| 252|0x0000000711c00000, 0x0000000711d00000, 0x0000000711d00000|100%| E|CS|TAMS 0x0000000711c00000, 0x0000000711c00000| Complete 
| 253|0x0000000711d00000, 0x0000000711e00000, 0x0000000711e00000|100%| E|CS|TAMS 0x0000000711d00000, 0x0000000711d00000| Complete 

Card table byte_map: [0x0000024dfe710000,0x0000024dfef00000] _byte_map_base: 0x0000024dfaf00000

Marking Bits (Prev, Next): (CMBitMap*) 0x0000024df7fdc408, (CMBitMap*) 0x0000024df7fdc440
 Prev Bits: [0x0000024d8f000000, 0x0000024d92f80000)
 Next Bits: [0x0000024d92f80000, 0x0000024d96f00000)

Polling page: 0x0000024df8040000

Metaspace:

Usage:
  Non-class:     12.01 MB capacity,    11.88 MB ( 99%) used,   119.68 KB ( <1%) free+waste,    15.06 KB ( <1%) overhead. 
      Class:      1.08 MB capacity,     1.03 MB ( 95%) used,    47.63 KB (  4%) free+waste,     6.00 KB ( <1%) overhead. 
       Both:     13.09 MB capacity,    12.90 MB ( 99%) used,   167.31 KB (  1%) free+waste,    21.06 KB ( <1%) overhead. 

Virtual space:
  Non-class space:       14.00 MB reserved,      12.25 MB ( 88%) committed 
      Class space:        1.00 GB reserved,       1.13 MB ( <1%) committed 
             Both:        1.01 GB reserved,      13.38 MB (  1%) committed 

Chunk freelists:
   Non-Class:  121.00 KB
       Class:  12.00 KB
        Both:  133.00 KB

MaxMetaspaceSize: 17179869184.00 GB
CompressedClassSpaceSize: 1.00 GB
Initial GC threshold: 20.80 MB
Current GC threshold: 20.80 MB
CDS: off

CodeHeap 'non-profiled nmethods': size=120000Kb used=470Kb max_used=470Kb free=119530Kb
 bounds [0x0000024d87ad0000, 0x0000024d87d40000, 0x0000024d8f000000]
CodeHeap 'profiled nmethods': size=120000Kb used=2175Kb max_used=2175Kb free=117825Kb
 bounds [0x0000024d805a0000, 0x0000024d80810000, 0x0000024d87ad0000]
CodeHeap 'non-nmethods': size=5760Kb used=1634Kb max_used=1657Kb free=4125Kb
 bounds [0x0000024d80000000, 0x0000024d80270000, 0x0000024d805a0000]
 total_blobs=2248 nmethods=1221 adapters=940
 compilation: enabled
              stopped_count=0, restarted_count=0
 full_count=0

Compilation events (20 events):
Event: 2.111 Thread 0x0000024d99d43000 nmethod 1208 0x0000024d807baa90 code [0x0000024d807bac40, 0x0000024d807badc8]
Event: 2.111 Thread 0x0000024d99d43000 1209       3       com.badlogic.gdx.graphics.g2d.BitmapFontCache::tint (316 bytes)
Event: 2.112 Thread 0x0000024d99d43000 nmethod 1209 0x0000024d807bae90 code [0x0000024d807bb160, 0x0000024d807bbff8]
Event: 2.275 Thread 0x0000024d99d43000 1212       3       com.badlogic.gdx.backends.lwjgl3.Lwjgl3GL20::glBindBuffer (6 bytes)
Event: 2.275 Thread 0x0000024d99d43000 nmethod 1212 0x0000024d807bc810 code [0x0000024d807bc9e0, 0x0000024d807bcb68]
Event: 2.275 Thread 0x0000024d99d43000 1213       3       org.lwjgl.opengl.GL15::glBindBuffer (6 bytes)
Event: 2.275 Thread 0x0000024d99d43000 nmethod 1213 0x0000024d807bcc90 code [0x0000024d807bce40, 0x0000024d807bcf48]
Event: 2.276 Thread 0x0000024d99d43000 1215       3       com.badlogic.gdx.graphics.g2d.SpriteBatch::setProjectionMatrix (32 bytes)
Event: 2.277 Thread 0x0000024d99d43000 nmethod 1215 0x0000024d807bd010 code [0x0000024d807bd200, 0x0000024d807bd5c8]
Event: 2.292 Thread 0x0000024d99d41000 1216       4       com.badlogic.gdx.graphics.glutils.IndexArray::bind (1 bytes)
Event: 2.292 Thread 0x0000024d99d41000 nmethod 1216 0x0000024d87b44e10 code [0x0000024d87b44fa0, 0x0000024d87b44ff8]
Event: 2.375 Thread 0x0000024d99d43000 1217       3       com.badlogic.gdx.physics.box2d.Box2DDebugRenderer::renderBodies (194 bytes)
Event: 2.376 Thread 0x0000024d99d43000 nmethod 1217 0x0000024d807bd790 code [0x0000024d807bdb20, 0x0000024d807becf8]
Event: 2.408 Thread 0x0000024d99d41000 1218       4       com.badlogic.gdx.graphics.glutils.IndexArray::unbind (1 bytes)
Event: 2.408 Thread 0x0000024d99d41000 nmethod 1218 0x0000024d87b45110 code [0x0000024d87b452a0, 0x0000024d87b452f8]
Event: 2.425 Thread 0x0000024d99d43000 1219       3       com.badlogic.gdx.graphics.Mesh::setVertices (14 bytes)
Event: 2.425 Thread 0x0000024d99d43000 nmethod 1219 0x0000024d807bf390 code [0x0000024d807bf540, 0x0000024d807bf728]
Event: 2.442 Thread 0x0000024d99d43000 1220       3       com.badlogic.gdx.scenes.scene2d.Stage::getWidth (8 bytes)
Event: 2.442 Thread 0x0000024d99d43000 nmethod 1220 0x0000024d807bf810 code [0x0000024d807bf9c0, 0x0000024d807bfb78]
Event: 2.458 Thread 0x0000024d99d41000 1222 %     4       com.badlogic.gdx.maps.tiled.renderers.OrthogonalTiledMapRenderer::renderTileLayer @ 245 (995 bytes)

GC Heap History (2 events):
Event: 0.610 GC heap before
{Heap before GC invocations=0 (full 0):
 garbage-first heap   total 260096K, used 23552K [0x0000000702000000, 0x0000000800000000)
  region size 1024K, 24 young (24576K), 0 survivors (0K)
 Metaspace       used 12284K, capacity 12507K, committed 12928K, reserved 1060864K
  class space    used 975K, capacity 1044K, committed 1152K, reserved 1048576K
}
Event: 0.612 GC heap after
{Heap after GC invocations=1 (full 0):
 garbage-first heap   total 260096K, used 2516K [0x0000000702000000, 0x0000000800000000)
  region size 1024K, 3 young (3072K), 3 survivors (3072K)
 Metaspace       used 12284K, capacity 12507K, committed 12928K, reserved 1060864K
  class space    used 975K, capacity 1044K, committed 1152K, reserved 1048576K
}

Deoptimization events (20 events):
Event: 0.213 Thread 0x0000024df7f75800 Uncommon trap: trap_request=0xffffff4d fr.pc=0x0000024d87ad1114 relative=0x0000000000000074
Event: 0.213 Thread 0x0000024df7f75800 Uncommon trap: reason=unstable_if action=reinterpret pc=0x0000024d87ad1114 method=java.lang.String.isLatin1()Z @ 10 c2
Event: 0.213 Thread 0x0000024df7f75800 DEOPT PACKING pc=0x0000024d87ad1114 sp=0x0000005eae0fc3c0
Event: 0.213 Thread 0x0000024df7f75800 DEOPT UNPACKING pc=0x0000024d800085af sp=0x0000005eae0fc300 mode 2
Event: 0.470 Thread 0x0000024df7f75800 Uncommon trap: trap_request=0xffffff64 fr.pc=0x0000024d87b08774 relative=0x0000000000000054
Event: 0.470 Thread 0x0000024df7f75800 Uncommon trap: reason=speculate_null_check action=make_not_entrant pc=0x0000024d87b08774 method=sun.misc.Unsafe.getLong(Ljava/lang/Object;J)J @ 5 c2
Event: 0.470 Thread 0x0000024df7f75800 DEOPT PACKING pc=0x0000024d87b08774 sp=0x0000005eae0feff0
Event: 0.470 Thread 0x0000024df7f75800 DEOPT UNPACKING pc=0x0000024d800085af sp=0x0000005eae0fef68 mode 2
Event: 0.512 Thread 0x0000024df7f75800 DEOPT PACKING pc=0x0000024d805d05db sp=0x0000005eae0fce50
Event: 0.512 Thread 0x0000024df7f75800 DEOPT UNPACKING pc=0x0000024d80049d0e sp=0x0000005eae0fc2c8 mode 0
Event: 0.671 Thread 0x0000024df7f75800 Uncommon trap: trap_request=0xffffff4d fr.pc=0x0000024d87b1c8a8 relative=0x0000000000000088
Event: 0.671 Thread 0x0000024df7f75800 Uncommon trap: reason=unstable_if action=reinterpret pc=0x0000024d87b1c8a8 method=java.lang.Math.round(F)I @ 36 c2
Event: 0.671 Thread 0x0000024df7f75800 DEOPT PACKING pc=0x0000024d87b1c8a8 sp=0x0000005eae0fea80
Event: 0.672 Thread 0x0000024df7f75800 DEOPT UNPACKING pc=0x0000024d800085af sp=0x0000005eae0fea00 mode 2
Event: 1.200 Thread 0x0000024df7f75800 DEOPT PACKING pc=0x0000024d807862d3 sp=0x0000005eae0ff390
Event: 1.200 Thread 0x0000024df7f75800 DEOPT UNPACKING pc=0x0000024d80049d0e sp=0x0000005eae0fe8d8 mode 0
Event: 2.459 Thread 0x0000024df7f75800 Uncommon trap: trap_request=0xffffff4d fr.pc=0x0000024d87b3f17c relative=0x00000000000000dc
Event: 2.459 Thread 0x0000024df7f75800 Uncommon trap: reason=unstable_if action=reinterpret pc=0x0000024d87b3f17c method=com.badlogic.gdx.utils.Array.iterator()Lcom/badlogic/gdx/utils/Array$ArrayIterator; @ 20 c2
Event: 2.459 Thread 0x0000024df7f75800 DEOPT PACKING pc=0x0000024d87b3f17c sp=0x0000005eae0ff1d0
Event: 2.459 Thread 0x0000024df7f75800 DEOPT UNPACKING pc=0x0000024d800085af sp=0x0000005eae0ff170 mode 2

Classes redefined (0 events):
No events

Internal exceptions (20 events):
Event: 0.271 Thread 0x0000024df7f75800 Exception <a 'sun/nio/fs/WindowsException'{0x00000007111dbad0}> (0x00000007111dbad0) thrown at [./src/hotspot/share/prims/jni.cpp, line 616]
Event: 0.271 Thread 0x0000024df7f75800 Exception <a 'sun/nio/fs/WindowsException'{0x00000007111dbb50}> (0x00000007111dbb50) thrown at [./src/hotspot/share/prims/jni.cpp, line 616]
Event: 0.275 Thread 0x0000024df7f75800 Exception <a 'java/security/PrivilegedActionException'{0x0000000711001980}> (0x0000000711001980) thrown at [./src/hotspot/share/prims/jvm.cpp, line 1306]
Event: 0.275 Thread 0x0000024df7f75800 Exception <a 'java/security/PrivilegedActionException'{0x0000000711001c50}> (0x0000000711001c50) thrown at [./src/hotspot/share/prims/jvm.cpp, line 1306]
Event: 0.275 Thread 0x0000024df7f75800 Exception <a 'java/security/PrivilegedActionException'{0x00000007110173d8}> (0x00000007110173d8) thrown at [./src/hotspot/share/prims/jvm.cpp, line 1306]
Event: 0.275 Thread 0x0000024df7f75800 Exception <a 'java/security/PrivilegedActionException'{0x00000007110176a8}> (0x00000007110176a8) thrown at [./src/hotspot/share/prims/jvm.cpp, line 1306]
Event: 0.311 Thread 0x0000024df7f75800 Exception <a 'java/lang/NoSuchMethodError'{0x0000000711078758}: 'java.lang.Object java.lang.invoke.DirectMethodHandle$Holder.invokeStatic(java.lang.Object, long)'> (0x0000000711078758) thrown at [./src/hotspot/share/interpreter/linkResolver.cpp, line 773]
Event: 0.311 Thread 0x0000024df7f75800 Exception <a 'java/lang/NoSuchMethodError'{0x000000071107ba28}: 'java.lang.Object java.lang.invoke.DirectMethodHandle$Holder.invokeSpecial(java.lang.Object, java.lang.Object, long)'> (0x000000071107ba28) thrown at [./src/hotspot/share/interpreter/linkResolver.cpp, line 773]
Event: 0.311 Thread 0x0000024df7f75800 Exception <a 'java/lang/NoSuchMethodError'{0x000000071107e4e8}: 'java.lang.Object java.lang.invoke.Invokers$Holder.linkToTargetMethod(long, java.lang.Object)'> (0x000000071107e4e8) thrown at [./src/hotspot/share/interpreter/linkResolver.cpp, line 773]
Event: 0.312 Thread 0x0000024df7f75800 Exception <a 'java/security/PrivilegedActionException'{0x0000000711086848}> (0x0000000711086848) thrown at [./src/hotspot/share/prims/jvm.cpp, line 1306]
Event: 0.312 Thread 0x0000024df7f75800 Exception <a 'java/security/PrivilegedActionException'{0x0000000711086b18}> (0x0000000711086b18) thrown at [./src/hotspot/share/prims/jvm.cpp, line 1306]
Event: 0.465 Thread 0x0000024df7f75800 Exception <a 'sun/nio/fs/WindowsException'{0x0000000710e0d5f8}> (0x0000000710e0d5f8) thrown at [./src/hotspot/share/prims/jni.cpp, line 616]
Event: 0.465 Thread 0x0000024df7f75800 Exception <a 'sun/nio/fs/WindowsException'{0x0000000710e0d678}> (0x0000000710e0d678) thrown at [./src/hotspot/share/prims/jni.cpp, line 616]
Event: 0.466 Thread 0x0000024df7f75800 Exception <a 'sun/nio/fs/WindowsException'{0x0000000710e402a8}> (0x0000000710e402a8) thrown at [./src/hotspot/share/prims/jni.cpp, line 616]
Event: 0.466 Thread 0x0000024df7f75800 Exception <a 'sun/nio/fs/WindowsException'{0x0000000710e40328}> (0x0000000710e40328) thrown at [./src/hotspot/share/prims/jni.cpp, line 616]
Event: 0.508 Thread 0x0000024df7f75800 Exception <a 'java/security/PrivilegedActionException'{0x0000000710dd5190}> (0x0000000710dd5190) thrown at [./src/hotspot/share/prims/jvm.cpp, line 1306]
Event: 0.508 Thread 0x0000024df7f75800 Exception <a 'java/security/PrivilegedActionException'{0x0000000710dd5460}> (0x0000000710dd5460) thrown at [./src/hotspot/share/prims/jvm.cpp, line 1306]
Event: 0.556 Thread 0x0000024df7f75800 Exception <a 'java/security/PrivilegedActionException'{0x0000000710a8a690}> (0x0000000710a8a690) thrown at [./src/hotspot/share/prims/jvm.cpp, line 1306]
Event: 0.556 Thread 0x0000024df7f75800 Exception <a 'java/security/PrivilegedActionException'{0x0000000710a8a960}> (0x0000000710a8a960) thrown at [./src/hotspot/share/prims/jvm.cpp, line 1306]
Event: 2.459 Thread 0x0000024df7f75800 Implicit null exception at 0x0000024d87b3f0e4 to 0x0000024d87b3f168

Events (20 events):
Event: 0.827 Loaded shared library C:\Users\adams\AppData\Local\Temp\lwjgladams\3.3.1-build-7\lwjgl_opengl.dll
Event: 0.829 Loaded shared library C:\Users\adams\AppData\Local\Temp\lwjgladams\3.3.1-build-7\lwjgl_opengl.dll
Event: 0.974 loading class com/badlogic/gdx/graphics/g2d/Animation$1
Event: 0.974 loading class com/badlogic/gdx/graphics/g2d/Animation$1 done
Event: 1.008 Loaded shared library C:\Users\adams\AppData\Local\Temp\lwjgladams\3.3.1-build-7\lwjgl_opengl.dll
Event: 1.042 Loaded shared library C:\Users\adams\AppData\Local\Temp\lwjgladams\3.3.1-build-7\lwjgl_opengl.dll
Event: 1.043 Loaded shared library C:\Users\adams\AppData\Local\Temp\lwjgladams\3.3.1-build-7\lwjgl_opengl.dll
Event: 1.116 Thread 0x0000024d9b59c000 Thread exited: 0x0000024d9b59c000
Event: 1.141 Thread 0x0000024d9b482000 Thread exited: 0x0000024d9b482000
Event: 1.259 Loaded shared library C:\Users\adams\AppData\Local\Temp\lwjgladams\3.3.1-build-7\lwjgl_opengl.dll
Event: 1.379 Loaded shared library C:\Users\adams\AppData\Local\JetBrains\Toolbox\apps\AndroidStudio\ch-0\213.7172.25.2113.9014738\jre\bin\java.dll
Event: 1.596 Loaded shared library C:\Users\adams\AppData\Local\Temp\lwjgladams\3.3.1-build-7\lwjgl_opengl.dll
Event: 1.962 Loaded shared library C:\Users\adams\AppData\Local\Temp\lwjgladams\3.3.1-build-7\lwjgl_opengl.dll
Event: 1.964 Loaded shared library C:\Users\adams\AppData\Local\Temp\lwjgladams\3.3.1-build-7\lwjgl_opengl.dll
Event: 2.109 Loaded shared library C:\Users\adams\AppData\Local\Temp\lwjgladams\3.3.1-build-7\lwjgl_opengl.dll
Event: 2.110 Loaded shared library C:\Users\adams\AppData\Local\Temp\lwjgladams\3.3.1-build-7\lwjgl_opengl.dll
Event: 2.276 Loaded shared library C:\Users\adams\AppData\Local\Temp\lwjgladams\3.3.1-build-7\lwjgl_opengl.dll
Event: 2.458 Loaded shared library C:\Users\adams\AppData\Local\JetBrains\Toolbox\apps\AndroidStudio\ch-0\213.7172.25.2113.9014738\jre\bin\java.dll
Event: 2.459 loading class com/badlogic/gdx/scenes/scene2d/InputEvent$Type
Event: 2.459 loading class com/badlogic/gdx/scenes/scene2d/InputEvent$Type done


Dynamic libraries:
0x00007ff730ea0000 - 0x00007ff730eaa000 	C:\Users\adams\AppData\Local\JetBrains\Toolbox\apps\AndroidStudio\ch-0\213.7172.25.2113.9014738\jre\bin\java.exe
0x00007ff9cba30000 - 0x00007ff9cbc28000 	C:\WINDOWS\SYSTEM32\ntdll.dll
0x00007ff9c9db0000 - 0x00007ff9c9e6f000 	C:\WINDOWS\System32\KERNEL32.DLL
0x00007ff9c9120000 - 0x00007ff9c93f2000 	C:\WINDOWS\System32\KERNELBASE.dll
0x00007ff9c6940000 - 0x00007ff9c69d1000 	C:\WINDOWS\SYSTEM32\apphelp.dll
0x00007ff9c9560000 - 0x00007ff9c9660000 	C:\WINDOWS\System32\ucrtbase.dll
0x00007ff9c5c80000 - 0x00007ff9c5c99000 	C:\Users\adams\AppData\Local\JetBrains\Toolbox\apps\AndroidStudio\ch-0\213.7172.25.2113.9014738\jre\bin\jli.dll
0x00007ff9bf610000 - 0x00007ff9bf627000 	C:\Users\adams\AppData\Local\JetBrains\Toolbox\apps\AndroidStudio\ch-0\213.7172.25.2113.9014738\jre\bin\VCRUNTIME140.dll
0x00007ff9cb840000 - 0x00007ff9cb9e1000 	C:\WINDOWS\System32\USER32.dll
0x00007ff9c99a0000 - 0x00007ff9c99c2000 	C:\WINDOWS\System32\win32u.dll
0x00007ff9cb5b0000 - 0x00007ff9cb5db000 	C:\WINDOWS\System32\GDI32.dll
0x00007ff9bd890000 - 0x00007ff9bdb2a000 	C:\WINDOWS\WinSxS\amd64_microsoft.windows.common-controls_6595b64144ccf1df_6.0.19041.1110_none_60b5254171f9507e\COMCTL32.dll
0x00007ff9c9400000 - 0x00007ff9c950f000 	C:\WINDOWS\System32\gdi32full.dll
0x00007ff9ca030000 - 0x00007ff9ca0ce000 	C:\WINDOWS\System32\msvcrt.dll
0x00007ff9c9900000 - 0x00007ff9c999d000 	C:\WINDOWS\System32\msvcp_win.dll
0x00007ff9c9e70000 - 0x00007ff9c9ea2000 	C:\WINDOWS\System32\IMM32.DLL
0x00007ff9bdd10000 - 0x00007ff9bddad000 	C:\Users\adams\AppData\Local\JetBrains\Toolbox\apps\AndroidStudio\ch-0\213.7172.25.2113.9014738\jre\bin\msvcp140.dll
0x00007ff976f90000 - 0x00007ff977a92000 	C:\Users\adams\AppData\Local\JetBrains\Toolbox\apps\AndroidStudio\ch-0\213.7172.25.2113.9014738\jre\bin\server\jvm.dll
0x00007ff9ca510000 - 0x00007ff9ca5be000 	C:\WINDOWS\System32\ADVAPI32.dll
0x00007ff9cb5f0000 - 0x00007ff9cb68c000 	C:\WINDOWS\System32\sechost.dll
0x00007ff9ca5c0000 - 0x00007ff9ca6e5000 	C:\WINDOWS\System32\RPCRT4.dll
0x00007ff9cb5e0000 - 0x00007ff9cb5e8000 	C:\WINDOWS\System32\PSAPI.DLL
0x00007ff9c5c30000 - 0x00007ff9c5c39000 	C:\WINDOWS\SYSTEM32\WSOCK32.dll
0x00007ff9bfe90000 - 0x00007ff9bfeb7000 	C:\WINDOWS\SYSTEM32\WINMM.dll
0x00007ff9c9c90000 - 0x00007ff9c9cfb000 	C:\WINDOWS\System32\WS2_32.dll
0x00007ff9c3280000 - 0x00007ff9c328a000 	C:\WINDOWS\SYSTEM32\VERSION.dll
0x00007ff9c7000000 - 0x00007ff9c7012000 	C:\WINDOWS\SYSTEM32\kernel.appcore.dll
0x00007ff9bff30000 - 0x00007ff9bff41000 	C:\Users\adams\AppData\Local\JetBrains\Toolbox\apps\AndroidStudio\ch-0\213.7172.25.2113.9014738\jre\bin\verify.dll
0x00007ff9be490000 - 0x00007ff9be674000 	C:\WINDOWS\SYSTEM32\DBGHELP.DLL
0x00007ff9b6800000 - 0x00007ff9b6835000 	C:\WINDOWS\SYSTEM32\dbgcore.DLL
0x00007ff9c9660000 - 0x00007ff9c96e2000 	C:\WINDOWS\System32\bcryptPrimitives.dll
0x00007ff9bff00000 - 0x00007ff9bff29000 	C:\Users\adams\AppData\Local\JetBrains\Toolbox\apps\AndroidStudio\ch-0\213.7172.25.2113.9014738\jre\bin\java.dll
0x00007ff9bfbb0000 - 0x00007ff9bfbbb000 	C:\Users\adams\AppData\Local\JetBrains\Toolbox\apps\AndroidStudio\ch-0\213.7172.25.2113.9014738\jre\bin\jimage.dll
0x00007ff9bfb30000 - 0x00007ff9bfb48000 	C:\Users\adams\AppData\Local\JetBrains\Toolbox\apps\AndroidStudio\ch-0\213.7172.25.2113.9014738\jre\bin\zip.dll
0x00007ff9ca6f0000 - 0x00007ff9cae34000 	C:\WINDOWS\System32\SHELL32.dll
0x00007ff9c7200000 - 0x00007ff9c7992000 	C:\WINDOWS\SYSTEM32\windows.storage.dll
0x00007ff9ca0d0000 - 0x00007ff9ca425000 	C:\WINDOWS\System32\combase.dll
0x00007ff9c8b80000 - 0x00007ff9c8bb0000 	C:\WINDOWS\SYSTEM32\Wldp.dll
0x00007ff9c9d00000 - 0x00007ff9c9dad000 	C:\WINDOWS\System32\SHCORE.dll
0x00007ff9c9a70000 - 0x00007ff9c9ac5000 	C:\WINDOWS\System32\shlwapi.dll
0x00007ff9c9060000 - 0x00007ff9c907f000 	C:\WINDOWS\SYSTEM32\profapi.dll
0x00007ff9bf6f0000 - 0x00007ff9bf70a000 	C:\Users\adams\AppData\Local\JetBrains\Toolbox\apps\AndroidStudio\ch-0\213.7172.25.2113.9014738\jre\bin\net.dll
0x00007ff9c2630000 - 0x00007ff9c273c000 	C:\WINDOWS\SYSTEM32\WINHTTP.dll
0x00007ff9c88e0000 - 0x00007ff9c894a000 	C:\WINDOWS\system32\mswsock.dll
0x00007ff9bf4a0000 - 0x00007ff9bf4b4000 	C:\Users\adams\AppData\Local\JetBrains\Toolbox\apps\AndroidStudio\ch-0\213.7172.25.2113.9014738\jre\bin\nio.dll
0x0000000065c30000 - 0x0000000065c59000 	C:\Users\adams\AppData\Local\Temp\libgdxadams\e787ab0a\gdx64.dll
0x00007ff9a23d0000 - 0x00007ff9a2445000 	C:\Users\adams\AppData\Local\Temp\lwjgladams\3.3.1-build-7\lwjgl.dll
0x00007ff99cc70000 - 0x00007ff99cec9000 	C:\Users\adams\AppData\Local\Temp\lwjgladams\3.3.1-build-7\jemalloc.dll
0x00007ff9a2360000 - 0x00007ff9a23c1000 	C:\Users\adams\AppData\Local\Temp\lwjgladams\3.3.1-build-7\glfw.dll
0x00007ff9a3cb0000 - 0x00007ff9a3cf5000 	C:\WINDOWS\SYSTEM32\dinput8.dll
0x00007ff985e20000 - 0x00007ff985e31000 	C:\WINDOWS\SYSTEM32\xinput1_4.dll
0x00007ff9c9510000 - 0x00007ff9c955e000 	C:\WINDOWS\System32\cfgmgr32.dll
0x00007ff9c8ed0000 - 0x00007ff9c8efc000 	C:\WINDOWS\SYSTEM32\DEVOBJ.dll
0x00007ff9c6e20000 - 0x00007ff9c6e4f000 	C:\WINDOWS\SYSTEM32\dwmapi.dll
0x00007ff9b5ae0000 - 0x00007ff9b5c32000 	C:\WINDOWS\SYSTEM32\inputhost.dll
0x00007ff9c9f60000 - 0x00007ff9ca02d000 	C:\WINDOWS\System32\OLEAUT32.dll
0x00007ff9c6630000 - 0x00007ff9c6722000 	C:\WINDOWS\SYSTEM32\CoreMessaging.dll
0x00007ff9c4e00000 - 0x00007ff9c4f54000 	C:\WINDOWS\SYSTEM32\wintypes.dll
0x00007ff9c4a50000 - 0x00007ff9c4b46000 	C:\WINDOWS\SYSTEM32\PROPSYS.dll
0x00007ff9c62d0000 - 0x00007ff9c662e000 	C:\WINDOWS\SYSTEM32\CoreUIComponents.dll
0x00007ff9c82b0000 - 0x00007ff9c82e3000 	C:\WINDOWS\SYSTEM32\ntmarta.dll
0x00007ff9c6b10000 - 0x00007ff9c6bae000 	C:\WINDOWS\system32\uxtheme.dll
0x00007ff9cb490000 - 0x00007ff9cb5a5000 	C:\WINDOWS\System32\MSCTF.dll
0x00007ff99d8f0000 - 0x00007ff99da87000 	C:\Users\adams\AppData\Local\Temp\lwjgladams\3.3.1-build-7\OpenAL.dll
0x00007ff9c9b60000 - 0x00007ff9c9c8a000 	C:\WINDOWS\System32\ole32.dll
0x00007ff9c9eb0000 - 0x00007ff9c9f5f000 	C:\WINDOWS\System32\clbcatq.dll
0x00007ff9c3040000 - 0x00007ff9c30c5000 	C:\WINDOWS\System32\MMDevApi.dll
0x00007ff9c2d70000 - 0x00007ff9c2ef2000 	C:\WINDOWS\SYSTEM32\AUDIOSES.DLL
0x00007ff9c86a0000 - 0x00007ff9c86eb000 	C:\WINDOWS\SYSTEM32\powrprof.dll
0x00007ff9c8560000 - 0x00007ff9c8572000 	C:\WINDOWS\SYSTEM32\UMPDC.dll
0x00007ff9c6c10000 - 0x00007ff9c6c24000 	C:\WINDOWS\SYSTEM32\resourcepolicyclient.dll
0x00007ff9a2510000 - 0x00007ff9a2635000 	C:\WINDOWS\SYSTEM32\opengl32.dll
0x00007ff9becb0000 - 0x00007ff9becdc000 	C:\WINDOWS\SYSTEM32\GLU32.dll
0x00007ff9c4370000 - 0x00007ff9c4467000 	C:\Windows\System32\AppXDeploymentClient.dll
0x00007ff992a50000 - 0x00007ff995c09000 	C:\WINDOWS\System32\DriverStore\FileRepository\nv_dispig.inf_amd64_ee20464bb4ac57f4\nvoglv64.dll
0x00007ff9cae50000 - 0x00007ff9cb2b8000 	C:\WINDOWS\System32\SETUPAPI.dll
0x00007ff9c9a40000 - 0x00007ff9c9a67000 	C:\WINDOWS\System32\bcrypt.dll
0x00007ff9c4bb0000 - 0x00007ff9c4bc4000 	C:\WINDOWS\SYSTEM32\WTSAPI32.dll
0x00007ff9c8af0000 - 0x00007ff9c8afc000 	C:\WINDOWS\SYSTEM32\CRYPTBASE.DLL
0x00007ff9c8d10000 - 0x00007ff9c8d22000 	C:\WINDOWS\SYSTEM32\msasn1.dll
0x00007ff9c3210000 - 0x00007ff9c3241000 	C:\WINDOWS\SYSTEM32\cryptnet.dll
0x00007ff9c96f0000 - 0x00007ff9c9846000 	C:\WINDOWS\System32\CRYPT32.dll
0x00007ff9c2a60000 - 0x00007ff9c2ba8000 	C:\WINDOWS\SYSTEM32\drvstore.dll
0x00007ff9c99d0000 - 0x00007ff9c9a39000 	C:\WINDOWS\System32\WINTRUST.dll
0x00007ff9c1350000 - 0x00007ff9c138b000 	C:\WINDOWS\SYSTEM32\dxcore.dll
0x00007ff99b640000 - 0x00007ff99b90f000 	C:\WINDOWS\system32\nvspcap64.dll
0x00007ff9c7e20000 - 0x00007ff9c7e84000 	C:\WINDOWS\SYSTEM32\WINSTA.dll
0x00007ff9a1ce0000 - 0x00007ff9a1d3d000 	C:\Users\adams\AppData\Local\Temp\lwjgladams\3.3.1-build-7\lwjgl_opengl.dll
0x00007ff9b5fb0000 - 0x00007ff9b60a9000 	C:\WINDOWS\SYSTEM32\textinputframework.dll
0x0000000065bd0000 - 0x0000000065c2a000 	C:\Users\adams\AppData\Local\Temp\libgdxadams\888fe1bc\gdx-box2d64.dll

dbghelp: loaded successfully - version: 4.0.5 - missing functions: none
symbol engine: initialized successfully - sym options: 0x614 - pdb path: .;C:\Users\adams\AppData\Local\JetBrains\Toolbox\apps\AndroidStudio\ch-0\213.7172.25.2113.9014738\jre\bin;C:\WINDOWS\SYSTEM32;C:\WINDOWS\WinSxS\amd64_microsoft.windows.common-controls_6595b64144ccf1df_6.0.19041.1110_none_60b5254171f9507e;C:\Users\adams\AppData\Local\JetBrains\Toolbox\apps\AndroidStudio\ch-0\213.7172.25.2113.9014738\jre\bin\server;C:\Users\adams\AppData\Local\Temp\libgdxadams\e787ab0a;C:\Users\adams\AppData\Local\Temp\lwjgladams\3.3.1-build-7;C:\WINDOWS\System32\DriverStore\FileRepository\nv_dispig.inf_amd64_ee20464bb4ac57f4;C:\Users\adams\AppData\Local\Temp\libgdxadams\888fe1bc

VM Arguments:
jvm_args: -Dfile.encoding=windows-1250 -Duser.country=PL -Duser.language=pl -Duser.variant 
java_command: com.mygdx.game.DesktopLauncher
java_class_path (initial): C:\Programowanie\Mario\desktop\build\classes\java\main;C:\Programowanie\Mario\desktop\build\resources\main;C:\Users\adams\.gradle\caches\modules-2\files-2.1\com.badlogicgames.gdx\gdx-backend-lwjgl3\1.11.0\58a96db4cd349be4292d547856aa1e1c5f065f4e\gdx-backend-lwjgl3-1.11.0.jar;C:\Users\adams\.gradle\caches\modules-2\files-2.1\com.badlogicgames.gdx\gdx-platform\1.11.0\697fb13eada6d3c6ca648c9788692b0159add126\gdx-platform-1.11.0-natives-desktop.jar;C:\Users\adams\.gradle\caches\modules-2\files-2.1\com.badlogicgames.gdx\gdx-box2d-platform\1.11.0\62ff9baa1e57a11e0a4428a38c9660bf9f312fdc\gdx-box2d-platform-1.11.0-natives-desktop.jar;C:\Programowanie\Mario\core\build\libs\core-1.0.jar;C:\Users\adams\.gradle\caches\modules-2\files-2.1\com.badlogicgames.gdx\gdx-box2d\1.11.0\ad4facee800dd945d6d6e93dea2936bc135b5f\gdx-box2d-1.11.0.jar;C:\Users\adams\.gradle\caches\modules-2\files-2.1\com.badlogicgames.gdx\gdx\1.11.0\ffe1206d1004cd9e40027e28964be0fea0399af7\gdx-1.11.0.jar;C:\Users\adams\.gradle\caches\modules-2\files-2.1\org.lwjgl\lwjgl-glfw\3.3.1\cbac1b8d30cb4795149c1ef540f912671a8616d0\lwjgl-glfw-3.3.1.jar;C:\Users\adams\.gradle\caches\modules-2\files-2.1\org.lwjgl\lwjgl-glfw\3.3.1\81716978214ecbda15050ca394b06ef61501a49e\lwjgl-glfw-3.3.1-natives-linux.jar;C:\Users\adams\.gradle\caches\modules-2\files-2.1\org.lwjgl\lwjgl-glfw\3.3.1\816d935933f2dd743074c4e717cc25b55720f294\lwjgl-glfw-3.3.1-natives-linux-arm32.jar;C:\Users\adams\.gradle\caches\modules-2\files-2.1\org.lwjgl\lwjgl-glfw\3.3.1\513eb39b866d0fe131a18d5c517087805433b029\lwjgl-glfw-3.3.1-natives-linux-arm64.jar;C:\Users\adams\.gradle\caches\modules-2\files-2.1\org.lwjgl\lwjgl-glfw\3.3.1\9ec4ce1fc8c85fdef03ef4ff2aace6f5775fb280\lwjgl-glfw-3.3.1-natives-macos.jar;C:\Users\adams\.gradle\caches\modules-2\files-2.1\org.lwjgl\lwjgl-glfw\3.3.1\cac0d3f712a3da7641fa174735a5f315de7ffe0a\lwjgl-glfw-3.3.1-natives-macos-arm64.jar;C:\Users\adams\.gradle\caches\modules-2\files-2.1\org.lwjgl\lwjgl-glfw\3.3.
Launcher Type: SUN_STANDARD

[Global flags]
     intx CICompilerCount                          = 4                                         {product} {ergonomic}
     uint ConcGCThreads                            = 3                                         {product} {ergonomic}
     uint G1ConcRefinementThreads                  = 10                                        {product} {ergonomic}
   size_t G1HeapRegionSize                         = 1048576                                   {product} {ergonomic}
    uintx GCDrainStackTargetSize                   = 64                                        {product} {ergonomic}
   size_t InitialHeapSize                          = 266338304                                 {product} {ergonomic}
   size_t MarkStackSize                            = 4194304                                   {product} {ergonomic}
   size_t MaxHeapSize                              = 4261412864                                {product} {ergonomic}
   size_t MaxNewSize                               = 2556428288                                {product} {ergonomic}
   size_t MinHeapDeltaBytes                        = 1048576                                   {product} {ergonomic}
    uintx NonNMethodCodeHeapSize                   = 5836300                                {pd product} {ergonomic}
    uintx NonProfiledCodeHeapSize                  = 122910970                              {pd product} {ergonomic}
    uintx ProfiledCodeHeapSize                     = 122910970                              {pd product} {ergonomic}
    uintx ReservedCodeCacheSize                    = 251658240                              {pd product} {ergonomic}
     bool SegmentedCodeCache                       = true                                      {product} {ergonomic}
     bool UseCompressedClassPointers               = true                                 {lp64_product} {ergonomic}
     bool UseCompressedOops                        = true                                 {lp64_product} {ergonomic}
     bool UseG1GC                                  = true                                      {product} {ergonomic}
     bool UseLargePagesIndividualAllocation        = false                                  {pd product} {ergonomic}

Logging:
Log output configuration:
 #0: stdout all=warning uptime,level,tags
 #1: stderr all=off uptime,level,tags

Environment Variables:
PATH=C:\Program Files\Microsoft\jdk-11.0.12.7-hotspot\bin;C:\Program Files\Common Files\Oracle\Java\javapath;C:\Program Files (x86)\Razer Chroma SDK\bin;C:\Program Files\Razer Chroma SDK\bin;C:\Program Files (x86)\Razer\ChromaBroadcast\bin;C:\Program Files\Razer\ChromaBroadcast\bin;C:\WINDOWS\system32;C:\WINDOWS;C:\WINDOWS\System32\Wbem;C:\WINDOWS\System32\WindowsPowerShell\v1.0\;C:\WINDOWS\System32\OpenSSH\;C:\Program Files (x86)\NVIDIA Corporation\PhysX\Common;C:\Program Files\NVIDIA Corporation\NVIDIA NvDLISR;C:\Program Files\MATLAB\R2021b\bin;C:\Program Files (x86)\dotnet\;C:\WINDOWS\system32\config\systemprofile\AppData\Local\Microsoft\WindowsApps;C:\Program Files\Git\cmd;C:\Program Files\dotnet\;C:\Users\adams\AppData\Local\Microsoft\WindowsApps;C:\Program Files\Java\jdk-17.0.5\bin;C:\Program Files\JetBrains\IntelliJ IDEA 2022.2.3\bin;C:\Users\adams\.dotnet\tools
USERNAME=adams
OS=Windows_NT
PROCESSOR_IDENTIFIER=Intel64 Family 6 Model 167 Stepping 1, GenuineIntel



---------------  S Y S T E M  ---------------

OS: Windows 10 , 64 bit Build 19041 (10.0.19041.2364)
OS uptime: 4 days 16:20 hours

CPU:total 12 (initial active 12) (6 cores per cpu, 2 threads per core) family 6 model 167 stepping 1 microcode 0x40, cmov, cx8, fxsr, mmx, sse, sse2, sse3, ssse3, sse4.1, sse4.2, popcnt, avx, avx2, aes, clmul, erms, 3dnowpref, lzcnt, ht, tsc, tscinvbit, bmi1, bmi2, adx, evex, sha, fma

Memory: 4k page, system-wide physical 16253M (5883M free)
TotalPageFile size 19279M (AvailPageFile size 3488M)
current process WorkingSet (physical memory assigned to process): 149M, peak: 149M
current process commit charge ("private bytes"): 427M, peak: 427M

vm_info: OpenJDK 64-Bit Server VM (11.0.13+0-b1751.21-8125866) for windows-amd64 JRE (11.0.13+0-b1751.21-8125866), built on Feb  2 2022 03:00:22 by "builder" with MS VC++ 14.0 (VS2015)

END.
