#
# A fatal error has been detected by the Java Runtime Environment:
#
#  EXCEPTION_ACCESS_VIOLATION (0xc0000005) at pc=0x0000000065baba43, pid=25772, tid=24492
#
# JRE version: OpenJDK Runtime Environment (11.0.13) (build 11.0.13+0-b1751.21-8125866)
# Java VM: OpenJDK 64-Bit Server VM (11.0.13+0-b1751.21-8125866, mixed mode, tiered, compressed oops, g1 gc, windows-amd64)
# Problematic frame:
# C  [gdx-box2d64.dll+0xba43]
#
# No core dump will be written. Minidumps are not enabled by default on client versions of Windows
#
# If you would like to submit a bug report, please visit:
#   https://bugreport.java.com/bugreport/crash.jsp
# The crash happened outside the Java Virtual Machine in native code.
# See problematic frame for where to report the bug.
#

---------------  S U M M A R Y ------------

Command Line: -Dfile.encoding=windows-1250 -Duser.country=PL -Duser.language=pl -Duser.variant com.mygdx.game.DesktopLauncher

Host: 11th Gen Intel(R) Core(TM) i5-11400 @ 2.60GHz, 12 cores, 15G,  Windows 10 , 64 bit Build 19041 (10.0.19041.2364)
Time: Fri Dec 30 14:38:04 2022 Œrodkowoeuropejski czas stand. elapsed time: 14.313024 seconds (0d 0h 0m 14s)

---------------  T H R E A D  ---------------

Current thread (0x000001598ac43000):  JavaThread "main" [_thread_in_native, id=24492, stack(0x000000549a900000,0x000000549aa00000)]

Stack: [0x000000549a900000,0x000000549aa00000],  sp=0x000000549a9fe9a0,  free space=1018k
Native frames: (J=compiled Java code, j=interpreted, Vv=VM code, C=native code)
C  [gdx-box2d64.dll+0xba43]

Java frames: (J=compiled Java code, j=interpreted, Vv=VM code)
j  com.badlogic.gdx.physics.box2d.World.jniCreateBody(JIFFFFFFFFZZZZZF)J+0
j  com.badlogic.gdx.physics.box2d.World.createBody(Lcom/badlogic/gdx/physics/box2d/BodyDef;)Lcom/badlogic/gdx/physics/box2d/Body;+80
j  com.mygdx.game.Sprites.Items.Apple.defineItem()V+37
j  com.mygdx.game.Sprites.Items.Item.<init>(Lcom/mygdx/game/Screens/PlayScreen;FF)V+40
j  com.mygdx.game.Sprites.Items.Apple.<init>(Lcom/mygdx/game/Screens/PlayScreen;FF)V+4
J 1344 c1 com.mygdx.game.Screens.PlayScreen.handleSpawningItems()V (60 bytes) @ 0x0000015990748a6c [0x0000015990748620+0x000000000000044c]
J 1304 c1 com.mygdx.game.Screens.PlayScreen.update(F)V (152 bytes) @ 0x000001599073391c [0x0000015990733840+0x00000000000000dc]
J 1305 c1 com.mygdx.game.Screens.PlayScreen.render(F)V (223 bytes) @ 0x0000015990735054 [0x0000015990734fc0+0x0000000000000094]
J 1353 c1 com.mygdx.game.Mario.render()V (5 bytes) @ 0x000001599074ddec [0x000001599074dbe0+0x000000000000020c]
J 1323 c1 com.badlogic.gdx.backends.lwjgl3.Lwjgl3Window.update()Z (217 bytes) @ 0x000001599073ddc4 [0x000001599073d020+0x0000000000000da4]
j  com.badlogic.gdx.backends.lwjgl3.Lwjgl3Application.loop()V+111
j  com.badlogic.gdx.backends.lwjgl3.Lwjgl3Application.<init>(Lcom/badlogic/gdx/ApplicationListener;Lcom/badlogic/gdx/backends/lwjgl3/Lwjgl3ApplicationConfiguration;)V+269
j  com.mygdx.game.DesktopLauncher.main([Ljava/lang/String;)V+32
v  ~StubRoutines::call_stub

siginfo: EXCEPTION_ACCESS_VIOLATION (0xc0000005), reading address 0x0000015baf767270


Register to memory mapping:

RIP=0x0000000065baba43 gdx-box2d64.dll
RAX=0x0000000065bef060 gdx-box2d64.dll
RBX=0x0000015baf767270 is an unknown value
RCX=0x00000159af749460 points into unknown readable memory: 0x00000159af7627f0 | f0 27 76 af 59 01 00 00
RDX=0x00000000000000b8 is an unknown value
RSP=0x000000549a9fe9a0 is pointing into the stack for thread: 0x000001598ac43000
RBP=0x00000159af749490 points into unknown readable memory: 0x0000000000000000 | 00 00 00 00 00 00 00 00
RSI=0x00000159af749460 points into unknown readable memory: 0x00000159af7627f0 | f0 27 76 af 59 01 00 00
RDI=0x00000000000a8f08 is an unknown value
R8 =0x00000159af749460 points into unknown readable memory: 0x00000159af7627f0 | f0 27 76 af 59 01 00 00
R9 =0x0000000000000002 is an unknown value
R10=0x0 is NULL
R11=0x0000000000000001 is an unknown value
R12=0x0000000000000006 is an unknown value
R13={method} {0x00000159b47df760} 'jniCreateBody' '(JIFFFFFFFFZZZZZF)J' in 'com/badlogic/gdx/physics/box2d/World'
R14=0x000000549a9fec70 is pointing into the stack for thread: 0x000001598ac43000
R15=0x000001598ac43000 is a thread


Registers:
RAX=0x0000000065bef060, RBX=0x0000015baf767270, RCX=0x00000159af749460, RDX=0x00000000000000b8
RSP=0x000000549a9fe9a0, RBP=0x00000159af749490, RSI=0x00000159af749460, RDI=0x00000000000a8f08
R8 =0x00000159af749460, R9 =0x0000000000000002, R10=0x0000000000000000, R11=0x0000000000000001
R12=0x0000000000000006, R13=0x00000159b47df758, R14=0x000000549a9fec70, R15=0x000001598ac43000
RIP=0x0000000065baba43, EFLAGS=0x0000000000010202

Top of Stack: (sp=0x000000549a9fe9a0)
0x000000549a9fe9a0:   000001598ac43108 000000549a9ff658
0x000000549a9fe9b0:   000001598ac43000 00007ff95a527af6
0x000000549a9fe9c0:   00000159b47df758 000001598ac43000
0x000000549a9fe9d0:   00007ff95a7d8f78 00000159af749460
0x000000549a9fe9e0:   000000549a9fea80 00000000000a8f08
0x000000549a9fe9f0:   000000549a9febc8 0000000000000000
0x000000549a9fea00:   00000159b47df758 0000000065bc0e22
0x000000549a9fea10:   000000549a9febe0 000000549a9feb60
0x000000549a9fea20:   000000549a9feac0 000000549a9feac0
0x000000549a9fea30:   0000000700000003 00000159b47df758
0x000000549a9fea40:   000001598ac43000 0000000000000001
0x000000549a9fea50:   00000000000016e0 0000000065bc66e6
0x000000549a9fea60:   000001598ac43000 000000549a9fec70
0x000000549a9fea70:   000000549a9febc8 000001598ff58f0b
0x000000549a9fea80:   401e8f5c00000002 000000003f853d71
0x000000549a9fea90:   0000000000000000 0000000000000000 

Instructions: (pc=0x0000000065baba43)
0x0000000065bab943:   f6 48 8d 2d b5 16 03 00 48 8d 3d 0e 37 04 00 4c
0x0000000065bab953:   8d 2d f7 31 03 00 4c 8d 25 55 32 03 00 eb 1a 83
0x0000000065bab963:   fe 0d 7e 11 41 b8 49 00 00 00 4c 89 ea 4c 89 e1
0x0000000065bab973:   e8 18 82 02 00 48 83 c3 01 48 63 c6 39 5c 85 00
0x0000000065bab983:   7d 03 83 c6 01 48 81 fb 80 02 00 00 40 88 34 1f
0x0000000065bab993:   75 cd c6 05 a4 36 04 00 01 48 83 c4 28 5b 5e 5f
0x0000000065bab9a3:   5d 41 5c 41 5d c3 90 66 0f 1f 44 00 00 57 56 53
0x0000000065bab9b3:   48 83 ec 20 8b 41 08 48 89 cf 85 c0 7e 1d 31 f6
0x0000000065bab9c3:   31 db 48 8b 07 83 c3 01 48 8b 4c 30 08 48 83 c6
0x0000000065bab9d3:   10 e8 a7 08 00 00 39 5f 08 7f e7 48 8b 0f 48 83
0x0000000065bab9e3:   c4 20 5b 5e 5f e9 93 08 00 00 90 66 90 41 55 41
0x0000000065bab9f3:   54 55 57 56 53 48 83 ec 38 48 63 da 48 89 ce 83
0x0000000065baba03:   fb 00 0f 84 95 01 00 00 0f 8e 6f 01 00 00 81 fb
0x0000000065baba13:   80 02 00 00 0f 8f 23 01 00 00 48 8d 05 3c 36 04
0x0000000065baba23:   00 44 0f b6 24 18 41 80 fc 0d 4c 89 e3 0f 87 da
0x0000000065baba33:   00 00 00 48 8d 2c de 48 8b 5d 10 48 85 db 74 1d
0x0000000065baba43:   48 8b 03 48 89 45 10 48 89 d8 48 83 c4 38 5b 5e
0x0000000065baba53:   5f 5d 41 5c 41 5d c3 66 0f 1f 44 00 00 48 63 46
0x0000000065baba63:   08 4c 8b 2e 3b 46 0c 0f 84 40 01 00 00 48 c1 e0
0x0000000065baba73:   04 b9 00 40 00 00 4d 63 e4 49 8d 7c 05 00 e8 ea
0x0000000065baba83:   07 00 00 48 89 c3 48 89 47 08 48 8d 05 6c 15 03
0x0000000065baba93:   00 46 8b 24 a0 b8 00 40 00 00 99 41 f7 fc 45 89
0x0000000065babaa3:   e5 44 89 27 44 0f af e8 41 81 fd 00 40 00 00 0f
0x0000000065babab3:   8f 9b 00 00 00 83 f8 01 7e 23 49 63 d4 83 e8 01
0x0000000065babac3:   45 31 c0 49 89 d1 48 8d 0c 13 49 f7 d9 41 83 c0
0x0000000065babad3:   01 4a 89 0c 09 48 01 d1 41 39 c0 75 f0 45 29 e5
0x0000000065babae3:   4d 63 ed 4a c7 04 2b 00 00 00 00 48 8b 03 48 89
0x0000000065babaf3:   45 10 83 46 08 01 48 89 d8 48 83 c4 38 5b 5e 5f
0x0000000065babb03:   5d 41 5c 41 5d c3 0f 1f 80 00 00 00 00 48 8d 15
0x0000000065babb13:   39 30 03 00 48 8d 0d b2 30 03 00 48 8d 2c de 41
0x0000000065babb23:   b8 70 00 00 00 e8 63 80 02 00 48 8b 5d 10 48 85
0x0000000065babb33:   db 0f 85 09 ff ff ff e9 21 ff ff ff 90 89 d9 48 


Stack slot to memory mapping:
stack at sp + 0 slots: 0x000001598ac43108 points into unknown readable memory: 0x000001598ad11000 | 00 10 d1 8a 59 01 00 00
stack at sp + 1 slots: 0x000000549a9ff658 is pointing into the stack for thread: 0x000001598ac43000
stack at sp + 2 slots: 0x000001598ac43000 is a thread
stack at sp + 3 slots: 0x00007ff95a527af6 jvm.dll
stack at sp + 4 slots: {method} {0x00000159b47df760} 'jniCreateBody' '(JIFFFFFFFFZZZZZF)J' in 'com/badlogic/gdx/physics/box2d/World'
stack at sp + 5 slots: 0x000001598ac43000 is a thread
stack at sp + 6 slots: 0x00007ff95a7d8f78 jvm.dll
stack at sp + 7 slots: 0x00000159af749460 points into unknown readable memory: 0x00000159af7627f0 | f0 27 76 af 59 01 00 00


---------------  P R O C E S S  ---------------

Threads class SMR info:
_java_thread_list=0x00000159ae18f690, length=11, elements={
0x000001598ac43000, 0x00000159ac04a800, 0x00000159ac04b800, 0x00000159ac958800,
0x00000159ac95d000, 0x00000159ac95e000, 0x00000159ac95f000, 0x00000159ac965000,
0x00000159ac975800, 0x00000159acaf2800, 0x00000159ae18c800
}

Java Threads: ( => current thread )
=>0x000001598ac43000 JavaThread "main" [_thread_in_native, id=24492, stack(0x000000549a900000,0x000000549aa00000)]
  0x00000159ac04a800 JavaThread "Reference Handler" daemon [_thread_blocked, id=26456, stack(0x000000549b000000,0x000000549b100000)]
  0x00000159ac04b800 JavaThread "Finalizer" daemon [_thread_blocked, id=25992, stack(0x000000549b100000,0x000000549b200000)]
  0x00000159ac958800 JavaThread "Signal Dispatcher" daemon [_thread_blocked, id=26500, stack(0x000000549b200000,0x000000549b300000)]
  0x00000159ac95d000 JavaThread "Attach Listener" daemon [_thread_blocked, id=16852, stack(0x000000549b300000,0x000000549b400000)]
  0x00000159ac95e000 JavaThread "Service Thread" daemon [_thread_blocked, id=10688, stack(0x000000549b400000,0x000000549b500000)]
  0x00000159ac95f000 JavaThread "C2 CompilerThread0" daemon [_thread_blocked, id=8684, stack(0x000000549b500000,0x000000549b600000)]
  0x00000159ac965000 JavaThread "C1 CompilerThread0" daemon [_thread_blocked, id=17900, stack(0x000000549b600000,0x000000549b700000)]
  0x00000159ac975800 JavaThread "Sweeper thread" daemon [_thread_blocked, id=17752, stack(0x000000549b700000,0x000000549b800000)]
  0x00000159acaf2800 JavaThread "Common-Cleaner" daemon [_thread_blocked, id=13436, stack(0x000000549b900000,0x000000549ba00000)]
  0x00000159ae18c800 JavaThread "LWJGL3 Timer" daemon [_thread_blocked, id=5572, stack(0x000000549ca00000,0x000000549cb00000)]

Other Threads:
  0x00000159ac047800 VMThread "VM Thread" [stack: 0x000000549af00000,0x000000549b000000] [id=26164]
  0x00000159acaff000 WatcherThread [stack: 0x000000549b800000,0x000000549b900000] [id=6396]
  0x000001598ac5b000 GCTaskThread "GC Thread#0" [stack: 0x000000549aa00000,0x000000549ab00000] [id=12464]
  0x00000159ae194800 GCTaskThread "GC Thread#1" [stack: 0x000000549c500000,0x000000549c600000] [id=25684]
  0x00000159b4b2c000 GCTaskThread "GC Thread#2" [stack: 0x000000549c600000,0x000000549c700000] [id=18756]
  0x00000159b4b2f800 GCTaskThread "GC Thread#3" [stack: 0x000000549c700000,0x000000549c800000] [id=23884]
  0x00000159ae498000 GCTaskThread "GC Thread#4" [stack: 0x000000549c800000,0x000000549c900000] [id=24760]
  0x00000159ae1a1000 GCTaskThread "GC Thread#5" [stack: 0x000000549c900000,0x000000549ca00000] [id=1512]
  0x000001598acba000 ConcurrentGCThread "G1 Main Marker" [stack: 0x000000549ab00000,0x000000549ac00000] [id=19976]
  0x000001598acbc800 ConcurrentGCThread "G1 Conc#0" [stack: 0x000000549ac00000,0x000000549ad00000] [id=24000]
  0x00000159abf20000 ConcurrentGCThread "G1 Refine#0" [stack: 0x000000549ad00000,0x000000549ae00000] [id=24796]
  0x00000159abf22000 ConcurrentGCThread "G1 Young RemSet Sampling" [stack: 0x000000549ae00000,0x000000549af00000] [id=11800]

Threads with active compile tasks:

VM state:not at safepoint (normal execution)

VM Mutex/Monitor currently owned by a thread: None

Heap address: 0x0000000702000000, size: 4064 MB, Compressed Oops mode: Zero based, Oop shift amount: 3
Narrow klass base: 0x0000000800000000, Narrow klass shift: 0
Compressed class space size: 1073741824 Address: 0x0000000800000000

Heap:
 garbage-first heap   total 260096K, used 6606K [0x0000000702000000, 0x0000000800000000)
  region size 1024K, 8 young (8192K), 3 survivors (3072K)
 Metaspace       used 13323K, capacity 13531K, committed 13696K, reserved 1062912K
  class space    used 1055K, capacity 1108K, committed 1152K, reserved 1048576K
Heap Regions: E=young(eden), S=young(survivor), O=old, HS=humongous(starts), HC=humongous(continues), CS=collection set, F=free, A=archive, TAMS=top-at-mark-start (previous, next)
|   0|0x0000000702000000, 0x0000000702000000, 0x0000000702100000|  0%| F|  |TAMS 0x0000000702000000, 0x0000000702000000| Untracked 
|   1|0x0000000702100000, 0x0000000702100000, 0x0000000702200000|  0%| F|  |TAMS 0x0000000702100000, 0x0000000702100000| Untracked 
|   2|0x0000000702200000, 0x0000000702200000, 0x0000000702300000|  0%| F|  |TAMS 0x0000000702200000, 0x0000000702200000| Untracked 
|   3|0x0000000702300000, 0x0000000702300000, 0x0000000702400000|  0%| F|  |TAMS 0x0000000702300000, 0x0000000702300000| Untracked 
|   4|0x0000000702400000, 0x0000000702400000, 0x0000000702500000|  0%| F|  |TAMS 0x0000000702400000, 0x0000000702400000| Untracked 
|   5|0x0000000702500000, 0x0000000702500000, 0x0000000702600000|  0%| F|  |TAMS 0x0000000702500000, 0x0000000702500000| Untracked 
|   6|0x0000000702600000, 0x0000000702600000, 0x0000000702700000|  0%| F|  |TAMS 0x0000000702600000, 0x0000000702600000| Untracked 
|   7|0x0000000702700000, 0x0000000702700000, 0x0000000702800000|  0%| F|  |TAMS 0x0000000702700000, 0x0000000702700000| Untracked 
|   8|0x0000000702800000, 0x0000000702800000, 0x0000000702900000|  0%| F|  |TAMS 0x0000000702800000, 0x0000000702800000| Untracked 
|   9|0x0000000702900000, 0x0000000702900000, 0x0000000702a00000|  0%| F|  |TAMS 0x0000000702900000, 0x0000000702900000| Untracked 
|  10|0x0000000702a00000, 0x0000000702a00000, 0x0000000702b00000|  0%| F|  |TAMS 0x0000000702a00000, 0x0000000702a00000| Untracked 
|  11|0x0000000702b00000, 0x0000000702b00000, 0x0000000702c00000|  0%| F|  |TAMS 0x0000000702b00000, 0x0000000702b00000| Untracked 
|  12|0x0000000702c00000, 0x0000000702c00000, 0x0000000702d00000|  0%| F|  |TAMS 0x0000000702c00000, 0x0000000702c00000| Untracked 
|  13|0x0000000702d00000, 0x0000000702d00000, 0x0000000702e00000|  0%| F|  |TAMS 0x0000000702d00000, 0x0000000702d00000| Untracked 
|  14|0x0000000702e00000, 0x0000000702e00000, 0x0000000702f00000|  0%| F|  |TAMS 0x0000000702e00000, 0x0000000702e00000| Untracked 
|  15|0x0000000702f00000, 0x0000000702f00000, 0x0000000703000000|  0%| F|  |TAMS 0x0000000702f00000, 0x0000000702f00000| Untracked 
|  16|0x0000000703000000, 0x0000000703000000, 0x0000000703100000|  0%| F|  |TAMS 0x0000000703000000, 0x0000000703000000| Untracked 
|  17|0x0000000703100000, 0x0000000703100000, 0x0000000703200000|  0%| F|  |TAMS 0x0000000703100000, 0x0000000703100000| Untracked 
|  18|0x0000000703200000, 0x0000000703200000, 0x0000000703300000|  0%| F|  |TAMS 0x0000000703200000, 0x0000000703200000| Untracked 
|  19|0x0000000703300000, 0x0000000703300000, 0x0000000703400000|  0%| F|  |TAMS 0x0000000703300000, 0x0000000703300000| Untracked 
|  20|0x0000000703400000, 0x0000000703400000, 0x0000000703500000|  0%| F|  |TAMS 0x0000000703400000, 0x0000000703400000| Untracked 
|  21|0x0000000703500000, 0x0000000703500000, 0x0000000703600000|  0%| F|  |TAMS 0x0000000703500000, 0x0000000703500000| Untracked 
|  22|0x0000000703600000, 0x0000000703600000, 0x0000000703700000|  0%| F|  |TAMS 0x0000000703600000, 0x0000000703600000| Untracked 
|  23|0x0000000703700000, 0x0000000703700000, 0x0000000703800000|  0%| F|  |TAMS 0x0000000703700000, 0x0000000703700000| Untracked 
|  24|0x0000000703800000, 0x0000000703800000, 0x0000000703900000|  0%| F|  |TAMS 0x0000000703800000, 0x0000000703800000| Untracked 
|  25|0x0000000703900000, 0x0000000703900000, 0x0000000703a00000|  0%| F|  |TAMS 0x0000000703900000, 0x0000000703900000| Untracked 
|  26|0x0000000703a00000, 0x0000000703a00000, 0x0000000703b00000|  0%| F|  |TAMS 0x0000000703a00000, 0x0000000703a00000| Untracked 
|  27|0x0000000703b00000, 0x0000000703b00000, 0x0000000703c00000|  0%| F|  |TAMS 0x0000000703b00000, 0x0000000703b00000| Untracked 
|  28|0x0000000703c00000, 0x0000000703c00000, 0x0000000703d00000|  0%| F|  |TAMS 0x0000000703c00000, 0x0000000703c00000| Untracked 
|  29|0x0000000703d00000, 0x0000000703d00000, 0x0000000703e00000|  0%| F|  |TAMS 0x0000000703d00000, 0x0000000703d00000| Untracked 
|  30|0x0000000703e00000, 0x0000000703e00000, 0x0000000703f00000|  0%| F|  |TAMS 0x0000000703e00000, 0x0000000703e00000| Untracked 
|  31|0x0000000703f00000, 0x0000000703f00000, 0x0000000704000000|  0%| F|  |TAMS 0x0000000703f00000, 0x0000000703f00000| Untracked 
|  32|0x0000000704000000, 0x0000000704000000, 0x0000000704100000|  0%| F|  |TAMS 0x0000000704000000, 0x0000000704000000| Untracked 
|  33|0x0000000704100000, 0x0000000704100000, 0x0000000704200000|  0%| F|  |TAMS 0x0000000704100000, 0x0000000704100000| Untracked 
|  34|0x0000000704200000, 0x0000000704200000, 0x0000000704300000|  0%| F|  |TAMS 0x0000000704200000, 0x0000000704200000| Untracked 
|  35|0x0000000704300000, 0x0000000704300000, 0x0000000704400000|  0%| F|  |TAMS 0x0000000704300000, 0x0000000704300000| Untracked 
|  36|0x0000000704400000, 0x0000000704400000, 0x0000000704500000|  0%| F|  |TAMS 0x0000000704400000, 0x0000000704400000| Untracked 
|  37|0x0000000704500000, 0x0000000704500000, 0x0000000704600000|  0%| F|  |TAMS 0x0000000704500000, 0x0000000704500000| Untracked 
|  38|0x0000000704600000, 0x0000000704600000, 0x0000000704700000|  0%| F|  |TAMS 0x0000000704600000, 0x0000000704600000| Untracked 
|  39|0x0000000704700000, 0x0000000704700000, 0x0000000704800000|  0%| F|  |TAMS 0x0000000704700000, 0x0000000704700000| Untracked 
|  40|0x0000000704800000, 0x0000000704800000, 0x0000000704900000|  0%| F|  |TAMS 0x0000000704800000, 0x0000000704800000| Untracked 
|  41|0x0000000704900000, 0x0000000704900000, 0x0000000704a00000|  0%| F|  |TAMS 0x0000000704900000, 0x0000000704900000| Untracked 
|  42|0x0000000704a00000, 0x0000000704a00000, 0x0000000704b00000|  0%| F|  |TAMS 0x0000000704a00000, 0x0000000704a00000| Untracked 
|  43|0x0000000704b00000, 0x0000000704b00000, 0x0000000704c00000|  0%| F|  |TAMS 0x0000000704b00000, 0x0000000704b00000| Untracked 
|  44|0x0000000704c00000, 0x0000000704c00000, 0x0000000704d00000|  0%| F|  |TAMS 0x0000000704c00000, 0x0000000704c00000| Untracked 
|  45|0x0000000704d00000, 0x0000000704d00000, 0x0000000704e00000|  0%| F|  |TAMS 0x0000000704d00000, 0x0000000704d00000| Untracked 
|  46|0x0000000704e00000, 0x0000000704e00000, 0x0000000704f00000|  0%| F|  |TAMS 0x0000000704e00000, 0x0000000704e00000| Untracked 
|  47|0x0000000704f00000, 0x0000000704f00000, 0x0000000705000000|  0%| F|  |TAMS 0x0000000704f00000, 0x0000000704f00000| Untracked 
|  48|0x0000000705000000, 0x0000000705000000, 0x0000000705100000|  0%| F|  |TAMS 0x0000000705000000, 0x0000000705000000| Untracked 
|  49|0x0000000705100000, 0x0000000705100000, 0x0000000705200000|  0%| F|  |TAMS 0x0000000705100000, 0x0000000705100000| Untracked 
|  50|0x0000000705200000, 0x0000000705200000, 0x0000000705300000|  0%| F|  |TAMS 0x0000000705200000, 0x0000000705200000| Untracked 
|  51|0x0000000705300000, 0x0000000705300000, 0x0000000705400000|  0%| F|  |TAMS 0x0000000705300000, 0x0000000705300000| Untracked 
|  52|0x0000000705400000, 0x0000000705400000, 0x0000000705500000|  0%| F|  |TAMS 0x0000000705400000, 0x0000000705400000| Untracked 
|  53|0x0000000705500000, 0x0000000705500000, 0x0000000705600000|  0%| F|  |TAMS 0x0000000705500000, 0x0000000705500000| Untracked 
|  54|0x0000000705600000, 0x0000000705600000, 0x0000000705700000|  0%| F|  |TAMS 0x0000000705600000, 0x0000000705600000| Untracked 
|  55|0x0000000705700000, 0x0000000705700000, 0x0000000705800000|  0%| F|  |TAMS 0x0000000705700000, 0x0000000705700000| Untracked 
|  56|0x0000000705800000, 0x0000000705800000, 0x0000000705900000|  0%| F|  |TAMS 0x0000000705800000, 0x0000000705800000| Untracked 
|  57|0x0000000705900000, 0x0000000705900000, 0x0000000705a00000|  0%| F|  |TAMS 0x0000000705900000, 0x0000000705900000| Untracked 
|  58|0x0000000705a00000, 0x0000000705a00000, 0x0000000705b00000|  0%| F|  |TAMS 0x0000000705a00000, 0x0000000705a00000| Untracked 
|  59|0x0000000705b00000, 0x0000000705b00000, 0x0000000705c00000|  0%| F|  |TAMS 0x0000000705b00000, 0x0000000705b00000| Untracked 
|  60|0x0000000705c00000, 0x0000000705c00000, 0x0000000705d00000|  0%| F|  |TAMS 0x0000000705c00000, 0x0000000705c00000| Untracked 
|  61|0x0000000705d00000, 0x0000000705d00000, 0x0000000705e00000|  0%| F|  |TAMS 0x0000000705d00000, 0x0000000705d00000| Untracked 
|  62|0x0000000705e00000, 0x0000000705e00000, 0x0000000705f00000|  0%| F|  |TAMS 0x0000000705e00000, 0x0000000705e00000| Untracked 
|  63|0x0000000705f00000, 0x0000000705f00000, 0x0000000706000000|  0%| F|  |TAMS 0x0000000705f00000, 0x0000000705f00000| Untracked 
|  64|0x0000000706000000, 0x0000000706000000, 0x0000000706100000|  0%| F|  |TAMS 0x0000000706000000, 0x0000000706000000| Untracked 
|  65|0x0000000706100000, 0x0000000706100000, 0x0000000706200000|  0%| F|  |TAMS 0x0000000706100000, 0x0000000706100000| Untracked 
|  66|0x0000000706200000, 0x0000000706200000, 0x0000000706300000|  0%| F|  |TAMS 0x0000000706200000, 0x0000000706200000| Untracked 
|  67|0x0000000706300000, 0x0000000706300000, 0x0000000706400000|  0%| F|  |TAMS 0x0000000706300000, 0x0000000706300000| Untracked 
|  68|0x0000000706400000, 0x0000000706400000, 0x0000000706500000|  0%| F|  |TAMS 0x0000000706400000, 0x0000000706400000| Untracked 
|  69|0x0000000706500000, 0x0000000706500000, 0x0000000706600000|  0%| F|  |TAMS 0x0000000706500000, 0x0000000706500000| Untracked 
|  70|0x0000000706600000, 0x0000000706600000, 0x0000000706700000|  0%| F|  |TAMS 0x0000000706600000, 0x0000000706600000| Untracked 
|  71|0x0000000706700000, 0x0000000706700000, 0x0000000706800000|  0%| F|  |TAMS 0x0000000706700000, 0x0000000706700000| Untracked 
|  72|0x0000000706800000, 0x0000000706800000, 0x0000000706900000|  0%| F|  |TAMS 0x0000000706800000, 0x0000000706800000| Untracked 
|  73|0x0000000706900000, 0x0000000706900000, 0x0000000706a00000|  0%| F|  |TAMS 0x0000000706900000, 0x0000000706900000| Untracked 
|  74|0x0000000706a00000, 0x0000000706a00000, 0x0000000706b00000|  0%| F|  |TAMS 0x0000000706a00000, 0x0000000706a00000| Untracked 
|  75|0x0000000706b00000, 0x0000000706b00000, 0x0000000706c00000|  0%| F|  |TAMS 0x0000000706b00000, 0x0000000706b00000| Untracked 
|  76|0x0000000706c00000, 0x0000000706c00000, 0x0000000706d00000|  0%| F|  |TAMS 0x0000000706c00000, 0x0000000706c00000| Untracked 
|  77|0x0000000706d00000, 0x0000000706d00000, 0x0000000706e00000|  0%| F|  |TAMS 0x0000000706d00000, 0x0000000706d00000| Untracked 
|  78|0x0000000706e00000, 0x0000000706e00000, 0x0000000706f00000|  0%| F|  |TAMS 0x0000000706e00000, 0x0000000706e00000| Untracked 
|  79|0x0000000706f00000, 0x0000000706f00000, 0x0000000707000000|  0%| F|  |TAMS 0x0000000706f00000, 0x0000000706f00000| Untracked 
|  80|0x0000000707000000, 0x0000000707000000, 0x0000000707100000|  0%| F|  |TAMS 0x0000000707000000, 0x0000000707000000| Untracked 
|  81|0x0000000707100000, 0x0000000707100000, 0x0000000707200000|  0%| F|  |TAMS 0x0000000707100000, 0x0000000707100000| Untracked 
|  82|0x0000000707200000, 0x0000000707200000, 0x0000000707300000|  0%| F|  |TAMS 0x0000000707200000, 0x0000000707200000| Untracked 
|  83|0x0000000707300000, 0x0000000707300000, 0x0000000707400000|  0%| F|  |TAMS 0x0000000707300000, 0x0000000707300000| Untracked 
|  84|0x0000000707400000, 0x0000000707400000, 0x0000000707500000|  0%| F|  |TAMS 0x0000000707400000, 0x0000000707400000| Untracked 
|  85|0x0000000707500000, 0x0000000707500000, 0x0000000707600000|  0%| F|  |TAMS 0x0000000707500000, 0x0000000707500000| Untracked 
|  86|0x0000000707600000, 0x0000000707600000, 0x0000000707700000|  0%| F|  |TAMS 0x0000000707600000, 0x0000000707600000| Untracked 
|  87|0x0000000707700000, 0x0000000707700000, 0x0000000707800000|  0%| F|  |TAMS 0x0000000707700000, 0x0000000707700000| Untracked 
|  88|0x0000000707800000, 0x0000000707800000, 0x0000000707900000|  0%| F|  |TAMS 0x0000000707800000, 0x0000000707800000| Untracked 
|  89|0x0000000707900000, 0x0000000707900000, 0x0000000707a00000|  0%| F|  |TAMS 0x0000000707900000, 0x0000000707900000| Untracked 
|  90|0x0000000707a00000, 0x0000000707a00000, 0x0000000707b00000|  0%| F|  |TAMS 0x0000000707a00000, 0x0000000707a00000| Untracked 
|  91|0x0000000707b00000, 0x0000000707b00000, 0x0000000707c00000|  0%| F|  |TAMS 0x0000000707b00000, 0x0000000707b00000| Untracked 
|  92|0x0000000707c00000, 0x0000000707c00000, 0x0000000707d00000|  0%| F|  |TAMS 0x0000000707c00000, 0x0000000707c00000| Untracked 
|  93|0x0000000707d00000, 0x0000000707d00000, 0x0000000707e00000|  0%| F|  |TAMS 0x0000000707d00000, 0x0000000707d00000| Untracked 
|  94|0x0000000707e00000, 0x0000000707e00000, 0x0000000707f00000|  0%| F|  |TAMS 0x0000000707e00000, 0x0000000707e00000| Untracked 
|  95|0x0000000707f00000, 0x0000000707f00000, 0x0000000708000000|  0%| F|  |TAMS 0x0000000707f00000, 0x0000000707f00000| Untracked 
|  96|0x0000000708000000, 0x0000000708000000, 0x0000000708100000|  0%| F|  |TAMS 0x0000000708000000, 0x0000000708000000| Untracked 
|  97|0x0000000708100000, 0x0000000708100000, 0x0000000708200000|  0%| F|  |TAMS 0x0000000708100000, 0x0000000708100000| Untracked 
|  98|0x0000000708200000, 0x0000000708200000, 0x0000000708300000|  0%| F|  |TAMS 0x0000000708200000, 0x0000000708200000| Untracked 
|  99|0x0000000708300000, 0x0000000708300000, 0x0000000708400000|  0%| F|  |TAMS 0x0000000708300000, 0x0000000708300000| Untracked 
| 100|0x0000000708400000, 0x0000000708400000, 0x0000000708500000|  0%| F|  |TAMS 0x0000000708400000, 0x0000000708400000| Untracked 
| 101|0x0000000708500000, 0x0000000708500000, 0x0000000708600000|  0%| F|  |TAMS 0x0000000708500000, 0x0000000708500000| Untracked 
| 102|0x0000000708600000, 0x0000000708600000, 0x0000000708700000|  0%| F|  |TAMS 0x0000000708600000, 0x0000000708600000| Untracked 
| 103|0x0000000708700000, 0x0000000708700000, 0x0000000708800000|  0%| F|  |TAMS 0x0000000708700000, 0x0000000708700000| Untracked 
| 104|0x0000000708800000, 0x0000000708800000, 0x0000000708900000|  0%| F|  |TAMS 0x0000000708800000, 0x0000000708800000| Untracked 
| 105|0x0000000708900000, 0x0000000708900000, 0x0000000708a00000|  0%| F|  |TAMS 0x0000000708900000, 0x0000000708900000| Untracked 
| 106|0x0000000708a00000, 0x0000000708a00000, 0x0000000708b00000|  0%| F|  |TAMS 0x0000000708a00000, 0x0000000708a00000| Untracked 
| 107|0x0000000708b00000, 0x0000000708b00000, 0x0000000708c00000|  0%| F|  |TAMS 0x0000000708b00000, 0x0000000708b00000| Untracked 
| 108|0x0000000708c00000, 0x0000000708c00000, 0x0000000708d00000|  0%| F|  |TAMS 0x0000000708c00000, 0x0000000708c00000| Untracked 
| 109|0x0000000708d00000, 0x0000000708d00000, 0x0000000708e00000|  0%| F|  |TAMS 0x0000000708d00000, 0x0000000708d00000| Untracked 
| 110|0x0000000708e00000, 0x0000000708e00000, 0x0000000708f00000|  0%| F|  |TAMS 0x0000000708e00000, 0x0000000708e00000| Untracked 
| 111|0x0000000708f00000, 0x0000000708f00000, 0x0000000709000000|  0%| F|  |TAMS 0x0000000708f00000, 0x0000000708f00000| Untracked 
| 112|0x0000000709000000, 0x0000000709000000, 0x0000000709100000|  0%| F|  |TAMS 0x0000000709000000, 0x0000000709000000| Untracked 
| 113|0x0000000709100000, 0x0000000709100000, 0x0000000709200000|  0%| F|  |TAMS 0x0000000709100000, 0x0000000709100000| Untracked 
| 114|0x0000000709200000, 0x0000000709200000, 0x0000000709300000|  0%| F|  |TAMS 0x0000000709200000, 0x0000000709200000| Untracked 
| 115|0x0000000709300000, 0x0000000709300000, 0x0000000709400000|  0%| F|  |TAMS 0x0000000709300000, 0x0000000709300000| Untracked 
| 116|0x0000000709400000, 0x0000000709400000, 0x0000000709500000|  0%| F|  |TAMS 0x0000000709400000, 0x0000000709400000| Untracked 
| 117|0x0000000709500000, 0x0000000709500000, 0x0000000709600000|  0%| F|  |TAMS 0x0000000709500000, 0x0000000709500000| Untracked 
| 118|0x0000000709600000, 0x0000000709600000, 0x0000000709700000|  0%| F|  |TAMS 0x0000000709600000, 0x0000000709600000| Untracked 
| 119|0x0000000709700000, 0x0000000709700000, 0x0000000709800000|  0%| F|  |TAMS 0x0000000709700000, 0x0000000709700000| Untracked 
| 120|0x0000000709800000, 0x0000000709800000, 0x0000000709900000|  0%| F|  |TAMS 0x0000000709800000, 0x0000000709800000| Untracked 
| 121|0x0000000709900000, 0x0000000709900000, 0x0000000709a00000|  0%| F|  |TAMS 0x0000000709900000, 0x0000000709900000| Untracked 
| 122|0x0000000709a00000, 0x0000000709a00000, 0x0000000709b00000|  0%| F|  |TAMS 0x0000000709a00000, 0x0000000709a00000| Untracked 
| 123|0x0000000709b00000, 0x0000000709b00000, 0x0000000709c00000|  0%| F|  |TAMS 0x0000000709b00000, 0x0000000709b00000| Untracked 
| 124|0x0000000709c00000, 0x0000000709c00000, 0x0000000709d00000|  0%| F|  |TAMS 0x0000000709c00000, 0x0000000709c00000| Untracked 
| 125|0x0000000709d00000, 0x0000000709d00000, 0x0000000709e00000|  0%| F|  |TAMS 0x0000000709d00000, 0x0000000709d00000| Untracked 
| 126|0x0000000709e00000, 0x0000000709e00000, 0x0000000709f00000|  0%| F|  |TAMS 0x0000000709e00000, 0x0000000709e00000| Untracked 
| 127|0x0000000709f00000, 0x0000000709f00000, 0x000000070a000000|  0%| F|  |TAMS 0x0000000709f00000, 0x0000000709f00000| Untracked 
| 128|0x000000070a000000, 0x000000070a000000, 0x000000070a100000|  0%| F|  |TAMS 0x000000070a000000, 0x000000070a000000| Untracked 
| 129|0x000000070a100000, 0x000000070a100000, 0x000000070a200000|  0%| F|  |TAMS 0x000000070a100000, 0x000000070a100000| Untracked 
| 130|0x000000070a200000, 0x000000070a200000, 0x000000070a300000|  0%| F|  |TAMS 0x000000070a200000, 0x000000070a200000| Untracked 
| 131|0x000000070a300000, 0x000000070a300000, 0x000000070a400000|  0%| F|  |TAMS 0x000000070a300000, 0x000000070a300000| Untracked 
| 132|0x000000070a400000, 0x000000070a400000, 0x000000070a500000|  0%| F|  |TAMS 0x000000070a400000, 0x000000070a400000| Untracked 
| 133|0x000000070a500000, 0x000000070a500000, 0x000000070a600000|  0%| F|  |TAMS 0x000000070a500000, 0x000000070a500000| Untracked 
| 134|0x000000070a600000, 0x000000070a600000, 0x000000070a700000|  0%| F|  |TAMS 0x000000070a600000, 0x000000070a600000| Untracked 
| 135|0x000000070a700000, 0x000000070a700000, 0x000000070a800000|  0%| F|  |TAMS 0x000000070a700000, 0x000000070a700000| Untracked 
| 136|0x000000070a800000, 0x000000070a800000, 0x000000070a900000|  0%| F|  |TAMS 0x000000070a800000, 0x000000070a800000| Untracked 
| 137|0x000000070a900000, 0x000000070a900000, 0x000000070aa00000|  0%| F|  |TAMS 0x000000070a900000, 0x000000070a900000| Untracked 
| 138|0x000000070aa00000, 0x000000070aa00000, 0x000000070ab00000|  0%| F|  |TAMS 0x000000070aa00000, 0x000000070aa00000| Untracked 
| 139|0x000000070ab00000, 0x000000070ab00000, 0x000000070ac00000|  0%| F|  |TAMS 0x000000070ab00000, 0x000000070ab00000| Untracked 
| 140|0x000000070ac00000, 0x000000070ac00000, 0x000000070ad00000|  0%| F|  |TAMS 0x000000070ac00000, 0x000000070ac00000| Untracked 
| 141|0x000000070ad00000, 0x000000070ad00000, 0x000000070ae00000|  0%| F|  |TAMS 0x000000070ad00000, 0x000000070ad00000| Untracked 
| 142|0x000000070ae00000, 0x000000070ae00000, 0x000000070af00000|  0%| F|  |TAMS 0x000000070ae00000, 0x000000070ae00000| Untracked 
| 143|0x000000070af00000, 0x000000070af00000, 0x000000070b000000|  0%| F|  |TAMS 0x000000070af00000, 0x000000070af00000| Untracked 
| 144|0x000000070b000000, 0x000000070b000000, 0x000000070b100000|  0%| F|  |TAMS 0x000000070b000000, 0x000000070b000000| Untracked 
| 145|0x000000070b100000, 0x000000070b100000, 0x000000070b200000|  0%| F|  |TAMS 0x000000070b100000, 0x000000070b100000| Untracked 
| 146|0x000000070b200000, 0x000000070b200000, 0x000000070b300000|  0%| F|  |TAMS 0x000000070b200000, 0x000000070b200000| Untracked 
| 147|0x000000070b300000, 0x000000070b300000, 0x000000070b400000|  0%| F|  |TAMS 0x000000070b300000, 0x000000070b300000| Untracked 
| 148|0x000000070b400000, 0x000000070b400000, 0x000000070b500000|  0%| F|  |TAMS 0x000000070b400000, 0x000000070b400000| Untracked 
| 149|0x000000070b500000, 0x000000070b500000, 0x000000070b600000|  0%| F|  |TAMS 0x000000070b500000, 0x000000070b500000| Untracked 
| 150|0x000000070b600000, 0x000000070b600000, 0x000000070b700000|  0%| F|  |TAMS 0x000000070b600000, 0x000000070b600000| Untracked 
| 151|0x000000070b700000, 0x000000070b700000, 0x000000070b800000|  0%| F|  |TAMS 0x000000070b700000, 0x000000070b700000| Untracked 
| 152|0x000000070b800000, 0x000000070b800000, 0x000000070b900000|  0%| F|  |TAMS 0x000000070b800000, 0x000000070b800000| Untracked 
| 153|0x000000070b900000, 0x000000070b900000, 0x000000070ba00000|  0%| F|  |TAMS 0x000000070b900000, 0x000000070b900000| Untracked 
| 154|0x000000070ba00000, 0x000000070ba00000, 0x000000070bb00000|  0%| F|  |TAMS 0x000000070ba00000, 0x000000070ba00000| Untracked 
| 155|0x000000070bb00000, 0x000000070bb00000, 0x000000070bc00000|  0%| F|  |TAMS 0x000000070bb00000, 0x000000070bb00000| Untracked 
| 156|0x000000070bc00000, 0x000000070bc00000, 0x000000070bd00000|  0%| F|  |TAMS 0x000000070bc00000, 0x000000070bc00000| Untracked 
| 157|0x000000070bd00000, 0x000000070bd00000, 0x000000070be00000|  0%| F|  |TAMS 0x000000070bd00000, 0x000000070bd00000| Untracked 
| 158|0x000000070be00000, 0x000000070be00000, 0x000000070bf00000|  0%| F|  |TAMS 0x000000070be00000, 0x000000070be00000| Untracked 
| 159|0x000000070bf00000, 0x000000070bf00000, 0x000000070c000000|  0%| F|  |TAMS 0x000000070bf00000, 0x000000070bf00000| Untracked 
| 160|0x000000070c000000, 0x000000070c000000, 0x000000070c100000|  0%| F|  |TAMS 0x000000070c000000, 0x000000070c000000| Untracked 
| 161|0x000000070c100000, 0x000000070c100000, 0x000000070c200000|  0%| F|  |TAMS 0x000000070c100000, 0x000000070c100000| Untracked 
| 162|0x000000070c200000, 0x000000070c200000, 0x000000070c300000|  0%| F|  |TAMS 0x000000070c200000, 0x000000070c200000| Untracked 
| 163|0x000000070c300000, 0x000000070c300000, 0x000000070c400000|  0%| F|  |TAMS 0x000000070c300000, 0x000000070c300000| Untracked 
| 164|0x000000070c400000, 0x000000070c400000, 0x000000070c500000|  0%| F|  |TAMS 0x000000070c400000, 0x000000070c400000| Untracked 
| 165|0x000000070c500000, 0x000000070c500000, 0x000000070c600000|  0%| F|  |TAMS 0x000000070c500000, 0x000000070c500000| Untracked 
| 166|0x000000070c600000, 0x000000070c600000, 0x000000070c700000|  0%| F|  |TAMS 0x000000070c600000, 0x000000070c600000| Untracked 
| 167|0x000000070c700000, 0x000000070c700000, 0x000000070c800000|  0%| F|  |TAMS 0x000000070c700000, 0x000000070c700000| Untracked 
| 168|0x000000070c800000, 0x000000070c800000, 0x000000070c900000|  0%| F|  |TAMS 0x000000070c800000, 0x000000070c800000| Untracked 
| 169|0x000000070c900000, 0x000000070c900000, 0x000000070ca00000|  0%| F|  |TAMS 0x000000070c900000, 0x000000070c900000| Untracked 
| 170|0x000000070ca00000, 0x000000070ca00000, 0x000000070cb00000|  0%| F|  |TAMS 0x000000070ca00000, 0x000000070ca00000| Untracked 
| 171|0x000000070cb00000, 0x000000070cb00000, 0x000000070cc00000|  0%| F|  |TAMS 0x000000070cb00000, 0x000000070cb00000| Untracked 
| 172|0x000000070cc00000, 0x000000070cc00000, 0x000000070cd00000|  0%| F|  |TAMS 0x000000070cc00000, 0x000000070cc00000| Untracked 
| 173|0x000000070cd00000, 0x000000070cd00000, 0x000000070ce00000|  0%| F|  |TAMS 0x000000070cd00000, 0x000000070cd00000| Untracked 
| 174|0x000000070ce00000, 0x000000070ce00000, 0x000000070cf00000|  0%| F|  |TAMS 0x000000070ce00000, 0x000000070ce00000| Untracked 
| 175|0x000000070cf00000, 0x000000070cf00000, 0x000000070d000000|  0%| F|  |TAMS 0x000000070cf00000, 0x000000070cf00000| Untracked 
| 176|0x000000070d000000, 0x000000070d000000, 0x000000070d100000|  0%| F|  |TAMS 0x000000070d000000, 0x000000070d000000| Untracked 
| 177|0x000000070d100000, 0x000000070d100000, 0x000000070d200000|  0%| F|  |TAMS 0x000000070d100000, 0x000000070d100000| Untracked 
| 178|0x000000070d200000, 0x000000070d200000, 0x000000070d300000|  0%| F|  |TAMS 0x000000070d200000, 0x000000070d200000| Untracked 
| 179|0x000000070d300000, 0x000000070d300000, 0x000000070d400000|  0%| F|  |TAMS 0x000000070d300000, 0x000000070d300000| Untracked 
| 180|0x000000070d400000, 0x000000070d400000, 0x000000070d500000|  0%| F|  |TAMS 0x000000070d400000, 0x000000070d400000| Untracked 
| 181|0x000000070d500000, 0x000000070d500000, 0x000000070d600000|  0%| F|  |TAMS 0x000000070d500000, 0x000000070d500000| Untracked 
| 182|0x000000070d600000, 0x000000070d600000, 0x000000070d700000|  0%| F|  |TAMS 0x000000070d600000, 0x000000070d600000| Untracked 
| 183|0x000000070d700000, 0x000000070d700000, 0x000000070d800000|  0%| F|  |TAMS 0x000000070d700000, 0x000000070d700000| Untracked 
| 184|0x000000070d800000, 0x000000070d800000, 0x000000070d900000|  0%| F|  |TAMS 0x000000070d800000, 0x000000070d800000| Untracked 
| 185|0x000000070d900000, 0x000000070d900000, 0x000000070da00000|  0%| F|  |TAMS 0x000000070d900000, 0x000000070d900000| Untracked 
| 186|0x000000070da00000, 0x000000070da00000, 0x000000070db00000|  0%| F|  |TAMS 0x000000070da00000, 0x000000070da00000| Untracked 
| 187|0x000000070db00000, 0x000000070db00000, 0x000000070dc00000|  0%| F|  |TAMS 0x000000070db00000, 0x000000070db00000| Untracked 
| 188|0x000000070dc00000, 0x000000070dc00000, 0x000000070dd00000|  0%| F|  |TAMS 0x000000070dc00000, 0x000000070dc00000| Untracked 
| 189|0x000000070dd00000, 0x000000070dd00000, 0x000000070de00000|  0%| F|  |TAMS 0x000000070dd00000, 0x000000070dd00000| Untracked 
| 190|0x000000070de00000, 0x000000070de00000, 0x000000070df00000|  0%| F|  |TAMS 0x000000070de00000, 0x000000070de00000| Untracked 
| 191|0x000000070df00000, 0x000000070df00000, 0x000000070e000000|  0%| F|  |TAMS 0x000000070df00000, 0x000000070df00000| Untracked 
| 192|0x000000070e000000, 0x000000070e000000, 0x000000070e100000|  0%| F|  |TAMS 0x000000070e000000, 0x000000070e000000| Untracked 
| 193|0x000000070e100000, 0x000000070e100000, 0x000000070e200000|  0%| F|  |TAMS 0x000000070e100000, 0x000000070e100000| Untracked 
| 194|0x000000070e200000, 0x000000070e200000, 0x000000070e300000|  0%| F|  |TAMS 0x000000070e200000, 0x000000070e200000| Untracked 
| 195|0x000000070e300000, 0x000000070e300000, 0x000000070e400000|  0%| F|  |TAMS 0x000000070e300000, 0x000000070e300000| Untracked 
| 196|0x000000070e400000, 0x000000070e400000, 0x000000070e500000|  0%| F|  |TAMS 0x000000070e400000, 0x000000070e400000| Untracked 
| 197|0x000000070e500000, 0x000000070e500000, 0x000000070e600000|  0%| F|  |TAMS 0x000000070e500000, 0x000000070e500000| Untracked 
| 198|0x000000070e600000, 0x000000070e600000, 0x000000070e700000|  0%| F|  |TAMS 0x000000070e600000, 0x000000070e600000| Untracked 
| 199|0x000000070e700000, 0x000000070e700000, 0x000000070e800000|  0%| F|  |TAMS 0x000000070e700000, 0x000000070e700000| Untracked 
| 200|0x000000070e800000, 0x000000070e800000, 0x000000070e900000|  0%| F|  |TAMS 0x000000070e800000, 0x000000070e800000| Untracked 
| 201|0x000000070e900000, 0x000000070e900000, 0x000000070ea00000|  0%| F|  |TAMS 0x000000070e900000, 0x000000070e900000| Untracked 
| 202|0x000000070ea00000, 0x000000070ea00000, 0x000000070eb00000|  0%| F|  |TAMS 0x000000070ea00000, 0x000000070ea00000| Untracked 
| 203|0x000000070eb00000, 0x000000070eb00000, 0x000000070ec00000|  0%| F|  |TAMS 0x000000070eb00000, 0x000000070eb00000| Untracked 
| 204|0x000000070ec00000, 0x000000070ec00000, 0x000000070ed00000|  0%| F|  |TAMS 0x000000070ec00000, 0x000000070ec00000| Untracked 
| 205|0x000000070ed00000, 0x000000070ed00000, 0x000000070ee00000|  0%| F|  |TAMS 0x000000070ed00000, 0x000000070ed00000| Untracked 
| 206|0x000000070ee00000, 0x000000070ee00000, 0x000000070ef00000|  0%| F|  |TAMS 0x000000070ee00000, 0x000000070ee00000| Untracked 
| 207|0x000000070ef00000, 0x000000070ef00000, 0x000000070f000000|  0%| F|  |TAMS 0x000000070ef00000, 0x000000070ef00000| Untracked 
| 208|0x000000070f000000, 0x000000070f000000, 0x000000070f100000|  0%| F|  |TAMS 0x000000070f000000, 0x000000070f000000| Untracked 
| 209|0x000000070f100000, 0x000000070f100000, 0x000000070f200000|  0%| F|  |TAMS 0x000000070f100000, 0x000000070f100000| Untracked 
| 210|0x000000070f200000, 0x000000070f200000, 0x000000070f300000|  0%| F|  |TAMS 0x000000070f200000, 0x000000070f200000| Untracked 
| 211|0x000000070f300000, 0x000000070f300000, 0x000000070f400000|  0%| F|  |TAMS 0x000000070f300000, 0x000000070f300000| Untracked 
| 212|0x000000070f400000, 0x000000070f400000, 0x000000070f500000|  0%| F|  |TAMS 0x000000070f400000, 0x000000070f400000| Untracked 
| 213|0x000000070f500000, 0x000000070f500000, 0x000000070f600000|  0%| F|  |TAMS 0x000000070f500000, 0x000000070f500000| Untracked 
| 214|0x000000070f600000, 0x000000070f600000, 0x000000070f700000|  0%| F|  |TAMS 0x000000070f600000, 0x000000070f600000| Untracked 
| 215|0x000000070f700000, 0x000000070f700000, 0x000000070f800000|  0%| F|  |TAMS 0x000000070f700000, 0x000000070f700000| Untracked 
| 216|0x000000070f800000, 0x000000070f800000, 0x000000070f900000|  0%| F|  |TAMS 0x000000070f800000, 0x000000070f800000| Untracked 
| 217|0x000000070f900000, 0x000000070f900000, 0x000000070fa00000|  0%| F|  |TAMS 0x000000070f900000, 0x000000070f900000| Untracked 
| 218|0x000000070fa00000, 0x000000070fa00000, 0x000000070fb00000|  0%| F|  |TAMS 0x000000070fa00000, 0x000000070fa00000| Untracked 
| 219|0x000000070fb00000, 0x000000070fb00000, 0x000000070fc00000|  0%| F|  |TAMS 0x000000070fb00000, 0x000000070fb00000| Untracked 
| 220|0x000000070fc00000, 0x000000070fc00000, 0x000000070fd00000|  0%| F|  |TAMS 0x000000070fc00000, 0x000000070fc00000| Untracked 
| 221|0x000000070fd00000, 0x000000070fd00000, 0x000000070fe00000|  0%| F|  |TAMS 0x000000070fd00000, 0x000000070fd00000| Untracked 
| 222|0x000000070fe00000, 0x000000070fe00000, 0x000000070ff00000|  0%| F|  |TAMS 0x000000070fe00000, 0x000000070fe00000| Untracked 
| 223|0x000000070ff00000, 0x000000070ff00000, 0x0000000710000000|  0%| F|  |TAMS 0x000000070ff00000, 0x000000070ff00000| Untracked 
| 224|0x0000000710000000, 0x0000000710000000, 0x0000000710100000|  0%| F|  |TAMS 0x0000000710000000, 0x0000000710000000| Untracked 
| 225|0x0000000710100000, 0x0000000710100000, 0x0000000710200000|  0%| F|  |TAMS 0x0000000710100000, 0x0000000710100000| Untracked 
| 226|0x0000000710200000, 0x0000000710200000, 0x0000000710300000|  0%| F|  |TAMS 0x0000000710200000, 0x0000000710200000| Untracked 
| 227|0x0000000710300000, 0x0000000710373bc8, 0x0000000710400000| 45%| S|CS|TAMS 0x0000000710300000, 0x0000000710300000| Complete 
| 228|0x0000000710400000, 0x0000000710500000, 0x0000000710500000|100%| S|CS|TAMS 0x0000000710400000, 0x0000000710400000| Complete 
| 229|0x0000000710500000, 0x0000000710600000, 0x0000000710600000|100%| S|CS|TAMS 0x0000000710500000, 0x0000000710500000| Complete 
| 230|0x0000000710600000, 0x0000000710600000, 0x0000000710700000|  0%| F|  |TAMS 0x0000000710600000, 0x0000000710600000| Untracked 
| 231|0x0000000710700000, 0x0000000710700000, 0x0000000710800000|  0%| F|  |TAMS 0x0000000710700000, 0x0000000710700000| Untracked 
| 232|0x0000000710800000, 0x0000000710800000, 0x0000000710900000|  0%| F|  |TAMS 0x0000000710800000, 0x0000000710800000| Untracked 
| 233|0x0000000710900000, 0x0000000710900000, 0x0000000710a00000|  0%| F|  |TAMS 0x0000000710900000, 0x0000000710900000| Untracked 
| 234|0x0000000710a00000, 0x0000000710a00000, 0x0000000710b00000|  0%| F|  |TAMS 0x0000000710a00000, 0x0000000710a00000| Untracked 
| 235|0x0000000710b00000, 0x0000000710b00000, 0x0000000710c00000|  0%| F|  |TAMS 0x0000000710b00000, 0x0000000710b00000| Untracked 
| 236|0x0000000710c00000, 0x0000000710c00000, 0x0000000710d00000|  0%| F|  |TAMS 0x0000000710c00000, 0x0000000710c00000| Untracked 
| 237|0x0000000710d00000, 0x0000000710d00000, 0x0000000710e00000|  0%| F|  |TAMS 0x0000000710d00000, 0x0000000710d00000| Untracked 
| 238|0x0000000710e00000, 0x0000000710e00000, 0x0000000710f00000|  0%| F|  |TAMS 0x0000000710e00000, 0x0000000710e00000| Untracked 
| 239|0x0000000710f00000, 0x0000000710f00000, 0x0000000711000000|  0%| F|  |TAMS 0x0000000710f00000, 0x0000000710f00000| Untracked 
| 240|0x0000000711000000, 0x0000000711000000, 0x0000000711100000|  0%| F|  |TAMS 0x0000000711000000, 0x0000000711000000| Untracked 
| 241|0x0000000711100000, 0x0000000711100000, 0x0000000711200000|  0%| F|  |TAMS 0x0000000711100000, 0x0000000711100000| Untracked 
| 242|0x0000000711200000, 0x0000000711200000, 0x0000000711300000|  0%| F|  |TAMS 0x0000000711200000, 0x0000000711200000| Untracked 
| 243|0x0000000711300000, 0x0000000711300000, 0x0000000711400000|  0%| F|  |TAMS 0x0000000711300000, 0x0000000711300000| Untracked 
| 244|0x0000000711400000, 0x0000000711400000, 0x0000000711500000|  0%| F|  |TAMS 0x0000000711400000, 0x0000000711400000| Untracked 
| 245|0x0000000711500000, 0x0000000711500000, 0x0000000711600000|  0%| F|  |TAMS 0x0000000711500000, 0x0000000711500000| Untracked 
| 246|0x0000000711600000, 0x0000000711600000, 0x0000000711700000|  0%| F|  |TAMS 0x0000000711600000, 0x0000000711600000| Untracked 
| 247|0x0000000711700000, 0x0000000711700000, 0x0000000711800000|  0%| F|  |TAMS 0x0000000711700000, 0x0000000711700000| Untracked 
| 248|0x0000000711800000, 0x0000000711800000, 0x0000000711900000|  0%| F|  |TAMS 0x0000000711800000, 0x0000000711800000| Untracked 
| 249|0x0000000711900000, 0x0000000711900800, 0x0000000711a00000|  0%| E|  |TAMS 0x0000000711900000, 0x0000000711900000| Complete 
| 250|0x0000000711a00000, 0x0000000711b00000, 0x0000000711b00000|100%| E|CS|TAMS 0x0000000711a00000, 0x0000000711a00000| Complete 
| 251|0x0000000711b00000, 0x0000000711c00000, 0x0000000711c00000|100%| E|CS|TAMS 0x0000000711b00000, 0x0000000711b00000| Complete 
| 252|0x0000000711c00000, 0x0000000711d00000, 0x0000000711d00000|100%| E|CS|TAMS 0x0000000711c00000, 0x0000000711c00000| Complete 
| 253|0x0000000711d00000, 0x0000000711e00000, 0x0000000711e00000|100%| E|CS|TAMS 0x0000000711d00000, 0x0000000711d00000| Complete 

Card table byte_map: [0x00000159a03c0000,0x00000159a0bb0000] _byte_map_base: 0x000001599cbb0000

Marking Bits (Prev, Next): (CMBitMap*) 0x000001598aca9868, (CMBitMap*) 0x000001598aca98a0
 Prev Bits: [0x00000159a13a0000, 0x00000159a5320000)
 Next Bits: [0x00000159a5320000, 0x00000159a92a0000)

Polling page: 0x000001598ad10000

Metaspace:

Usage:
  Non-class:     12.13 MB capacity,    11.98 MB ( 99%) used,   140.14 KB (  1%) free+waste,    15.19 KB ( <1%) overhead. 
      Class:      1.08 MB capacity,     1.03 MB ( 95%) used,    46.51 KB (  4%) free+waste,     6.00 KB ( <1%) overhead. 
       Both:     13.21 MB capacity,    13.01 MB ( 98%) used,   186.65 KB (  1%) free+waste,    21.19 KB ( <1%) overhead. 

Virtual space:
  Non-class space:       14.00 MB reserved,      12.25 MB ( 88%) committed 
      Class space:        1.00 GB reserved,       1.13 MB ( <1%) committed 
             Both:        1.01 GB reserved,      13.38 MB (  1%) committed 

Chunk freelists:
   Non-Class:  121.00 KB
       Class:  12.00 KB
        Both:  133.00 KB

MaxMetaspaceSize: 17179869184.00 GB
CompressedClassSpaceSize: 1.00 GB
Initial GC threshold: 20.80 MB
Current GC threshold: 20.80 MB
CDS: off

CodeHeap 'non-profiled nmethods': size=120000Kb used=835Kb max_used=835Kb free=119164Kb
 bounds [0x0000015997a20000, 0x0000015997c90000, 0x000001599ef50000]
CodeHeap 'profiled nmethods': size=120000Kb used=2493Kb max_used=2493Kb free=117506Kb
 bounds [0x00000159904f0000, 0x0000015990760000, 0x0000015997a20000]
CodeHeap 'non-nmethods': size=5760Kb used=1632Kb max_used=1673Kb free=4127Kb
 bounds [0x000001598ff50000, 0x00000159901c0000, 0x00000159904f0000]
 total_blobs=2448 nmethods=1421 adapters=940
 compilation: enabled
              stopped_count=0, restarted_count=0
 full_count=0

Compilation events (20 events):
Event: 12.310 Thread 0x00000159ac965000 1411       3       sun.misc.Unsafe::getInt (9 bytes)
Event: 12.310 Thread 0x00000159ac965000 nmethod 1411 0x000001599075e010 code [0x000001599075e1c0, 0x000001599075e2b8]
Event: 12.559 Thread 0x00000159ac95f000 1412       4       com.badlogic.gdx.math.Matrix4::det (444 bytes)
Event: 12.560 Thread 0x00000159ac95f000 nmethod 1412 0x0000015997ae9390 code [0x0000015997ae9520, 0x0000015997ae9778]
Event: 12.708 Thread 0x00000159ac95f000 1413       4       com.mygdx.game.Sprites.Sugar::draw (22 bytes)
Event: 12.711 Thread 0x00000159ac95f000 nmethod 1413 0x0000015997ae9810 code [0x0000015997ae9a00, 0x0000015997ae9e38]
Event: 13.159 Thread 0x00000159ac95f000 1414       4       com.badlogic.gdx.physics.box2d.Body::getLinearVelocity (43 bytes)
Event: 13.160 Thread 0x00000159ac95f000 nmethod 1414 0x0000015997aea210 code [0x0000015997aea3c0, 0x0000015997aea4c8]
Event: 13.559 Thread 0x00000159ac965000 1415       3       org.lwjgl.system.MemoryUtil::memGetInt (9 bytes)
Event: 13.559 Thread 0x00000159ac965000 nmethod 1415 0x000001599075e390 code [0x000001599075e540, 0x000001599075e718]
Event: 13.659 Thread 0x00000159ac95f000 1416       4       com.badlogic.gdx.maps.tiled.renderers.BatchTiledMapRenderer::renderMapLayer (108 bytes)
Event: 13.660 Thread 0x00000159ac95f000 nmethod 1416 0x0000015997aea610 code [0x0000015997aea7c0, 0x0000015997aea8d8]
Event: 13.909 Thread 0x00000159ac95f000 1417       4       com.badlogic.gdx.graphics.Mesh::render (323 bytes)
Event: 13.953 Thread 0x00000159ac95f000 nmethod 1417 0x0000015997aeaa90 code [0x0000015997aeae20, 0x0000015997aedb90]
Event: 14.059 Thread 0x00000159ac95f000 1418       4       com.badlogic.gdx.utils.BufferUtils::copy (45 bytes)
Event: 14.061 Thread 0x00000159ac95f000 nmethod 1418 0x0000015997af0390 code [0x0000015997af0540, 0x0000015997af06c8]
Event: 14.293 Thread 0x00000159ac965000 1420       3       com.badlogic.gdx.utils.FloatArray::add (48 bytes)
Event: 14.294 Thread 0x00000159ac965000 nmethod 1420 0x000001599075e810 code [0x000001599075ea20, 0x000001599075ef88]
Event: 14.294 Thread 0x00000159ac965000 1421       3       com.badlogic.gdx.graphics.g2d.GlyphLayout::getGlyphWidth (21 bytes)
Event: 14.294 Thread 0x00000159ac965000 nmethod 1421 0x000001599075f190 code [0x000001599075f340, 0x000001599075f478]

GC Heap History (2 events):
Event: 0.736 GC heap before
{Heap before GC invocations=0 (full 0):
 garbage-first heap   total 260096K, used 23552K [0x0000000702000000, 0x0000000800000000)
  region size 1024K, 24 young (24576K), 0 survivors (0K)
 Metaspace       used 12298K, capacity 12507K, committed 12928K, reserved 1060864K
  class space    used 975K, capacity 1044K, committed 1152K, reserved 1048576K
}
Event: 0.738 GC heap after
{Heap after GC invocations=1 (full 0):
 garbage-first heap   total 260096K, used 2510K [0x0000000702000000, 0x0000000800000000)
  region size 1024K, 3 young (3072K), 3 survivors (3072K)
 Metaspace       used 12298K, capacity 12507K, committed 12928K, reserved 1060864K
  class space    used 975K, capacity 1044K, committed 1152K, reserved 1048576K
}

Deoptimization events (20 events):
Event: 9.158 Thread 0x000001598ac43000 DEOPT PACKING pc=0x00000159906b6474 sp=0x000000549a9fedf0
Event: 9.158 Thread 0x000001598ac43000 DEOPT UNPACKING pc=0x000001598ff99d0e sp=0x000000549a9fe280 mode 0
Event: 10.026 Thread 0x000001598ac43000 Uncommon trap: trap_request=0xffffff4d fr.pc=0x0000015997aaaa88 relative=0x0000000000008848
Event: 10.026 Thread 0x000001598ac43000 Uncommon trap: reason=unstable_if action=reinterpret pc=0x0000015997aaaa88 method=com.badlogic.gdx.maps.tiled.renderers.OrthogonalTiledMapRenderer.renderTileLayer(Lcom/badlogic/gdx/maps/tiled/TiledMapTileLayer;)V @ 286 c2
Event: 10.026 Thread 0x000001598ac43000 DEOPT PACKING pc=0x0000015997aaaa88 sp=0x000000549a9fec70
Event: 10.026 Thread 0x000001598ac43000 DEOPT UNPACKING pc=0x000001598ff585af sp=0x000000549a9fed10 mode 2
Event: 10.141 Thread 0x000001598ac43000 DEOPT PACKING pc=0x000001599075a9b9 sp=0x000000549a9fedf0
Event: 10.141 Thread 0x000001598ac43000 DEOPT UNPACKING pc=0x000001598ff99d0e sp=0x000000549a9fe208 mode 0
Event: 10.308 Thread 0x000001598ac43000 DEOPT PACKING pc=0x000001599075a9b9 sp=0x000000549a9fedf0
Event: 10.308 Thread 0x000001598ac43000 DEOPT UNPACKING pc=0x000001598ff99d0e sp=0x000000549a9fe208 mode 0
Event: 10.475 Thread 0x000001598ac43000 DEOPT PACKING pc=0x000001599075a9b9 sp=0x000000549a9fedf0
Event: 10.475 Thread 0x000001598ac43000 DEOPT UNPACKING pc=0x000001598ff99d0e sp=0x000000549a9fe208 mode 0
Event: 10.641 Thread 0x000001598ac43000 DEOPT PACKING pc=0x000001599075a9b9 sp=0x000000549a9fedf0
Event: 10.641 Thread 0x000001598ac43000 DEOPT UNPACKING pc=0x000001598ff99d0e sp=0x000000549a9fe208 mode 0
Event: 10.776 Thread 0x000001598ac43000 DEOPT PACKING pc=0x0000015990711a67 sp=0x000000549a9fef00
Event: 10.776 Thread 0x000001598ac43000 DEOPT UNPACKING pc=0x000001598ff99d0e sp=0x000000549a9fe3f8 mode 0
Event: 10.808 Thread 0x000001598ac43000 DEOPT PACKING pc=0x000001599075a9b9 sp=0x000000549a9fedf0
Event: 10.808 Thread 0x000001598ac43000 DEOPT UNPACKING pc=0x000001598ff99d0e sp=0x000000549a9fe208 mode 0
Event: 10.975 Thread 0x000001598ac43000 DEOPT PACKING pc=0x000001599075a9b9 sp=0x000000549a9fedf0
Event: 10.975 Thread 0x000001598ac43000 DEOPT UNPACKING pc=0x000001598ff99d0e sp=0x000000549a9fe208 mode 0

Classes redefined (0 events):
No events

Internal exceptions (20 events):
Event: 0.320 Thread 0x000001598ac43000 Exception <a 'java/security/PrivilegedActionException'{0x00000007110075d0}> (0x00000007110075d0) thrown at [./src/hotspot/share/prims/jvm.cpp, line 1306]
Event: 0.320 Thread 0x000001598ac43000 Exception <a 'java/security/PrivilegedActionException'{0x00000007110078a0}> (0x00000007110078a0) thrown at [./src/hotspot/share/prims/jvm.cpp, line 1306]
Event: 0.321 Thread 0x000001598ac43000 Exception <a 'java/security/PrivilegedActionException'{0x000000071101d028}> (0x000000071101d028) thrown at [./src/hotspot/share/prims/jvm.cpp, line 1306]
Event: 0.321 Thread 0x000001598ac43000 Exception <a 'java/security/PrivilegedActionException'{0x000000071101d2f8}> (0x000000071101d2f8) thrown at [./src/hotspot/share/prims/jvm.cpp, line 1306]
Event: 0.360 Thread 0x000001598ac43000 Exception <a 'java/lang/NoSuchMethodError'{0x000000071107e618}: 'java.lang.Object java.lang.invoke.DirectMethodHandle$Holder.invokeStatic(java.lang.Object, long)'> (0x000000071107e618) thrown at [./src/hotspot/share/interpreter/linkResolver.cpp, line 773]
Event: 0.360 Thread 0x000001598ac43000 Exception <a 'java/lang/NoSuchMethodError'{0x0000000711081698}: 'java.lang.Object java.lang.invoke.DirectMethodHandle$Holder.invokeSpecial(java.lang.Object, java.lang.Object, long)'> (0x0000000711081698) thrown at [./src/hotspot/share/interpreter/linkResolver.cpp, line 773]
Event: 0.360 Thread 0x000001598ac43000 Exception <a 'java/lang/NoSuchMethodError'{0x0000000711084158}: 'java.lang.Object java.lang.invoke.Invokers$Holder.linkToTargetMethod(long, java.lang.Object)'> (0x0000000711084158) thrown at [./src/hotspot/share/interpreter/linkResolver.cpp, line 773]
Event: 0.361 Thread 0x000001598ac43000 Exception <a 'java/security/PrivilegedActionException'{0x000000071108c4b8}> (0x000000071108c4b8) thrown at [./src/hotspot/share/prims/jvm.cpp, line 1306]
Event: 0.361 Thread 0x000001598ac43000 Exception <a 'java/security/PrivilegedActionException'{0x000000071108c788}> (0x000000071108c788) thrown at [./src/hotspot/share/prims/jvm.cpp, line 1306]
Event: 0.530 Thread 0x000001598ac43000 Exception <a 'sun/nio/fs/WindowsException'{0x0000000710e13578}> (0x0000000710e13578) thrown at [./src/hotspot/share/prims/jni.cpp, line 616]
Event: 0.530 Thread 0x000001598ac43000 Exception <a 'sun/nio/fs/WindowsException'{0x0000000710e135f8}> (0x0000000710e135f8) thrown at [./src/hotspot/share/prims/jni.cpp, line 616]
Event: 0.531 Thread 0x000001598ac43000 Exception <a 'sun/nio/fs/WindowsException'{0x0000000710e46228}> (0x0000000710e46228) thrown at [./src/hotspot/share/prims/jni.cpp, line 616]
Event: 0.531 Thread 0x000001598ac43000 Exception <a 'sun/nio/fs/WindowsException'{0x0000000710e462a8}> (0x0000000710e462a8) thrown at [./src/hotspot/share/prims/jni.cpp, line 616]
Event: 0.573 Thread 0x000001598ac43000 Exception <a 'java/security/PrivilegedActionException'{0x0000000710ddb500}> (0x0000000710ddb500) thrown at [./src/hotspot/share/prims/jvm.cpp, line 1306]
Event: 0.573 Thread 0x000001598ac43000 Exception <a 'java/security/PrivilegedActionException'{0x0000000710ddb7d0}> (0x0000000710ddb7d0) thrown at [./src/hotspot/share/prims/jvm.cpp, line 1306]
Event: 0.671 Thread 0x000001598ac43000 Exception <a 'java/security/PrivilegedActionException'{0x0000000710a8dd60}> (0x0000000710a8dd60) thrown at [./src/hotspot/share/prims/jvm.cpp, line 1306]
Event: 0.671 Thread 0x000001598ac43000 Exception <a 'java/security/PrivilegedActionException'{0x0000000710a8e030}> (0x0000000710a8e030) thrown at [./src/hotspot/share/prims/jvm.cpp, line 1306]
Event: 3.361 Thread 0x000001598ac43000 Implicit null exception at 0x0000015997a9519b to 0x0000015997a955e8
Event: 3.361 Thread 0x000001598ac43000 Implicit null exception at 0x0000015997a8e59d to 0x0000015997a8fb4c
Event: 10.026 Thread 0x000001598ac43000 Implicit null exception at 0x0000015997aa2de0 to 0x0000015997aaaa20

Events (20 events):
Event: 2.244 Loaded shared library C:\Users\adams\AppData\Local\Temp\lwjgladams\3.3.1-build-7\lwjgl_opengl.dll
Event: 2.410 Loaded shared library C:\Users\adams\AppData\Local\Temp\lwjgladams\3.3.1-build-7\lwjgl_opengl.dll
Event: 2.641 Loaded shared library C:\Users\adams\AppData\Local\JetBrains\Toolbox\apps\AndroidStudio\ch-0\213.7172.25.2113.9014738\jre\bin\java.dll
Event: 2.791 Loaded shared library C:\Users\adams\AppData\Local\JetBrains\Toolbox\apps\AndroidStudio\ch-0\213.7172.25.2113.9014738\jre\bin\java.dll
Event: 2.842 Loaded shared library C:\Users\adams\AppData\Local\Temp\lwjgladams\3.3.1-build-7\lwjgl.dll
Event: 3.214 Thread 0x00000159b4b27000 Thread added: 0x00000159b4b27000
Event: 3.292 loading class com/mygdx/game/Sprites/Items/ItemDef
Event: 3.292 loading class com/mygdx/game/Sprites/Items/ItemDef done
Event: 3.292 loading class com/mygdx/game/Sprites/Items/Apple
Event: 3.292 loading class com/mygdx/game/Sprites/Items/Apple done
Event: 3.292 loading class com/mygdx/game/Sprites/Items/Item
Event: 3.292 loading class com/mygdx/game/Sprites/Items/Item done
Event: 3.361 Thread 0x00000159b4b27000 Thread exited: 0x00000159b4b27000
Event: 5.076 Loaded shared library C:\Users\adams\AppData\Local\Temp\lwjgladams\3.3.1-build-7\lwjgl_opengl.dll
Event: 5.077 Loaded shared library C:\Users\adams\AppData\Local\Temp\lwjgladams\3.3.1-build-7\lwjgl_opengl.dll
Event: 5.092 Loaded shared library C:\Users\adams\AppData\Local\Temp\libgdxadams\e787ab0a\gdx64.dll
Event: 5.093 Loaded shared library C:\Users\adams\AppData\Local\Temp\lwjgladams\3.3.1-build-7\lwjgl.dll
Event: 5.093 Loaded shared library C:\Users\adams\AppData\Local\Temp\lwjgladams\3.3.1-build-7\lwjgl.dll
Event: 5.110 Loaded shared library C:\Users\adams\AppData\Local\Temp\lwjgladams\3.3.1-build-7\lwjgl_opengl.dll
Event: 5.111 Loaded shared library C:\Users\adams\AppData\Local\Temp\lwjgladams\3.3.1-build-7\lwjgl_opengl.dll


Dynamic libraries:
0x00007ff7ff630000 - 0x00007ff7ff63a000 	C:\Users\adams\AppData\Local\JetBrains\Toolbox\apps\AndroidStudio\ch-0\213.7172.25.2113.9014738\jre\bin\java.exe
0x00007ff9cba30000 - 0x00007ff9cbc28000 	C:\WINDOWS\SYSTEM32\ntdll.dll
0x00007ff9c9db0000 - 0x00007ff9c9e6f000 	C:\WINDOWS\System32\KERNEL32.DLL
0x00007ff9c9120000 - 0x00007ff9c93f2000 	C:\WINDOWS\System32\KERNELBASE.dll
0x00007ff9c6940000 - 0x00007ff9c69d1000 	C:\WINDOWS\SYSTEM32\apphelp.dll
0x00007ff9c9560000 - 0x00007ff9c9660000 	C:\WINDOWS\System32\ucrtbase.dll
0x00007ff9bea50000 - 0x00007ff9bea69000 	C:\Users\adams\AppData\Local\JetBrains\Toolbox\apps\AndroidStudio\ch-0\213.7172.25.2113.9014738\jre\bin\jli.dll
0x00007ff9bea30000 - 0x00007ff9bea47000 	C:\Users\adams\AppData\Local\JetBrains\Toolbox\apps\AndroidStudio\ch-0\213.7172.25.2113.9014738\jre\bin\VCRUNTIME140.dll
0x00007ff9cb840000 - 0x00007ff9cb9e1000 	C:\WINDOWS\System32\USER32.dll
0x00007ff9c99a0000 - 0x00007ff9c99c2000 	C:\WINDOWS\System32\win32u.dll
0x00007ff9bd890000 - 0x00007ff9bdb2a000 	C:\WINDOWS\WinSxS\amd64_microsoft.windows.common-controls_6595b64144ccf1df_6.0.19041.1110_none_60b5254171f9507e\COMCTL32.dll
0x00007ff9cb5b0000 - 0x00007ff9cb5db000 	C:\WINDOWS\System32\GDI32.dll
0x00007ff9ca030000 - 0x00007ff9ca0ce000 	C:\WINDOWS\System32\msvcrt.dll
0x00007ff9c9400000 - 0x00007ff9c950f000 	C:\WINDOWS\System32\gdi32full.dll
0x00007ff9c9900000 - 0x00007ff9c999d000 	C:\WINDOWS\System32\msvcp_win.dll
0x00007ff9c9e70000 - 0x00007ff9c9ea2000 	C:\WINDOWS\System32\IMM32.DLL
0x00007ff9a1400000 - 0x00007ff9a149d000 	C:\Users\adams\AppData\Local\JetBrains\Toolbox\apps\AndroidStudio\ch-0\213.7172.25.2113.9014738\jre\bin\msvcp140.dll
0x00007ff959f80000 - 0x00007ff95aa82000 	C:\Users\adams\AppData\Local\JetBrains\Toolbox\apps\AndroidStudio\ch-0\213.7172.25.2113.9014738\jre\bin\server\jvm.dll
0x00007ff9ca510000 - 0x00007ff9ca5be000 	C:\WINDOWS\System32\ADVAPI32.dll
0x00007ff9cb5f0000 - 0x00007ff9cb68c000 	C:\WINDOWS\System32\sechost.dll
0x00007ff9ca5c0000 - 0x00007ff9ca6e5000 	C:\WINDOWS\System32\RPCRT4.dll
0x00007ff9cb5e0000 - 0x00007ff9cb5e8000 	C:\WINDOWS\System32\PSAPI.DLL
0x00007ff9c3280000 - 0x00007ff9c328a000 	C:\WINDOWS\SYSTEM32\VERSION.dll
0x00007ff9c6750000 - 0x00007ff9c6759000 	C:\WINDOWS\SYSTEM32\WSOCK32.dll
0x00007ff9bfe90000 - 0x00007ff9bfeb7000 	C:\WINDOWS\SYSTEM32\WINMM.dll
0x00007ff9c9c90000 - 0x00007ff9c9cfb000 	C:\WINDOWS\System32\WS2_32.dll
0x00007ff9c7000000 - 0x00007ff9c7012000 	C:\WINDOWS\SYSTEM32\kernel.appcore.dll
0x00007ff9bff00000 - 0x00007ff9bff11000 	C:\Users\adams\AppData\Local\JetBrains\Toolbox\apps\AndroidStudio\ch-0\213.7172.25.2113.9014738\jre\bin\verify.dll
0x00007ff9be490000 - 0x00007ff9be674000 	C:\WINDOWS\SYSTEM32\DBGHELP.DLL
0x00007ff9b6800000 - 0x00007ff9b6835000 	C:\WINDOWS\SYSTEM32\dbgcore.DLL
0x00007ff9c9660000 - 0x00007ff9c96e2000 	C:\WINDOWS\System32\bcryptPrimitives.dll
0x00007ff9bfca0000 - 0x00007ff9bfcc9000 	C:\Users\adams\AppData\Local\JetBrains\Toolbox\apps\AndroidStudio\ch-0\213.7172.25.2113.9014738\jre\bin\java.dll
0x00007ff9c6730000 - 0x00007ff9c673b000 	C:\Users\adams\AppData\Local\JetBrains\Toolbox\apps\AndroidStudio\ch-0\213.7172.25.2113.9014738\jre\bin\jimage.dll
0x00007ff9bdd40000 - 0x00007ff9bdd58000 	C:\Users\adams\AppData\Local\JetBrains\Toolbox\apps\AndroidStudio\ch-0\213.7172.25.2113.9014738\jre\bin\zip.dll
0x00007ff9ca6f0000 - 0x00007ff9cae34000 	C:\WINDOWS\System32\SHELL32.dll
0x00007ff9c7200000 - 0x00007ff9c7992000 	C:\WINDOWS\SYSTEM32\windows.storage.dll
0x00007ff9ca0d0000 - 0x00007ff9ca425000 	C:\WINDOWS\System32\combase.dll
0x00007ff9c8b80000 - 0x00007ff9c8bb0000 	C:\WINDOWS\SYSTEM32\Wldp.dll
0x00007ff9c9d00000 - 0x00007ff9c9dad000 	C:\WINDOWS\System32\SHCORE.dll
0x00007ff9c9a70000 - 0x00007ff9c9ac5000 	C:\WINDOWS\System32\shlwapi.dll
0x00007ff9c9060000 - 0x00007ff9c907f000 	C:\WINDOWS\SYSTEM32\profapi.dll
0x00007ff9bdb50000 - 0x00007ff9bdb6a000 	C:\Users\adams\AppData\Local\JetBrains\Toolbox\apps\AndroidStudio\ch-0\213.7172.25.2113.9014738\jre\bin\net.dll
0x00007ff9c2630000 - 0x00007ff9c273c000 	C:\WINDOWS\SYSTEM32\WINHTTP.dll
0x00007ff9c88e0000 - 0x00007ff9c894a000 	C:\WINDOWS\system32\mswsock.dll
0x00007ff9b6680000 - 0x00007ff9b6694000 	C:\Users\adams\AppData\Local\JetBrains\Toolbox\apps\AndroidStudio\ch-0\213.7172.25.2113.9014738\jre\bin\nio.dll
0x0000000065c00000 - 0x0000000065c29000 	C:\Users\adams\AppData\Local\Temp\libgdxadams\e787ab0a\gdx64.dll
0x00007ff9a53d0000 - 0x00007ff9a5445000 	C:\Users\adams\AppData\Local\Temp\lwjgladams\3.3.1-build-7\lwjgl.dll
0x00007ff979e90000 - 0x00007ff97a0e9000 	C:\Users\adams\AppData\Local\Temp\lwjgladams\3.3.1-build-7\jemalloc.dll
0x00007ff9a5360000 - 0x00007ff9a53c1000 	C:\Users\adams\AppData\Local\Temp\lwjgladams\3.3.1-build-7\glfw.dll
0x00007ff9ad240000 - 0x00007ff9ad285000 	C:\WINDOWS\SYSTEM32\dinput8.dll
0x00007ff990680000 - 0x00007ff990691000 	C:\WINDOWS\SYSTEM32\xinput1_4.dll
0x00007ff9c9510000 - 0x00007ff9c955e000 	C:\WINDOWS\System32\cfgmgr32.dll
0x00007ff9c8ed0000 - 0x00007ff9c8efc000 	C:\WINDOWS\SYSTEM32\DEVOBJ.dll
0x00007ff9c6e20000 - 0x00007ff9c6e4f000 	C:\WINDOWS\SYSTEM32\dwmapi.dll
0x00007ff9bce20000 - 0x00007ff9bcf72000 	C:\WINDOWS\SYSTEM32\inputhost.dll
0x00007ff9c9f60000 - 0x00007ff9ca02d000 	C:\WINDOWS\System32\OLEAUT32.dll
0x00007ff9c6630000 - 0x00007ff9c6722000 	C:\WINDOWS\SYSTEM32\CoreMessaging.dll
0x00007ff9c4e00000 - 0x00007ff9c4f54000 	C:\WINDOWS\SYSTEM32\wintypes.dll
0x00007ff9c4a50000 - 0x00007ff9c4b46000 	C:\WINDOWS\SYSTEM32\PROPSYS.dll
0x00007ff9c62d0000 - 0x00007ff9c662e000 	C:\WINDOWS\SYSTEM32\CoreUIComponents.dll
0x00007ff9c82b0000 - 0x00007ff9c82e3000 	C:\WINDOWS\SYSTEM32\ntmarta.dll
0x00007ff9c6b10000 - 0x00007ff9c6bae000 	C:\WINDOWS\system32\uxtheme.dll
0x00007ff9cb490000 - 0x00007ff9cb5a5000 	C:\WINDOWS\System32\MSCTF.dll
0x00007ff9792a0000 - 0x00007ff979437000 	C:\Users\adams\AppData\Local\Temp\lwjgladams\3.3.1-build-7\OpenAL.dll
0x00007ff9c9b60000 - 0x00007ff9c9c8a000 	C:\WINDOWS\System32\ole32.dll
0x00007ff9c9eb0000 - 0x00007ff9c9f5f000 	C:\WINDOWS\System32\clbcatq.dll
0x00007ff9c3040000 - 0x00007ff9c30c5000 	C:\WINDOWS\System32\MMDevApi.dll
0x00007ff9c2d70000 - 0x00007ff9c2ef2000 	C:\WINDOWS\SYSTEM32\AUDIOSES.DLL
0x00007ff9c86a0000 - 0x00007ff9c86eb000 	C:\WINDOWS\SYSTEM32\powrprof.dll
0x00007ff9c8560000 - 0x00007ff9c8572000 	C:\WINDOWS\SYSTEM32\UMPDC.dll
0x00007ff9c6c10000 - 0x00007ff9c6c24000 	C:\WINDOWS\SYSTEM32\resourcepolicyclient.dll
0x00007ff9790b0000 - 0x00007ff9791d5000 	C:\WINDOWS\SYSTEM32\opengl32.dll
0x00007ff9b57b0000 - 0x00007ff9b57dc000 	C:\WINDOWS\SYSTEM32\GLU32.dll
0x00007ff9c4370000 - 0x00007ff9c4467000 	C:\Windows\System32\AppXDeploymentClient.dll
0x00007ff95c710000 - 0x00007ff95f8c9000 	C:\WINDOWS\System32\DriverStore\FileRepository\nv_dispig.inf_amd64_ee20464bb4ac57f4\nvoglv64.dll
0x00007ff9cae50000 - 0x00007ff9cb2b8000 	C:\WINDOWS\System32\SETUPAPI.dll
0x00007ff9c9a40000 - 0x00007ff9c9a67000 	C:\WINDOWS\System32\bcrypt.dll
0x00007ff9c4bb0000 - 0x00007ff9c4bc4000 	C:\WINDOWS\SYSTEM32\WTSAPI32.dll
0x00007ff9c8af0000 - 0x00007ff9c8afc000 	C:\WINDOWS\SYSTEM32\CRYPTBASE.DLL
0x00007ff9c8d10000 - 0x00007ff9c8d22000 	C:\WINDOWS\SYSTEM32\msasn1.dll
0x00007ff9c3210000 - 0x00007ff9c3241000 	C:\WINDOWS\SYSTEM32\cryptnet.dll
0x00007ff9c96f0000 - 0x00007ff9c9846000 	C:\WINDOWS\System32\CRYPT32.dll
0x00007ff9c2a60000 - 0x00007ff9c2ba8000 	C:\WINDOWS\SYSTEM32\drvstore.dll
0x00007ff9c99d0000 - 0x00007ff9c9a39000 	C:\WINDOWS\System32\WINTRUST.dll
0x00007ff9c1350000 - 0x00007ff9c138b000 	C:\WINDOWS\SYSTEM32\dxcore.dll
0x00007ff9748e0000 - 0x00007ff974baf000 	C:\WINDOWS\system32\nvspcap64.dll
0x00007ff9c7e20000 - 0x00007ff9c7e84000 	C:\WINDOWS\SYSTEM32\WINSTA.dll
0x00007ff9ad180000 - 0x00007ff9ad1dd000 	C:\Users\adams\AppData\Local\Temp\lwjgladams\3.3.1-build-7\lwjgl_opengl.dll
0x00007ff9bf2d0000 - 0x00007ff9bf3c9000 	C:\WINDOWS\SYSTEM32\textinputframework.dll
0x0000000065ba0000 - 0x0000000065bfa000 	C:\Users\adams\AppData\Local\Temp\libgdxadams\888fe1bc\gdx-box2d64.dll

dbghelp: loaded successfully - version: 4.0.5 - missing functions: none
symbol engine: initialized successfully - sym options: 0x614 - pdb path: .;C:\Users\adams\AppData\Local\JetBrains\Toolbox\apps\AndroidStudio\ch-0\213.7172.25.2113.9014738\jre\bin;C:\WINDOWS\SYSTEM32;C:\WINDOWS\WinSxS\amd64_microsoft.windows.common-controls_6595b64144ccf1df_6.0.19041.1110_none_60b5254171f9507e;C:\Users\adams\AppData\Local\JetBrains\Toolbox\apps\AndroidStudio\ch-0\213.7172.25.2113.9014738\jre\bin\server;C:\Users\adams\AppData\Local\Temp\libgdxadams\e787ab0a;C:\Users\adams\AppData\Local\Temp\lwjgladams\3.3.1-build-7;C:\WINDOWS\System32\DriverStore\FileRepository\nv_dispig.inf_amd64_ee20464bb4ac57f4;C:\Users\adams\AppData\Local\Temp\libgdxadams\888fe1bc

VM Arguments:
jvm_args: -Dfile.encoding=windows-1250 -Duser.country=PL -Duser.language=pl -Duser.variant 
java_command: com.mygdx.game.DesktopLauncher
java_class_path (initial): C:\Programowanie\Mario\desktop\build\classes\java\main;C:\Programowanie\Mario\desktop\build\resources\main;C:\Users\adams\.gradle\caches\modules-2\files-2.1\com.badlogicgames.gdx\gdx-backend-lwjgl3\1.11.0\58a96db4cd349be4292d547856aa1e1c5f065f4e\gdx-backend-lwjgl3-1.11.0.jar;C:\Users\adams\.gradle\caches\modules-2\files-2.1\com.badlogicgames.gdx\gdx-platform\1.11.0\697fb13eada6d3c6ca648c9788692b0159add126\gdx-platform-1.11.0-natives-desktop.jar;C:\Users\adams\.gradle\caches\modules-2\files-2.1\com.badlogicgames.gdx\gdx-box2d-platform\1.11.0\62ff9baa1e57a11e0a4428a38c9660bf9f312fdc\gdx-box2d-platform-1.11.0-natives-desktop.jar;C:\Programowanie\Mario\core\build\libs\core-1.0.jar;C:\Users\adams\.gradle\caches\modules-2\files-2.1\com.badlogicgames.gdx\gdx-box2d\1.11.0\ad4facee800dd945d6d6e93dea2936bc135b5f\gdx-box2d-1.11.0.jar;C:\Users\adams\.gradle\caches\modules-2\files-2.1\com.badlogicgames.gdx\gdx\1.11.0\ffe1206d1004cd9e40027e28964be0fea0399af7\gdx-1.11.0.jar;C:\Users\adams\.gradle\caches\modules-2\files-2.1\org.lwjgl\lwjgl-glfw\3.3.1\cbac1b8d30cb4795149c1ef540f912671a8616d0\lwjgl-glfw-3.3.1.jar;C:\Users\adams\.gradle\caches\modules-2\files-2.1\org.lwjgl\lwjgl-glfw\3.3.1\81716978214ecbda15050ca394b06ef61501a49e\lwjgl-glfw-3.3.1-natives-linux.jar;C:\Users\adams\.gradle\caches\modules-2\files-2.1\org.lwjgl\lwjgl-glfw\3.3.1\816d935933f2dd743074c4e717cc25b55720f294\lwjgl-glfw-3.3.1-natives-linux-arm32.jar;C:\Users\adams\.gradle\caches\modules-2\files-2.1\org.lwjgl\lwjgl-glfw\3.3.1\513eb39b866d0fe131a18d5c517087805433b029\lwjgl-glfw-3.3.1-natives-linux-arm64.jar;C:\Users\adams\.gradle\caches\modules-2\files-2.1\org.lwjgl\lwjgl-glfw\3.3.1\9ec4ce1fc8c85fdef03ef4ff2aace6f5775fb280\lwjgl-glfw-3.3.1-natives-macos.jar;C:\Users\adams\.gradle\caches\modules-2\files-2.1\org.lwjgl\lwjgl-glfw\3.3.1\cac0d3f712a3da7641fa174735a5f315de7ffe0a\lwjgl-glfw-3.3.1-natives-macos-arm64.jar;C:\Users\adams\.gradle\caches\modules-2\files-2.1\org.lwjgl\lwjgl-glfw\3.3.
Launcher Type: SUN_STANDARD

[Global flags]
     intx CICompilerCount                          = 4                                         {product} {ergonomic}
     uint ConcGCThreads                            = 3                                         {product} {ergonomic}
     uint G1ConcRefinementThreads                  = 10                                        {product} {ergonomic}
   size_t G1HeapRegionSize                         = 1048576                                   {product} {ergonomic}
    uintx GCDrainStackTargetSize                   = 64                                        {product} {ergonomic}
   size_t InitialHeapSize                          = 266338304                                 {product} {ergonomic}
   size_t MarkStackSize                            = 4194304                                   {product} {ergonomic}
   size_t MaxHeapSize                              = 4261412864                                {product} {ergonomic}
   size_t MaxNewSize                               = 2556428288                                {product} {ergonomic}
   size_t MinHeapDeltaBytes                        = 1048576                                   {product} {ergonomic}
    uintx NonNMethodCodeHeapSize                   = 5836300                                {pd product} {ergonomic}
    uintx NonProfiledCodeHeapSize                  = 122910970                              {pd product} {ergonomic}
    uintx ProfiledCodeHeapSize                     = 122910970                              {pd product} {ergonomic}
    uintx ReservedCodeCacheSize                    = 251658240                              {pd product} {ergonomic}
     bool SegmentedCodeCache                       = true                                      {product} {ergonomic}
     bool UseCompressedClassPointers               = true                                 {lp64_product} {ergonomic}
     bool UseCompressedOops                        = true                                 {lp64_product} {ergonomic}
     bool UseG1GC                                  = true                                      {product} {ergonomic}
     bool UseLargePagesIndividualAllocation        = false                                  {pd product} {ergonomic}

Logging:
Log output configuration:
 #0: stdout all=warning uptime,level,tags
 #1: stderr all=off uptime,level,tags

Environment Variables:
PATH=C:\Program Files\Microsoft\jdk-11.0.12.7-hotspot\bin;C:\Program Files\Common Files\Oracle\Java\javapath;C:\Program Files (x86)\Razer Chroma SDK\bin;C:\Program Files\Razer Chroma SDK\bin;C:\Program Files (x86)\Razer\ChromaBroadcast\bin;C:\Program Files\Razer\ChromaBroadcast\bin;C:\WINDOWS\system32;C:\WINDOWS;C:\WINDOWS\System32\Wbem;C:\WINDOWS\System32\WindowsPowerShell\v1.0\;C:\WINDOWS\System32\OpenSSH\;C:\Program Files (x86)\NVIDIA Corporation\PhysX\Common;C:\Program Files\NVIDIA Corporation\NVIDIA NvDLISR;C:\Program Files\MATLAB\R2021b\bin;C:\Program Files (x86)\dotnet\;C:\WINDOWS\system32\config\systemprofile\AppData\Local\Microsoft\WindowsApps;C:\Program Files\Git\cmd;C:\Program Files\dotnet\;C:\Users\adams\AppData\Local\Microsoft\WindowsApps;C:\Program Files\Java\jdk-17.0.5\bin;C:\Program Files\JetBrains\IntelliJ IDEA 2022.2.3\bin;C:\Users\adams\.dotnet\tools
USERNAME=adams
OS=Windows_NT
PROCESSOR_IDENTIFIER=Intel64 Family 6 Model 167 Stepping 1, GenuineIntel



---------------  S Y S T E M  ---------------

OS: Windows 10 , 64 bit Build 19041 (10.0.19041.2364)
OS uptime: 1 days 14:52 hours

CPU:total 12 (initial active 12) (6 cores per cpu, 2 threads per core) family 6 model 167 stepping 1 microcode 0x40, cmov, cx8, fxsr, mmx, sse, sse2, sse3, ssse3, sse4.1, sse4.2, popcnt, avx, avx2, aes, clmul, erms, 3dnowpref, lzcnt, ht, tsc, tscinvbit, bmi1, bmi2, adx, evex, sha, fma

Memory: 4k page, system-wide physical 16253M (7020M free)
TotalPageFile size 18685M (AvailPageFile size 6370M)
current process WorkingSet (physical memory assigned to process): 158M, peak: 160M
current process commit charge ("private bytes"): 438M, peak: 441M

vm_info: OpenJDK 64-Bit Server VM (11.0.13+0-b1751.21-8125866) for windows-amd64 JRE (11.0.13+0-b1751.21-8125866), built on Feb  2 2022 03:00:22 by "builder" with MS VC++ 14.0 (VS2015)

END.
